Log file open, 12/11/18 00:30:05
LogWindows: Failed to load 'aqProf.dll' (GetLastError=126)
LogWindows: File 'aqProf.dll' does not exist
LogWindows: Failed to load 'VSPerf140.dll' (GetLastError=126)
LogWindows: File 'VSPerf140.dll' does not exist
LogWindows: Failed to load 'VtuneApi.dll' (GetLastError=126)
LogWindows: File 'VtuneApi.dll' does not exist
LogWindows: Failed to load 'VtuneApi32e.dll' (GetLastError=126)
LogWindows: File 'VtuneApi32e.dll' does not exist
LogInit: Display: Running engine for game: SibStory
LogPlatformFile: Not using cached read wrapper
LogTaskGraph: Started task graph with 5 named threads and 23 total threads with 3 sets of task threads.
LogStats: Stats thread started at 0.292977
LogD3D11RHI: Loaded GFSDK_Aftermath_Lib.x64.dll
LogICUInternationalization: Display: ICU TimeZone Detection - Raw Offset: +7:00, Platform Override: ''
LogPluginManager: Mounting plugin Paper2D
LogPluginManager: Mounting plugin AISupport
LogPluginManager: Mounting plugin LightPropagationVolume
LogPluginManager: Mounting plugin CLionSourceCodeAccess
LogPluginManager: Mounting plugin CodeLiteSourceCodeAccess
LogPluginManager: Mounting plugin GitSourceControl
LogPluginManager: Mounting plugin KDevelopSourceCodeAccess
LogPluginManager: Mounting plugin NullSourceCodeAccess
LogPluginManager: Mounting plugin PerforceSourceControl
LogPluginManager: Mounting plugin SubversionSourceControl
LogPluginManager: Mounting plugin UObjectPlugin
LogPluginManager: Mounting plugin VisualStudioCodeSourceCodeAccess
LogPluginManager: Mounting plugin VisualStudioSourceCodeAccess
LogPluginManager: Mounting plugin XCodeSourceCodeAccess
LogPluginManager: Mounting plugin AssetManagerEditor
LogPluginManager: Mounting plugin CryptoKeys
LogPluginManager: Mounting plugin DataValidation
LogPluginManager: Mounting plugin FacialAnimation
LogPluginManager: Mounting plugin GameplayTagsEditor
LogPluginManager: Mounting plugin MacGraphicsSwitching
LogPluginManager: Mounting plugin MeshEditor
LogPluginManager: Mounting plugin MobileLauncherProfileWizard
LogPluginManager: Mounting plugin PluginBrowser
LogPluginManager: Mounting plugin SpeedTreeImporter
LogPluginManager: Mounting plugin DatasmithContent
LogPluginManager: Mounting plugin AlembicImporter
LogPluginManager: Mounting plugin AppleImageUtils
LogPluginManager: Mounting plugin AppleVision
LogPluginManager: Mounting plugin BackChannel
LogPluginManager: Mounting plugin CharacterAI
LogPluginManager: Mounting plugin GeometryCache
LogPluginManager: Mounting plugin HTML5Networking
LogPluginManager: Mounting plugin ProxyLODPlugin
LogPluginManager: Mounting plugin MagicLeap
LogPluginManager: Mounting plugin MagicLeapEmulator
LogPluginManager: Mounting plugin MagicLeapMedia
LogPluginManager: Mounting plugin DlgSystem
LogPluginManager: Mounting plugin AndroidMedia
LogPluginManager: Mounting plugin AvfMedia
LogPluginManager: Mounting plugin ImgMedia
LogPluginManager: Mounting plugin LinearTimecode
LogPluginManager: Mounting plugin MediaCompositing
LogPluginManager: Mounting plugin MediaPlayerEditor
LogPluginManager: Mounting plugin WmfMedia
LogPluginManager: Mounting plugin TcpMessaging
LogPluginManager: Mounting plugin UdpMessaging
LogPluginManager: Mounting plugin ActorSequence
LogPluginManager: Mounting plugin LevelSequenceEditor
LogPluginManager: Mounting plugin MatineeToLevelSequence
LogPluginManager: Mounting plugin NetcodeUnitTest
LogPluginManager: Mounting plugin NUTUnrealEngine4
LogPluginManager: Mounting plugin OnlineSubsystemGooglePlay
LogPluginManager: Mounting plugin OnlineSubsystemIOS
LogPluginManager: Mounting plugin OnlineSubsystem
LogPluginManager: Mounting plugin OnlineSubsystemNull
LogPluginManager: Mounting plugin OnlineSubsystemUtils
LogPluginManager: Mounting plugin LauncherChunkInstaller
LogPluginManager: Mounting plugin AndroidDeviceProfileSelector
LogPluginManager: Mounting plugin AndroidMoviePlayer
LogPluginManager: Mounting plugin AndroidPermission
LogPluginManager: Mounting plugin AppleMoviePlayer
LogPluginManager: Mounting plugin ArchVisCharacter
LogPluginManager: Mounting plugin AudioCapture
LogPluginManager: Mounting plugin CableComponent
LogPluginManager: Mounting plugin CustomMeshComponent
LogPluginManager: Mounting plugin EditableMesh
LogPluginManager: Mounting plugin ExampleDeviceProfileSelector
LogPluginManager: Mounting plugin GoogleCloudMessaging
LogPluginManager: Mounting plugin ImmediatePhysics
LogPluginManager: Mounting plugin IOSDeviceProfileSelector
LogPluginManager: Mounting plugin LinuxDeviceProfileSelector
LogPluginManager: Mounting plugin LocationServicesBPLibrary
LogPluginManager: Mounting plugin MobilePatchingUtils
LogPluginManager: Mounting plugin OculusVR
LogPluginManager: Plugin shader directory ../../../Engine/Plugins/Runtime/Oculus/OculusVR/Shaders found
LogPluginManager: Mapping shader source directory ../../../Engine/Plugins/Runtime/Oculus/OculusVR/Shaders to virtual directory /Plugin/OculusVR
LogPluginManager: Mounting plugin PhysXVehicles
LogPluginManager: Mounting plugin ProceduralMeshComponent
LogPluginManager: Mounting plugin RuntimePhysXCooking
LogPluginManager: Mounting plugin SteamVR
LogPluginManager: Mounting plugin WindowsMoviePlayer
LogStreaming: Display: Took  0.060s to configure plugins.
LogInit: Using libcurl 7.55.1-DEV
LogInit:  - built for x86_64-pc-win32
LogInit:  - supports SSL with OpenSSL/1.0.2h
LogInit:  - supports HTTP deflate (compression) using libz 1.2.8
LogInit:  - other features:
LogInit:      CURL_VERSION_SSL
LogInit:      CURL_VERSION_LIBZ
LogInit:      CURL_VERSION_IPV6
LogInit:      CURL_VERSION_ASYNCHDNS
LogInit:      CURL_VERSION_LARGEFILE
LogInit:      CURL_VERSION_IDN
LogInit:  CurlRequestOptions (configurable via config and command line):
LogInit:  - bVerifyPeer = false  - Libcurl will NOT verify peer certificate
LogInit:  - bUseHttpProxy = false  - Libcurl will NOT use HTTP proxy
LogInit:  - bDontReuseConnections = false  - Libcurl will reuse connections
LogInit:  - CertBundlePath = nullptr  - Libcurl will use whatever was configured at build time.
LogInit:  - MaxHostConnections = 16  - Libcurl will limit the number of connections to a host
LogInit:  - LocalHostAddr = Default
LogInit:  - BufferSize = 65536
LogInit: WinSock: version 1.1 (2.2), MaxSocks=32767, MaxUdp=65467
LogInit: Build: ++UE4+Release-4.20-CL-4369336
LogInit: Engine Version: 4.20.3-4369336+++UE4+Release-4.20
LogInit: Compatible Engine Version: 4.20.0-4212847+++UE4+Release-4.20
LogInit: Net CL: 4212847
LogInit: OS: Windows 10 (), CPU:         Intel(R) Core(TM) i7-2600 CPU @ 3.40GHz, GPU: NVIDIA GeForce GTX 550 Ti
LogInit: Compiled (64-bit): Sep 17 2018 12:26:19
LogInit: Compiled with Visual C++: 19.13.26129.00
LogInit: Build Configuration: Development
LogInit: Branch Name: ++UE4+Release-4.20
LogInit: Command Line:  /Game/Maps/MainLevel -game -PIEVIACONSOLE -ResX=640 -ResY=1136  -Multiprocess -messaging -SessionName="Play in Standalone Game" -featureleveles2 -faketouches -windowed -ForceRes 
LogInit: Base Directory: D:/Program Files (x86)/Epic Games/UE_4.20/Engine/Binaries/Win64/
LogInit: Installed Engine Build: 1
LogDevObjectVersion: Number of dev versions registered: 20
LogDevObjectVersion:   Dev-Blueprints (B0D832E4-1F89-4F0D-ACCF-7EB736FD4AA2): 10
LogDevObjectVersion:   Dev-Build (E1C64328-A22C-4D53-A36C-8E866417BD8C): 0
LogDevObjectVersion:   Dev-Core (375EC13C-06E4-48FB-B500-84F0262A717E): 2
LogDevObjectVersion:   Dev-Editor (E4B068ED-F494-42E9-A231-DA0B2E46BB41): 24
LogDevObjectVersion:   Dev-Framework (CFFC743F-43B0-4480-9391-14DF171D2073): 34
LogDevObjectVersion:   Dev-Mobile (B02B49B5-BB20-44E9-A304-32B752E40360): 2
LogDevObjectVersion:   Dev-Networking (A4E4105C-59A1-49B5-A7C5-40C4547EDFEE): 0
LogDevObjectVersion:   Dev-Online (39C831C9-5AE6-47DC-9A44-9C173E1C8E7C): 0
LogDevObjectVersion:   Dev-Physics (78F01B33-EBEA-4F98-B9B4-84EACCB95AA2): 0
LogDevObjectVersion:   Dev-Platform (6631380F-2D4D-43E0-8009-CF276956A95A): 0
LogDevObjectVersion:   Dev-Rendering (12F88B9F-8875-4AFC-A67C-D90C383ABD29): 26
LogDevObjectVersion:   Dev-Sequencer (7B5AE74C-D270-4C10-A958-57980B212A5A): 9
LogDevObjectVersion:   Dev-VR (D7296918-1DD6-4BDD-9DE2-64A83CC13884): 2
LogDevObjectVersion:   Dev-LoadTimes (C2A15278-BFE7-4AFE-6C17-90FF531DF755): 1
LogDevObjectVersion:   Private-Geometry (6EACA3D4-40EC-4CC1-B786-8BED09428FC5): 3
LogDevObjectVersion:   Dev-AnimPhys (29E575DD-E0A3-4627-9D10-D276232CDCEA): 17
LogDevObjectVersion:   Dev-ReflectionCapture (6B266CEC-1EC7-4B8F-A30B-E4D90942FC07): 1
LogDevObjectVersion:   Dev-Automation (0DF73D61-A23F-47EA-B727-89E90C41499A): 1
LogDevObjectVersion:   FortniteMain (601D1886-AC64-4F84-AA16-D3DE0DEAC7D6): 12
LogDevObjectVersion:   Dev-Enterprise (9DFFBCD6-494F-0158-E221-12823C92A888): 1
LogStreaming: Display: Took  0.000s to delete old logs.
LogInit: Presizing for max 8388607 objects, including 0 objects not considered by GC, pre-allocating 0 bytes for permanent pool.
LogInit: Object subsystem initialized
[2018.12.10-17.30.05:367][  0]LogInit: Selected Device Profile: [Windows]
[2018.12.10-17.30.05:367][  0]LogInit: Applying CVar settings loaded from the selected device profile: [Windows]
[2018.12.10-17.30.05:371][  0]LogHAL: Display: Platform has ~ 16 GB [17162153984 / 17179869184 / 16], which maps to Larger [LargestMinGB=32, LargerMinGB=12, DefaultMinGB=8, SmallerMinGB=6, SmallestMinGB=0)
[2018.12.10-17.30.05:372][  0]LogInit: Setting Device Profile CVar: [[r.Vulkan.UseRealUBs:1]]
[2018.12.10-17.30.05:372][  0]LogInit: Going up to parent DeviceProfile []
[2018.12.10-17.30.05:372][  0]LogInit: Computer: DESKTOP-7BC9OFJ
[2018.12.10-17.30.05:372][  0]LogInit: User: kalav
[2018.12.10-17.30.05:372][  0]LogInit: CPU Page size=4096, Cores=4
[2018.12.10-17.30.05:372][  0]LogInit: High frequency timer resolution =3.312791 MHz
[2018.12.10-17.30.05:372][  0]LogMemory: Memory total: Physical=16.0GB (16GB approx)
[2018.12.10-17.30.05:372][  0]LogMemory: Platform Memory Stats for Windows
[2018.12.10-17.30.05:372][  0]LogMemory: Process Physical Memory: 100.77 MB used, 100.77 MB peak
[2018.12.10-17.30.05:372][  0]LogMemory: Process Virtual Memory: 92.82 MB used, 92.82 MB peak
[2018.12.10-17.30.05:372][  0]LogMemory: Physical Memory: 6550.15 MB used,  9816.96 MB free, 16367.11 MB total
[2018.12.10-17.30.05:372][  0]LogMemory: Virtual Memory: 4646.96 MB used,  9816.96 MB free, 134217728.00 MB total
[2018.12.10-17.30.05:389][  0]LogInit: Using OS detected language (ru-RU).
[2018.12.10-17.30.05:389][  0]LogInit: Using OS detected locale (ru-RU).
[2018.12.10-17.30.05:390][  0]LogTextLocalizationManager: No specific localization for 'ru-RU' exists, so the 'ru' localization will be used.
[2018.12.10-17.30.05:394][  0]LogStreaming: Display: Took  0.005s to InitEngineTextLocalization.
[2018.12.10-17.30.05:418][  0]LogSlate: New Slate User Created.  User Index 0, Is Virtual User: 0
[2018.12.10-17.30.05:418][  0]LogSlate: Slate User Registered.  User Index 0, Is Virtual User: 0
[2018.12.10-17.30.05:423][  0]LogHMD: Failed to initialize OpenVR with code 110
[2018.12.10-17.30.05:423][  0]LogD3D11RHI: D3D11 adapters:
[2018.12.10-17.30.05:467][  0]LogD3D11RHI:    0. 'NVIDIA GeForce GTX 550 Ti' (Feature Level 11_0)
[2018.12.10-17.30.05:467][  0]LogD3D11RHI:       977/0/8183 MB DedicatedVideo/DedicatedSystem/SharedSystem, Outputs:2, VendorId:0x10de
[2018.12.10-17.30.05:469][  0]LogD3D11RHI:    1. 'Microsoft Basic Render Driver' (Feature Level 11_0)
[2018.12.10-17.30.05:469][  0]LogD3D11RHI:       0/0/8183 MB DedicatedVideo/DedicatedSystem/SharedSystem, Outputs:0, VendorId:0x1414
[2018.12.10-17.30.05:469][  0]LogD3D11RHI: Chosen D3D11 Adapter: 0
[2018.12.10-17.30.05:474][  0]LogD3D11RHI: Creating new Direct3DDevice
[2018.12.10-17.30.05:475][  0]LogD3D11RHI:     GPU DeviceId: 0x1244 (for the marketing name, search the web for "GPU Device Id")
[2018.12.10-17.30.05:475][  0]LogWindows: EnumDisplayDevices:
[2018.12.10-17.30.05:475][  0]LogWindows:    0. 'NVIDIA GeForce GTX 550 Ti' (P:0 D:1)
[2018.12.10-17.30.05:475][  0]LogWindows:    1. 'NVIDIA GeForce GTX 550 Ti' (P:1 D:1)
[2018.12.10-17.30.05:475][  0]LogWindows: DebugString: FoundDriverCount:2 
[2018.12.10-17.30.05:475][  0]LogD3D11RHI:     Adapter Name: NVIDIA GeForce GTX 550 Ti
[2018.12.10-17.30.05:475][  0]LogD3D11RHI:   Driver Version: 388.13 (internal:23.21.13.8813, unified:388.13)
[2018.12.10-17.30.05:475][  0]LogD3D11RHI:      Driver Date: 10-27-2017
[2018.12.10-17.30.05:475][  0]LogRHI: Texture pool is 683 MB (70% of 977 MB)
[2018.12.10-17.30.05:510][  0]LogD3D11RHI: Display: Timestamp queries are currently disabled on this hardware due to instability. Realtime GPU stats will not be available. You can override this behaviour by setting r.NVIDIATimestampWorkaround to 0
[2018.12.10-17.30.05:510][  0]LogD3D11RHI: Async texture creation enabled
[2018.12.10-17.30.05:521][  0]LogD3D11RHI: GPU Timing Frequency: 1000.000000 (Debug: 2 1)
[2018.12.10-17.30.05:569][  0]LogShaderCompilers: Guid format shader working directory is -18 characters bigger than the processId version (../../../../../../Users/kalav/Documents/Unreal Projects/SibStory/Intermediate/Shaders/WorkingDirectory/9760/).
[2018.12.10-17.30.05:570][  0]LogShaderCompilers: Cleaned the shader compiler working directory 'C:/Users/kalav/AppData/Local/Temp/UnrealShaderWorkingDir/B65FDEB540D11CA865B9F6BF307C2818/'.
[2018.12.10-17.30.05:858][  0]LogTemp: Display: Loaded TP WindowsClientTargetPlatform
[2018.12.10-17.30.05:874][  0]LogTemp: Display: Loaded TP WindowsNoEditorTargetPlatform
[2018.12.10-17.30.05:889][  0]LogTemp: Display: Loaded TP WindowsServerTargetPlatform
[2018.12.10-17.30.05:905][  0]LogTemp: Display: Loaded TP WindowsTargetPlatform
[2018.12.10-17.30.05:905][  0]LogTargetPlatformManager: Display: Building Assets For Windows
[2018.12.10-17.30.05:960][  0]LogXGEController: Cannot use XGE Controller as Incredibuild is not installed on this machine.
[2018.12.10-17.30.05:960][  0]LogShaderCompilers: Cannot use XGE Shader Compiler as Incredibuild is not installed on this machine.
[2018.12.10-17.30.05:960][  0]LogShaderCompilers: Display: Using Local Shader Compiler.
[2018.12.10-17.30.06:660][  0]LogDerivedDataCache: Display: Max Cache Size: 512 MB
[2018.12.10-17.30.06:722][  0]LogDerivedDataCache: Loaded boot cache 0.06s 71MB C:/Users/kalav/AppData/Local/UnrealEngine/4.20/DerivedDataCache/Boot.ddc.
[2018.12.10-17.30.06:722][  0]LogDerivedDataCache: Display: Loaded Boot cache: C:/Users/kalav/AppData/Local/UnrealEngine/4.20/DerivedDataCache/Boot.ddc
[2018.12.10-17.30.06:722][  0]LogDerivedDataCache: FDerivedDataBackendGraph:  Pak pak cache file ../../../../../../Users/kalav/Documents/Unreal Projects/SibStory/DerivedDataCache/DDC.ddp not found, will not use a pak cache.
[2018.12.10-17.30.06:722][  0]LogDerivedDataCache: Unable to find inner node Pak for hierarchical cache Hierarchy.
[2018.12.10-17.30.06:722][  0]LogDerivedDataCache: FDerivedDataBackendGraph:  CompressedPak pak cache file ../../../../../../Users/kalav/Documents/Unreal Projects/SibStory/DerivedDataCache/Compressed.ddp not found, will not use a pak cache.
[2018.12.10-17.30.06:722][  0]LogDerivedDataCache: Unable to find inner node CompressedPak for hierarchical cache Hierarchy.
[2018.12.10-17.30.06:737][  0]LogDerivedDataCache: Display: Pak cache opened for reading ../../../Engine/DerivedDataCache/Compressed.ddp.
[2018.12.10-17.30.06:749][  0]LogDerivedDataCache: Using Local data cache path C:/Users/kalav/AppData/Local/UnrealEngine/Common/DerivedDataCache: Writable
[2018.12.10-17.30.06:749][  0]LogDerivedDataCache: Shared data cache path not found in *engine.ini, will not use an Shared cache.
[2018.12.10-17.30.06:749][  0]LogDerivedDataCache: Unable to find inner node Shared for hierarchical cache Hierarchy.
[2018.12.10-17.30.06:755][  0]LogMaterial: Verifying Global Shaders for PCD3D_ES2
[2018.12.10-17.30.06:756][  0]LogSlate: Using FreeType 2.6.0
[2018.12.10-17.30.06:757][  0]LogSlate: SlateFontServices - WITH_FREETYPE: 1, WITH_HARFBUZZ: 1
[2018.12.10-17.30.06:813][  0]LogInit: Using OS detected language (ru-RU).
[2018.12.10-17.30.06:813][  0]LogInit: Using OS detected locale (ru-RU).
[2018.12.10-17.30.06:813][  0]LogTextLocalizationManager: No localization for 'ru-RU' exists, so 'en' will be used for the language.
[2018.12.10-17.30.06:813][  0]LogTextLocalizationManager: No localization for 'ru-RU' exists, so 'en' will be used for the locale.
[2018.12.10-17.30.07:209][  0]LogStreaming: Display: Took  0.397s to InitGameTextLocalization.
[2018.12.10-17.30.07:217][  0]LogAssetRegistry: FAssetRegistry took 0.0048 seconds to start up
[2018.12.10-17.30.07:478][  0]LogPackageLocalizationCache: Processed 12 localized package path(s) for 1 prioritized culture(s) in 0.021345 seconds
[2018.12.10-17.30.07:594][  0]LogInit: Selected Device Profile: [Windows]
[2018.12.10-17.30.07:716][  0]LogSimplygon: Simplygon DLL not present - disabling.
[2018.12.10-17.30.07:719][  0]LogMeshReduction: Using SimplygonSwarm for distributed automatic mesh merging
[2018.12.10-17.30.07:719][  0]LogMeshReduction: Using ProxyLODMeshReduction for automatic mesh merging
[2018.12.10-17.30.07:719][  0]LogMeshReduction: Using QuadricMeshReduction for automatic static mesh reduction
[2018.12.10-17.30.07:719][  0]LogMeshReduction: No automatic skeletal mesh reduction module available
[2018.12.10-17.30.07:733][  0]LogNetVersion: SibStory 1.0.0, NetCL: 4212847, EngineNetVer: 5, GameNetVer: 0 (Checksum: 24283779)
[2018.12.10-17.30.08:213][  0]LogMoviePlayer: Initializing movie player
[2018.12.10-17.30.08:366][  0]LogDlgSystem: Verbose: Creating new DlgGuid = `35722BBD48915D70CED77C8BE01EAD15` for Dialogue = `/Script/DlgSystem.Default__DlgDialogue` because of new created Dialogue.
[2018.12.10-17.30.08:367][  0]LogDlgSystem: Verbose: Started DlgSystemModule
[2018.12.10-17.30.08:373][  0]LogDlgSystemEditor: Verbose: Started DlgSystemEditorModule
[2018.12.10-17.30.08:381][  0]LogTcpMessaging: Initializing TcpMessaging bridge
[2018.12.10-17.30.08:394][  0]LogUdpMessaging: Initializing bridge on interface 0.0.0.0:0 to multicast group 230.0.0.1:6666.
[2018.12.10-17.30.08:483][  0]SourceControl: Source control is disabled
[2018.12.10-17.30.08:483][  0]SourceControl: Source control is disabled
[2018.12.10-17.30.08:484][  0]SourceControl: Source control is disabled
[2018.12.10-17.30.08:626][  0]LogAndroidPermission: UAndroidPermissionCallbackProxy::GetInstance
[2018.12.10-17.30.08:706][  0]LogOcInput: OculusInput pre-init called
[2018.12.10-17.30.08:715][  0]LogUObjectArray: 42930 objects as part of root set at end of initial load.
[2018.12.10-17.30.08:715][  0]LogUObjectAllocator: 7573032 out of 0 bytes used by permanent object pool.
[2018.12.10-17.30.08:715][  0]LogUObjectArray: CloseDisregardForGC: 0/0 objects in disregard for GC pool
[2018.12.10-17.30.08:772][  0]LogEngine: Initializing Engine...
[2018.12.10-17.30.08:773][  0]LogHMD: Failed to initialize OpenVR with code 110
[2018.12.10-17.30.08:785][  0]LogStats: UGameplayTagsManager::ConstructGameplayTagTree: ImportINI prefixes -  0.000 s
[2018.12.10-17.30.08:785][  0]LogStats: UGameplayTagsManager::ConstructGameplayTagTree: Construct from data asset -  0.000 s
[2018.12.10-17.30.08:785][  0]LogStats: UGameplayTagsManager::ConstructGameplayTagTree: ImportINI -  0.000 s
[2018.12.10-17.30.08:785][  0]LogStats: UGameplayTagsManager::ConstructGameplayTagTree: GameplayTagTreeChangedEvent.Broadcast -  0.000 s
[2018.12.10-17.30.08:819][  0]LogMaterial: Display: Missing cached shader map for material MAT_LevelColorationLitLightmapUV, compiling. Is special engine material.
[2018.12.10-17.30.09:138][  0]LogMaterial: Display: Missing cached shader map for material ShadedLevelColorationLitMaterial, compiling. Is special engine material.
[2018.12.10-17.30.09:392][  0]LogShaderCompilers: Display: Shaders left to compile 604
[2018.12.10-17.30.09:392][  0]LogShaderCompilers: Display: Shaders left to compile 594
[2018.12.10-17.30.09:392][  0]LogShaderCompilers: Display: Shaders left to compile 584
[2018.12.10-17.30.09:392][  0]LogShaderCompilers: Display: Shaders left to compile 574
[2018.12.10-17.30.09:392][  0]LogShaderCompilers: Display: Shaders left to compile 564
[2018.12.10-17.30.09:392][  0]LogMaterial: Display: Missing cached shader map for material ShadedLevelColorationUnlitMateri, compiling. Is special engine material.
[2018.12.10-17.30.09:433][  0]LogMaterial: Display: Missing cached shader map for material VertexColorViewMode_ColorOnly, compiling. 
[2018.12.10-17.30.09:449][  0]LogMaterial: Display: Missing cached shader map for material VertexColorViewMode_RedOnly, compiling. 
[2018.12.10-17.30.09:467][  0]LogMaterial: Display: Missing cached shader map for material RemoveSurfaceMaterial, compiling. 
[2018.12.10-17.30.09:472][  0]LogMaterial: Display: Missing cached shader map for material DebugMeshMaterial, compiling. 
[2018.12.10-17.30.09:482][  0]LogMaterial: Display: Missing cached shader map for material M_InvalidLightmapSettings, compiling. 
[2018.12.10-17.30.09:533][  0]LogMaterial: Display: Missing cached shader map for material PhAT_JointLimitMaterial, compiling. 
[2018.12.10-17.30.09:607][  0]LogInit: Initializing FReadOnlyCVARCache
[2018.12.10-17.30.09:638][  0]LogInit: XAudio2 using 'Динамики (Realtek High Definition Audio)' : 2 channels at 48 kHz using 32 bits per sample (channel mask 0x3)
[2018.12.10-17.30.09:659][  0]LogInit: FAudioDevice initialized.
[2018.12.10-17.30.09:671][  0]LogNetVersion: Set ProjectVersion to 0.0.1p. Version Checksum will be recalculated on next use.
[2018.12.10-17.30.09:685][  0]LogInit: Texture streaming: Enabled
[2018.12.10-17.30.09:689][  0]LogMaterial: Display: Missing cached shader map for material BaseColor, compiling. 
[2018.12.10-17.30.09:698][  0]LogMaterial: Display: Missing cached shader map for material CustomDepth, compiling. 
[2018.12.10-17.30.09:729][  0]LogMaterial: Display: Missing cached shader map for material CustomStencil, compiling. 
[2018.12.10-17.30.09:737][  0]LogMaterial: Display: Missing cached shader map for material FinalImage, compiling. 
[2018.12.10-17.30.09:746][  0]LogMaterial: Display: Missing cached shader map for material LightingModel, compiling. 
[2018.12.10-17.30.09:758][  0]LogMaterial: Display: Missing cached shader map for material MaterialAO, compiling. 
[2018.12.10-17.30.09:770][  0]LogMaterial: Display: Missing cached shader map for material Metallic, compiling. 
[2018.12.10-17.30.09:782][  0]LogMaterial: Display: Missing cached shader map for material Opacity, compiling. 
[2018.12.10-17.30.09:792][  0]LogMaterial: Display: Missing cached shader map for material Roughness, compiling. 
[2018.12.10-17.30.09:803][  0]LogMaterial: Display: Missing cached shader map for material SceneColor, compiling. 
[2018.12.10-17.30.09:811][  0]LogMaterial: Display: Missing cached shader map for material SceneDepth, compiling. 
[2018.12.10-17.30.09:821][  0]LogMaterial: Display: Missing cached shader map for material SeparateTranslucencyRGB, compiling. 
[2018.12.10-17.30.09:828][  0]LogMaterial: Display: Missing cached shader map for material SeparateTranslucencyA, compiling. 
[2018.12.10-17.30.09:836][  0]LogMaterial: Display: Missing cached shader map for material Specular, compiling. 
[2018.12.10-17.30.09:850][  0]LogMaterial: Display: Missing cached shader map for material WorldNormal, compiling. 
[2018.12.10-17.30.09:876][  0]LogMaterial: Display: Missing cached shader map for material SceneDepthWorldUnits, compiling. 
[2018.12.10-17.30.09:884][  0]LogMaterial: Display: Missing cached shader map for material PreTonemapHDRColor, compiling. 
[2018.12.10-17.30.09:892][  0]LogMaterial: Display: Missing cached shader map for material PostTonemapHDRColor, compiling. 
[2018.12.10-17.30.09:934][  0]LogSlate: Updating window title bar state: overlay mode, drag disabled, window buttons hidden, title bar hidden
[2018.12.10-17.30.09:934][  0]LogInit: Display: Game Engine Initialized.
[2018.12.10-17.30.09:934][  0]LogGameplayTags: Display: UGameplayTagsManager::DoneAddingNativeTags. DelegateIsBound: 0
[2018.12.10-17.30.09:934][  0]LogStats: UGameplayTagsManager::ConstructGameplayTagTree: ImportINI prefixes -  0.000 s
[2018.12.10-17.30.09:934][  0]LogStats: UGameplayTagsManager::ConstructGameplayTagTree: Construct from data asset -  0.000 s
[2018.12.10-17.30.09:935][  0]LogStats: UGameplayTagsManager::ConstructGameplayTagTree: ImportINI -  0.000 s
[2018.12.10-17.30.09:935][  0]LogStats: UGameplayTagsManager::ConstructGameplayTagTree: GameplayTagTreeChangedEvent.Broadcast -  0.000 s
[2018.12.10-17.30.09:935][  0]LogDlgSystemEditor: Verbose: DlgSystemEditorModule::HandleOnPostEngineInit
[2018.12.10-17.30.10:026][  0]LogDlgSystem: Verbose: Creating graph for Dialogue = `/Game/Blueprints/Dialogue/TestDialogue.TestDialogue`
[2018.12.10-17.30.10:026][  0]LogDlgSystem: Verbose: Creating new DlgGuid = `2B3170B746D8BC0883D107BFAC15F831` for Dialogue = `/Game/Blueprints/Dialogue/TestDialogue.TestDialogue` because of new created Dialogue.
[2018.12.10-17.30.10:041][  0]LogDlgSystem: Verbose: Creating graph for Dialogue = `/Game/tutor/Content/DialogueSystem/TestDlgDialogue.TestDlgDialogue`
[2018.12.10-17.30.10:041][  0]LogDlgSystem: Verbose: Creating new DlgGuid = `BC52C05649F437B8056E039DDDD21640` for Dialogue = `/Game/tutor/Content/DialogueSystem/TestDlgDialogue.TestDlgDialogue` because of new created Dialogue.
[2018.12.10-17.30.10:048][  0]LogDlgSystem: Verbose: Creating graph for Dialogue = `/DlgSystem/TestDialogue.TestDialogue`
[2018.12.10-17.30.10:048][  0]LogDlgSystem: Verbose: Creating new DlgGuid = `1068518841050D5D30836C85E76B2088` for Dialogue = `/DlgSystem/TestDialogue.TestDialogue` because of new created Dialogue.
[2018.12.10-17.30.10:051][  0]LogDlgSystem: Refreshing data for Dialogue = `/DlgSystem/TestDialogue.TestDialogue`
[2018.12.10-17.30.10:051][  0]LogDlgSystemEditor: Verbose: UDlgManager::LoadAllDialoguesIntoMemory loaded 0 Dialogues into Memory
[2018.12.10-17.30.10:088][  0]LogInit: Display: Starting Game.
[2018.12.10-17.30.10:088][  0]LogNet: Browse: /Game/Maps/MainLevel?Name=Player
[2018.12.10-17.30.10:088][  0]LogDlgSystem: Verbose: PreLoadMap = /Game/Maps/MainLevel. Clearing Dialogue History
[2018.12.10-17.30.10:089][  0]LogLoad: LoadMap: /Game/Maps/MainLevel?Name=Player
[2018.12.10-17.30.10:197][  0]LogDlgSystem: Verbose: Creating graph for Dialogue = `/Game/Blueprints/Dialogue/TestDialogue.TestDialogue`
[2018.12.10-17.30.10:198][  0]LogDlgSystem: Verbose: Creating new DlgGuid = `D684EFC5459F0D4B57D423A5346879A4` for Dialogue = `/Game/Blueprints/Dialogue/TestDialogue.TestDialogue` because of new created Dialogue.
[2018.12.10-17.30.10:315][  0]LogAIModule: Creating AISystem for world MainLevel
[2018.12.10-17.30.10:315][  0]LogLoad: Game class is 'GameModeBase'
[2018.12.10-17.30.10:316][  0]LogWorld: Bringing World /Game/Maps/MainLevel.MainLevel up for play (max tick rate 0) at 2018.12.11-00.30.10
[2018.12.10-17.30.10:317][  0]LogWorld: Bringing up level for play took: 0.000807
[2018.12.10-17.30.10:317][  0]LogGameMode: FindPlayerStart: PATHS NOT DEFINED or NO PLAYERSTART with positive rating
[2018.12.10-17.30.10:330][  0]LogLoad: Took 0.241858 seconds to LoadMap(/Game/Maps/MainLevel)
[2018.12.10-17.30.10:407][  0]LogRenderer: Reallocating scene render targets to support 640x1136 Format 2 NumSamples 1 (Frame:1).
[2018.12.10-17.30.10:407][  0]LogLoad: (Engine Initialization) Total time: 7.08 seconds
[2018.12.10-17.30.10:407][  0]LogLoad: (Engine Initialization) Total Blueprint compile time: 0.00 seconds
[2018.12.10-17.30.10:426][  0]LogWindowsTextInputMethodSystem: Display: IME system now deactivated.
[2018.12.10-17.30.10:431][  0]LogContentStreaming: Texture pool size now 1000 MB
[2018.12.10-17.30.11:591][ 72]LogSlate: FSceneViewport::OnFocusLost() reason 0
[2018.12.10-17.30.12:043][101]LogShaderCompilers: Display: Shaders left to compile 1380
[2018.12.10-17.30.12:156][108]LogShaderCompilers: Display: Shaders left to compile 1370
[2018.12.10-17.30.12:527][131]LogShaderCompilers: Display: Shaders left to compile 1360
[2018.12.10-17.30.12:608][136]LogShaderCompilers: Display: Shaders left to compile 1350
[2018.12.10-17.30.14:754][269]LogShaderCompilers: Display: Shaders left to compile 1340
[2018.12.10-17.30.14:946][281]LogShaderCompilers: Display: Shaders left to compile 1330
[2018.12.10-17.30.14:962][282]LogShaderCompilers: Display: Shaders left to compile 1320
[2018.12.10-17.30.14:978][283]LogShaderCompilers: Display: Shaders left to compile 1310
[2018.12.10-17.30.17:173][419]LogShaderCompilers: Display: Shaders left to compile 1300
[2018.12.10-17.30.17:479][438]LogShaderCompilers: Display: Shaders left to compile 1290
[2018.12.10-17.30.17:579][444]LogShaderCompilers: Display: Shaders left to compile 1280
[2018.12.10-17.30.17:867][462]LogShaderCompilers: Display: Shaders left to compile 1270
[2018.12.10-17.30.19:140][540]LogSlate: FSceneViewport::OnFocusLost() reason 0
[2018.12.10-17.30.19:722][577]LogShaderCompilers: Display: Shaders left to compile 1260
[2018.12.10-17.30.19:769][580]LogShaderCompilers: Display: Shaders left to compile 1250
[2018.12.10-17.30.19:980][593]LogShaderCompilers: Display: Shaders left to compile 1240
[2018.12.10-17.30.20:302][613]LogShaderCompilers: Display: Shaders left to compile 1230
[2018.12.10-17.30.20:683][634]LogSlate: Window 'SibStory (64-bit Development PCD3D_ES2) ' being destroyed
[2018.12.10-17.30.20:684][634]LogWindowsTextInputMethodSystem: Display: IME system now deactivated.
[2018.12.10-17.30.20:687][634]LogWindowsTextInputMethodSystem: Display: IME system now deactivated.
[2018.12.10-17.30.20:689][634]LogSlate: Updating window title bar state: overlay mode, drag disabled, window buttons hidden, title bar hidden
[2018.12.10-17.30.20:689][634]LogEngine: All Windows Closed
[2018.12.10-17.30.20:689][634]LogWindows: FPlatformMisc::RequestExit(0)
[2018.12.10-17.30.20:780][635]LogExit: Preparing to exit.
[2018.12.10-17.30.20:780][635]LogMoviePlayer: Shutting down movie player
[2018.12.10-17.30.21:420][635]LogSlate: Updating window title bar state: overlay mode, drag disabled, window buttons hidden, title bar hidden
[2018.12.10-17.30.21:433][635]LogExit: Game engine shut down
[2018.12.10-17.30.21:652][635]LogExit: Object subsystem successfully closed.
[2018.12.10-17.30.21:665][635]LogShaderCompilers: Display: Shaders left to compile 0
[2018.12.10-17.30.21:667][635]LogD3D11RHI: Shutdown
[2018.12.10-17.30.21:667][635]LogD3D11RHI: CleanupD3DDevice
[2018.12.10-17.30.21:690][635]LogD3D11RHI: ~FD3D11DynamicRHI
[2018.12.10-17.30.21:699][635]LogModuleManager: Shutting down and abandoning module SequenceRecorderSections (380)
[2018.12.10-17.30.21:699][635]LogModuleManager: Shutting down and abandoning module SequenceRecorder (378)
[2018.12.10-17.30.21:699][635]LogModuleManager: Shutting down and abandoning module AutomationController (376)
[2018.12.10-17.30.21:699][635]LogModuleManager: Shutting down and abandoning module AutomationWorker (374)
[2018.12.10-17.30.21:699][635]LogModuleManager: Shutting down and abandoning module Voice (372)
[2018.12.10-17.30.21:699][635]LogModuleManager: Shutting down and abandoning module AIModule (370)
[2018.12.10-17.30.21:699][635]LogModuleManager: Shutting down and abandoning module AITestSuite (369)
[2018.12.10-17.30.21:699][635]LogModuleManager: Shutting down and abandoning module NavigationSystem (367)
[2018.12.10-17.30.21:699][635]LogModuleManager: Shutting down and abandoning module WmfMediaFactory (364)
[2018.12.10-17.30.21:699][635]LogModuleManager: Shutting down and abandoning module OpenExrWrapper (362)
[2018.12.10-17.30.21:699][635]LogModuleManager: Shutting down and abandoning module ImgMediaFactory (360)
[2018.12.10-17.30.21:699][635]LogModuleManager: Shutting down and abandoning module AvfMediaFactory (358)
[2018.12.10-17.30.21:699][635]LogModuleManager: Shutting down and abandoning module MagicLeapCameraPreviewFactory (356)
[2018.12.10-17.30.21:699][635]LogModuleManager: Shutting down and abandoning module MagicLeapMediaFactory (354)
[2018.12.10-17.30.21:699][635]LogModuleManager: Shutting down and abandoning module CharacterAI (352)
[2018.12.10-17.30.21:699][635]LogModuleManager: Shutting down and abandoning module SessionServices (350)
[2018.12.10-17.30.21:699][635]LogModuleManager: Shutting down and abandoning module MovieSceneCapture (348)
[2018.12.10-17.30.21:699][635]LogModuleManager: Shutting down and abandoning module MovieSceneTracks (346)
[2018.12.10-17.30.21:699][635]LogModuleManager: Shutting down and abandoning module MovieScene (344)
[2018.12.10-17.30.21:699][635]LogModuleManager: Shutting down and abandoning module StreamingPauseRendering (342)
[2018.12.10-17.30.21:699][635]LogModuleManager: Shutting down and abandoning module PortalServices (340)
[2018.12.10-17.30.21:699][635]LogModuleManager: Shutting down and abandoning module PortalRpc (338)
[2018.12.10-17.30.21:699][635]LogModuleManager: Shutting down and abandoning module MessagingRpc (336)
[2018.12.10-17.30.21:699][635]LogModuleManager: Shutting down and abandoning module ProfilerService (334)
[2018.12.10-17.30.21:767][635]LogModuleManager: Shutting down and abandoning module TaskGraph (332)
[2018.12.10-17.30.21:767][635]LogModuleManager: Shutting down and abandoning module SteamVRController (330)
[2018.12.10-17.30.21:767][635]LogModuleManager: Shutting down and abandoning module ProceduralMeshComponent (328)
[2018.12.10-17.30.21:767][635]LogModuleManager: Shutting down and abandoning module OculusInput (326)
[2018.12.10-17.30.21:767][635]LogModuleManager: Shutting down and abandoning module MobilePatchingUtils (324)
[2018.12.10-17.30.21:768][635]LogModuleManager: Shutting down and abandoning module EditableMesh (322)
[2018.12.10-17.30.21:768][635]LogModuleManager: Shutting down and abandoning module CustomMeshComponent (320)
[2018.12.10-17.30.21:768][635]LogModuleManager: Shutting down and abandoning module CableComponent (318)
[2018.12.10-17.30.21:768][635]LogModuleManager: Shutting down and abandoning module AudioCapture (316)
[2018.12.10-17.30.21:768][635]LogModuleManager: Shutting down and abandoning module ArchVisCharacter (314)
[2018.12.10-17.30.21:768][635]LogModuleManager: Shutting down and abandoning module AndroidPermission (312)
[2018.12.10-17.30.21:768][635]LogModuleManager: Shutting down and abandoning module NUTUnrealEngine4 (310)
[2018.12.10-17.30.21:768][635]LogModuleManager: Shutting down and abandoning module NetcodeUnitTest (308)
[2018.12.10-17.30.21:768][635]LogModuleManager: Shutting down and abandoning module MediaCompositing (306)
[2018.12.10-17.30.21:768][635]LogModuleManager: Shutting down and abandoning module LinearTimecode (304)
[2018.12.10-17.30.21:768][635]LogModuleManager: Shutting down and abandoning module ImgMedia (302)
[2018.12.10-17.30.21:772][635]LogModuleManager: Shutting down and abandoning module HTML5Networking (300)
[2018.12.10-17.30.21:772][635]LogModuleManager: Shutting down and abandoning module GeometryCacheTracks (298)
[2018.12.10-17.30.21:772][635]LogModuleManager: Shutting down and abandoning module GeometryCacheSequencer (297)
[2018.12.10-17.30.21:772][635]LogModuleManager: Shutting down and abandoning module GeometryCache (294)
[2018.12.10-17.30.21:772][635]LogModuleManager: Shutting down and abandoning module GeometryCacheEd (293)
[2018.12.10-17.30.21:772][635]LogModuleManager: Shutting down and abandoning module BackChannel (290)
[2018.12.10-17.30.21:772][635]LogModuleManager: Shutting down and abandoning module AppleVision (288)
[2018.12.10-17.30.21:772][635]LogModuleManager: Shutting down and abandoning module AppleImageUtils (286)
[2018.12.10-17.30.21:772][635]LogModuleManager: Shutting down and abandoning module DatasmithContent (284)
[2018.12.10-17.30.21:773][635]LogModuleManager: Shutting down and abandoning module CryptoKeysOpenSSL (282)
[2018.12.10-17.30.21:773][635]LogModuleManager: Shutting down and abandoning module CryptoKeys (280)
[2018.12.10-17.30.21:773][635]LogModuleManager: Shutting down and abandoning module VisualStudioSourceCodeAccess (278)
[2018.12.10-17.30.21:773][635]LogModuleManager: Shutting down and abandoning module HotReload (277)
[2018.12.10-17.30.21:773][635]LogModuleManager: Shutting down and abandoning module DirectoryWatcher (276)
[2018.12.10-17.30.21:773][635]LogModuleManager: Shutting down and abandoning module VisualStudioCodeSourceCodeAccess (272)
[2018.12.10-17.30.21:773][635]LogModuleManager: Shutting down and abandoning module UObjectPlugin (270)
[2018.12.10-17.30.21:773][635]LogModuleManager: Shutting down and abandoning module SubversionSourceControl (268)
[2018.12.10-17.30.21:773][635]LogModuleManager: Shutting down and abandoning module PerforceSourceControl (266)
[2018.12.10-17.30.21:773][635]LogModuleManager: Shutting down and abandoning module SourceControl (265)
[2018.12.10-17.30.21:773][635]LogModuleManager: Shutting down and abandoning module CLionSourceCodeAccess (262)
[2018.12.10-17.30.21:773][635]LogModuleManager: Shutting down and abandoning module RuntimePhysXCooking (260)
[2018.12.10-17.30.21:773][635]LogModuleManager: Shutting down and abandoning module PhysXVehiclesEditor (258)
[2018.12.10-17.30.21:773][635]LogModuleManager: Shutting down and abandoning module PhysXVehicles (256)
[2018.12.10-17.30.21:773][635]LogModuleManager: Shutting down and abandoning module LocationServicesBPLibrary (254)
[2018.12.10-17.30.21:774][635]LogModuleManager: Shutting down and abandoning module ImmediatePhysicsEditor (252)
[2018.12.10-17.30.21:774][635]LogModuleManager: Shutting down and abandoning module ImmediatePhysics (250)
[2018.12.10-17.30.21:774][635]LogModuleManager: Shutting down and abandoning module ActorSequence (248)
[2018.12.10-17.30.21:774][635]LogModuleManager: Shutting down and abandoning module UdpMessaging (246)
[2018.12.10-17.30.21:875][635]LogModuleManager: Shutting down and abandoning module TcpMessaging (244)
[2018.12.10-17.30.22:388][635]LogModuleManager: Shutting down and abandoning module DlgSystemEditor (242)
[2018.12.10-17.30.22:389][635]LogDlgSystemEditor: Verbose: Stopped DlgSystemEditorModule
[2018.12.10-17.30.22:389][635]LogModuleManager: Shutting down and abandoning module DlgSystem (240)
[2018.12.10-17.30.22:389][635]LogDlgSystem: Verbose: Stopped DlgSystemModule
[2018.12.10-17.30.22:389][635]LogModuleManager: Shutting down and abandoning module GameplayDebugger (239)
[2018.12.10-17.30.22:389][635]LogModuleManager: Shutting down and abandoning module MagicLeapAudio (236)
[2018.12.10-17.30.22:389][635]LogModuleManager: Shutting down and abandoning module GameplayTagsEditor (234)
[2018.12.10-17.30.22:389][635]LogModuleManager: Shutting down and abandoning module FacialAnimation (232)
[2018.12.10-17.30.22:389][635]LogModuleManager: Shutting down and abandoning module DataValidation (230)
[2018.12.10-17.30.22:389][635]LogModuleManager: Shutting down and abandoning module AssetManagerEditor (228)
[2018.12.10-17.30.22:389][635]LogModuleManager: Shutting down and abandoning module TreeMap (227)
[2018.12.10-17.30.22:389][635]LogModuleManager: Shutting down and abandoning module LightPropagationVolumeRuntime (224)
[2018.12.10-17.30.22:389][635]LogModuleManager: Shutting down and abandoning module AISupportModule (222)
[2018.12.10-17.30.22:389][635]LogModuleManager: Shutting down and abandoning module Paper2D (220)
[2018.12.10-17.30.22:389][635]LogModuleManager: Shutting down and abandoning module PIEPreviewDeviceProfileSelector (218)
[2018.12.10-17.30.22:389][635]LogModuleManager: Shutting down and abandoning module WindowsMoviePlayer (216)
[2018.12.10-17.30.22:389][635]LogModuleManager: Shutting down and abandoning module WmfMedia (214)
[2018.12.10-17.30.22:391][635]LogModuleManager: Shutting down and abandoning module Media (213)
[2018.12.10-17.30.22:397][635]LogModuleManager: Shutting down and abandoning module PacketHandler (210)
[2018.12.10-17.30.22:397][635]LogModuleManager: Shutting down and abandoning module ClothingSystemEditor (208)
[2018.12.10-17.30.22:397][635]LogModuleManager: Shutting down and abandoning module ClothingSystemRuntime (206)
[2018.12.10-17.30.22:397][635]LogModuleManager: Shutting down and abandoning module MediaAssets (204)
[2018.12.10-17.30.22:397][635]LogModuleManager: Shutting down and abandoning module Overlay (202)
[2018.12.10-17.30.22:397][635]LogModuleManager: Shutting down and abandoning module OverlayEditor (201)
[2018.12.10-17.30.22:397][635]LogModuleManager: Shutting down and abandoning module VREditor (198)
[2018.12.10-17.30.22:397][635]LogModuleManager: Shutting down and abandoning module StringTableEditor (196)
[2018.12.10-17.30.22:397][635]LogModuleManager: Shutting down and abandoning module GameplayTasksEditor (194)
[2018.12.10-17.30.22:397][635]LogModuleManager: Shutting down and abandoning module BehaviorTreeEditor (192)
[2018.12.10-17.30.22:397][635]LogModuleManager: Shutting down and abandoning module FunctionalTesting (190)
[2018.12.10-17.30.22:398][635]LogModuleManager: Shutting down and abandoning module CollisionAnalyzer (188)
[2018.12.10-17.30.22:398][635]LogModuleManager: Shutting down and abandoning module WorkspaceMenuStructure (187)
[2018.12.10-17.30.22:398][635]LogModuleManager: Shutting down and abandoning module UMG (184)
[2018.12.10-17.30.22:398][635]LogModuleManager: Shutting down and abandoning module UMGEditor (183)
[2018.12.10-17.30.22:398][635]LogModuleManager: Shutting down and abandoning module Sequencer (182)
[2018.12.10-17.30.22:398][635]LogModuleManager: Shutting down and abandoning module MessageLog (179)
[2018.12.10-17.30.22:398][635]LogModuleManager: Shutting down and abandoning module SlateReflector (174)
[2018.12.10-17.30.22:414][635]LogModuleManager: Shutting down and abandoning module Slate (172)
[2018.12.10-17.30.22:414][635]LogModuleManager: Shutting down and abandoning module EditorStyle (170)
[2018.12.10-17.30.22:416][635]LogModuleManager: Shutting down and abandoning module MRMesh (168)
[2018.12.10-17.30.22:428][635]LogModuleManager: Shutting down and abandoning module Messaging (166)
[2018.12.10-17.30.22:428][635]LogModuleManager: Shutting down and abandoning module SourceCodeAccess (164)
[2018.12.10-17.30.22:428][635]LogModuleManager: Shutting down and abandoning module HeadMountedDisplay (162)
[2018.12.10-17.30.22:428][635]LogModuleManager: Shutting down and abandoning module XAudio2 (160)
[2018.12.10-17.30.22:428][635]LogModuleManager: Shutting down and abandoning module Networking (158)
[2018.12.10-17.30.22:428][635]LogModuleManager: Shutting down and abandoning module Core (156)
[2018.12.10-17.30.22:428][635]LogModuleManager: Shutting down and abandoning module LevelSequence (154)
[2018.12.10-17.30.22:428][635]LogModuleManager: Shutting down and abandoning module KismetCompiler (152)
[2018.12.10-17.30.22:428][635]LogModuleManager: Shutting down and abandoning module MeshUtilities (150)
[2018.12.10-17.30.22:440][635]LogModuleManager: Shutting down and abandoning module MeshMergeUtilities (149)
[2018.12.10-17.30.22:470][635]LogModuleManager: Shutting down and abandoning module MeshReductionInterface (148)
[2018.12.10-17.30.22:470][635]LogModuleManager: Shutting down and abandoning module SimplygonSwarm (147)
[2018.12.10-17.30.22:484][635]LogModuleManager: Shutting down and abandoning module ProxyLODMeshReduction (145)
[2018.12.10-17.30.22:497][635]LogModuleManager: Shutting down and abandoning module SimplygonMeshReduction (143)
[2018.12.10-17.30.22:497][635]LogModuleManager: Shutting down and abandoning module QuadricMeshReduction (141)
[2018.12.10-17.30.22:517][635]LogModuleManager: Shutting down and abandoning module MaterialBaking (137)
[2018.12.10-17.30.22:524][635]LogModuleManager: Shutting down and abandoning module DerivedDataCache (132)
[2018.12.10-17.30.22:759][635]LogDerivedDataCache: Shutdown
[2018.12.10-17.30.22:759][635]LogModuleManager: Shutting down and abandoning module XGEController (130)
[2018.12.10-17.30.22:777][635]LogModuleManager: Shutting down and abandoning module TargetPlatform (128)
[2018.12.10-17.30.22:777][635]LogModuleManager: Shutting down and abandoning module VulkanShaderFormat (127)
[2018.12.10-17.30.22:786][635]LogModuleManager: Shutting down and abandoning module ShaderFormatVectorVM (125)
[2018.12.10-17.30.22:794][635]LogModuleManager: Shutting down and abandoning module ShaderFormatOpenGL (123)
[2018.12.10-17.30.22:800][635]LogModuleManager: Shutting down and abandoning module ShaderFormatD3D (121)
[2018.12.10-17.30.22:800][635]LogModuleManager: Shutting down and abandoning module MetalShaderFormat (119)
[2018.12.10-17.30.22:813][635]LogModuleManager: Shutting down and abandoning module TextureFormatUncompressed (117)
[2018.12.10-17.30.22:813][635]LogModuleManager: Shutting down and abandoning module TextureFormatPVR (115)
[2018.12.10-17.30.22:813][635]LogModuleManager: Shutting down and abandoning module TextureFormatDXT (113)
[2018.12.10-17.30.22:819][635]LogModuleManager: Shutting down and abandoning module TextureFormatIntelISPCTexComp (111)
[2018.12.10-17.30.22:823][635]LogModuleManager: Shutting down and abandoning module TextureFormatASTC (109)
[2018.12.10-17.30.22:823][635]LogModuleManager: Shutting down and abandoning module ImageWrapper (108)
[2018.12.10-17.30.22:823][635]LogModuleManager: Shutting down and abandoning module TextureFormatAndroid (105)
[2018.12.10-17.30.22:823][635]LogModuleManager: Shutting down and abandoning module AudioFormatOpus (103)
[2018.12.10-17.30.22:823][635]LogModuleManager: Shutting down and abandoning module AudioFormatOgg (101)
[2018.12.10-17.30.22:823][635]LogModuleManager: Shutting down and abandoning module AudioFormatADPCM (99)
[2018.12.10-17.30.22:823][635]LogModuleManager: Shutting down and abandoning module WindowsTargetPlatform (97)
[2018.12.10-17.30.22:823][635]LogModuleManager: Shutting down and abandoning module WindowsServerTargetPlatform (95)
[2018.12.10-17.30.22:823][635]LogModuleManager: Shutting down and abandoning module WindowsNoEditorTargetPlatform (93)
[2018.12.10-17.30.22:823][635]LogModuleManager: Shutting down and abandoning module WindowsClientTargetPlatform (91)
[2018.12.10-17.30.22:823][635]LogModuleManager: Shutting down and abandoning module InputCore (88)
[2018.12.10-17.30.22:823][635]LogModuleManager: Shutting down and abandoning module Settings (86)
[2018.12.10-17.30.22:823][635]LogModuleManager: Shutting down and abandoning module PhysXCooking (84)
[2018.12.10-17.30.22:823][635]LogModuleManager: Shutting down and abandoning module SteamVR (82)
[2018.12.10-17.30.22:823][635]LogModuleManager: Shutting down and abandoning module OculusHMD (80)
[2018.12.10-17.30.22:830][635]LogModuleManager: Shutting down and abandoning module ExampleDeviceProfileSelector (78)
[2018.12.10-17.30.22:830][635]LogModuleManager: Shutting down and abandoning module LauncherChunkInstaller (76)
[2018.12.10-17.30.22:830][635]LogModuleManager: Shutting down and abandoning module OnlineBlueprintSupport (74)
[2018.12.10-17.30.22:830][635]LogModuleManager: Shutting down and abandoning module OnlineSubsystem (70)
[2018.12.10-17.30.22:840][635]LogModuleManager: Shutting down and abandoning module XMPP (65)
[2018.12.10-17.30.22:865][635]LogModuleManager: Shutting down and abandoning module WebSockets (64)
[2018.12.10-17.30.22:919][635]LogModuleManager: Shutting down and abandoning module HTTP (61)
[2018.12.10-17.30.22:934][635]LogModuleManager: Shutting down and abandoning module SSL (60)
[2018.12.10-17.30.22:948][635]LogModuleManager: Shutting down and abandoning module MagicLeapEmulator (56)
[2018.12.10-17.30.22:948][635]LogModuleManager: Shutting down and abandoning module MagicLeapPrivileges (54)
[2018.12.10-17.30.22:948][635]LogModuleManager: Shutting down and abandoning module MagicLeapIdentity (52)
[2018.12.10-17.30.22:948][635]LogModuleManager: Shutting down and abandoning module MagicLeapHelperVulkan (50)
[2018.12.10-17.30.22:948][635]LogModuleManager: Shutting down and abandoning module MagicLeapHelperOpenGL (48)
[2018.12.10-17.30.22:949][635]LogModuleManager: Shutting down and abandoning module MagicLeapSecureStorage (46)
[2018.12.10-17.30.22:949][635]LogModuleManager: Shutting down and abandoning module MagicLeapGestures (44)
[2018.12.10-17.30.22:949][635]LogModuleManager: Shutting down and abandoning module MagicLeapEyeTracker (42)
[2018.12.10-17.30.22:949][635]LogModuleManager: Shutting down and abandoning module MagicLeapController (40)
[2018.12.10-17.30.22:949][635]LogSlate: Slate User Destroyed.  User Index 0, Is Virtual User: 0
[2018.12.10-17.30.22:949][635]LogModuleManager: Shutting down and abandoning module MagicLeap (38)
[2018.12.10-17.30.22:949][635]LogModuleManager: Shutting down and abandoning module AnimationModifiers (36)
[2018.12.10-17.30.22:973][635]LogModuleManager: Shutting down and abandoning module PropertyEditor (35)
[2018.12.10-17.30.22:974][635]LogModuleManager: Shutting down and abandoning module AudioEditor (32)
[2018.12.10-17.30.22:991][635]LogModuleManager: Shutting down and abandoning module TextureCompressor (30)
[2018.12.10-17.30.23:000][635]LogModuleManager: Shutting down and abandoning module ShaderCore (28)
[2018.12.10-17.30.23:000][635]LogModuleManager: Shutting down and abandoning module Landscape (26)
[2018.12.10-17.30.23:000][635]LogModuleManager: Shutting down and abandoning module SlateRHIRenderer (24)
[2018.12.10-17.30.23:020][635]LogModuleManager: Shutting down and abandoning module OpenGLDrv (22)
[2018.12.10-17.30.23:034][635]LogModuleManager: Shutting down and abandoning module D3D11RHI (20)
[2018.12.10-17.30.23:034][635]LogModuleManager: Shutting down and abandoning module AnimGraphRuntime (18)
[2018.12.10-17.30.23:040][635]LogModuleManager: Shutting down and abandoning module Renderer (16)
[2018.12.10-17.30.23:040][635]LogModuleManager: Shutting down and abandoning module Engine (14)
[2018.12.10-17.30.23:040][635]LogModuleManager: Shutting down and abandoning module CoreUObject (12)
[2018.12.10-17.30.23:040][635]LogModuleManager: Shutting down and abandoning module NetworkFile (10)
[2018.12.10-17.30.23:050][635]LogModuleManager: Shutting down and abandoning module CookedIterativeFile (8)
[2018.12.10-17.30.23:050][635]LogModuleManager: Shutting down and abandoning module StreamingFile (6)
[2018.12.10-17.30.23:053][635]LogModuleManager: Shutting down and abandoning module SandboxFile (4)
[2018.12.10-17.30.23:053][635]LogModuleManager: Shutting down and abandoning module PakFile (2)
[2018.12.10-17.30.23:077][635]LogExit: Exiting.
[2018.12.10-17.30.23:090][635]Log file closed, 12/11/18 00:30:23
