Log file open, 01/07/19 00:45:21
LogWindows: Failed to load 'aqProf.dll' (GetLastError=126)
LogWindows: File 'aqProf.dll' does not exist
LogWindows: Failed to load 'VtuneApi.dll' (GetLastError=126)
LogWindows: File 'VtuneApi.dll' does not exist
LogWindows: Failed to load 'VtuneApi32e.dll' (GetLastError=126)
LogWindows: File 'VtuneApi32e.dll' does not exist
LogConsoleResponse: Display: Failed to find resolution value strings in scalability ini. Falling back to default.
LogInit: Display: Running engine for game: SibStory
LogPakFile: Registered encryption key '00000000000000000000000000000000': 0 pak files mounted, 0 remain pending
LogPlatformFile: Not using cached read wrapper
LogTaskGraph: Started task graph with 5 named threads and 23 total threads with 3 sets of task threads.
LogStats: Stats thread started at 0.287841
LogD3D11RHI: Loaded GFSDK_Aftermath_Lib.x64.dll
LogICUInternationalization: ICU TimeZone Detection - Raw Offset: +7:00, Platform Override: ''
LogPluginManager: Mounting plugin Paper2D
LogPluginManager: Mounting plugin AISupport
LogPluginManager: Mounting plugin LightPropagationVolume
LogPluginManager: Mounting plugin ActorLayerUtilities
LogPluginManager: Mounting plugin CLionSourceCodeAccess
LogPluginManager: Mounting plugin CodeLiteSourceCodeAccess
LogPluginManager: Mounting plugin GitSourceControl
LogPluginManager: Mounting plugin KDevelopSourceCodeAccess
LogPluginManager: Mounting plugin NullSourceCodeAccess
LogPluginManager: Mounting plugin PerforceSourceControl
LogPluginManager: Mounting plugin SubversionSourceControl
LogPluginManager: Mounting plugin UObjectPlugin
LogPluginManager: Mounting plugin VisualStudioCodeSourceCodeAccess
LogPluginManager: Mounting plugin VisualStudioSourceCodeAccess
LogPluginManager: Mounting plugin XCodeSourceCodeAccess
LogPluginManager: Mounting plugin AssetManagerEditor
LogPluginManager: Mounting plugin CryptoKeys
LogPluginManager: Mounting plugin DataValidation
LogPluginManager: Mounting plugin FacialAnimation
LogPluginManager: Mounting plugin GameplayTagsEditor
LogPluginManager: Mounting plugin MacGraphicsSwitching
LogPluginManager: Mounting plugin MeshEditor
LogPluginManager: Mounting plugin MobileLauncherProfileWizard
LogPluginManager: Mounting plugin PluginBrowser
LogPluginManager: Mounting plugin SpeedTreeImporter
LogPluginManager: Mounting plugin DatasmithContent
LogPluginManager: Mounting plugin VariantManagerContent
LogPluginManager: Mounting plugin AlembicImporter
LogPluginManager: Mounting plugin AppleImageUtils
LogPluginManager: Mounting plugin AppleVision
LogPluginManager: Mounting plugin BackChannel
LogPluginManager: Mounting plugin CharacterAI
LogPluginManager: Mounting plugin GeometryCache
LogPluginManager: Mounting plugin HTML5Networking
LogPluginManager: Mounting plugin ProxyLODPlugin
LogPluginManager: Mounting plugin MagicLeap
LogPluginManager: Mounting plugin MagicLeapMedia
LogPluginManager: Mounting plugin DlgSystem
LogPluginManager: Mounting plugin AndroidMedia
LogPluginManager: Mounting plugin AvfMedia
LogPluginManager: Mounting plugin ImgMedia
LogPluginManager: Mounting plugin LinearTimecode
LogPluginManager: Mounting plugin MediaCompositing
LogPluginManager: Mounting plugin MediaPlayerEditor
LogPluginManager: Mounting plugin WebMMedia
LogPluginManager: Mounting plugin WmfMedia
LogPluginManager: Mounting plugin TcpMessaging
LogPluginManager: Mounting plugin UdpMessaging
LogPluginManager: Mounting plugin ActorSequence
LogPluginManager: Mounting plugin LevelSequenceEditor
LogPluginManager: Mounting plugin MatineeToLevelSequence
LogPluginManager: Mounting plugin NetcodeUnitTest
LogPluginManager: Mounting plugin NUTUnrealEngine4
LogPluginManager: Mounting plugin OnlineSubsystemGooglePlay
LogPluginManager: Mounting plugin OnlineSubsystemIOS
LogPluginManager: Mounting plugin OnlineSubsystem
LogPluginManager: Mounting plugin OnlineSubsystemNull
LogPluginManager: Mounting plugin OnlineSubsystemUtils
LogPluginManager: Mounting plugin LauncherChunkInstaller
LogPluginManager: Mounting plugin AndroidDeviceProfileSelector
LogPluginManager: Mounting plugin AndroidMoviePlayer
LogPluginManager: Mounting plugin AndroidPermission
LogPluginManager: Mounting plugin AppleMoviePlayer
LogPluginManager: Mounting plugin ArchVisCharacter
LogPluginManager: Mounting plugin AudioCapture
LogPluginManager: Mounting plugin CableComponent
LogPluginManager: Mounting plugin CustomMeshComponent
LogPluginManager: Mounting plugin EditableMesh
LogPluginManager: Mounting plugin ExampleDeviceProfileSelector
LogPluginManager: Mounting plugin Firebase
LogPluginManager: Mounting plugin GoogleCloudMessaging
LogPluginManager: Mounting plugin IOSDeviceProfileSelector
LogPluginManager: Mounting plugin LinuxDeviceProfileSelector
LogPluginManager: Mounting plugin LocationServicesBPLibrary
LogPluginManager: Mounting plugin MobilePatchingUtils
LogPluginManager: Mounting plugin OculusVR
LogPluginManager: Mounting plugin PhysXVehicles
LogPluginManager: Mounting plugin ProceduralMeshComponent
LogPluginManager: Mounting plugin RuntimePhysXCooking
LogPluginManager: Mounting plugin SteamVR
LogPluginManager: Mounting plugin WebMMoviePlayer
LogPluginManager: Mounting plugin WindowsMoviePlayer
LogStreaming: Display: Took  0.089s to configure plugins.
LogInit: Using libcurl 7.55.1-DEV
LogInit:  - built for x86_64-pc-win32
LogInit:  - supports SSL with OpenSSL/1.0.2h
LogInit:  - supports HTTP deflate (compression) using libz 1.2.8
LogInit:  - other features:
LogInit:      CURL_VERSION_SSL
LogInit:      CURL_VERSION_LIBZ
LogInit:      CURL_VERSION_IPV6
LogInit:      CURL_VERSION_ASYNCHDNS
LogInit:      CURL_VERSION_LARGEFILE
LogInit:      CURL_VERSION_IDN
LogInit:  CurlRequestOptions (configurable via config and command line):
LogInit:  - bVerifyPeer = true  - Libcurl will verify peer certificate
LogInit:  - bUseHttpProxy = false  - Libcurl will NOT use HTTP proxy
LogInit:  - bDontReuseConnections = false  - Libcurl will reuse connections
LogInit:  - MaxHostConnections = 16  - Libcurl will limit the number of connections to a host
LogInit:  - LocalHostAddr = Default
LogInit:  - BufferSize = 65536
LogInit: WinSock: version 1.1 (2.2), MaxSocks=32767, MaxUdp=65467
LogInit: Build: ++UE4+Release-4.21-CL-4613538
LogInit: Engine Version: 4.21.1-4613538+++UE4+Release-4.21
LogInit: Compatible Engine Version: 4.21.0-4541578+++UE4+Release-4.21
LogInit: Net CL: 4541578
LogInit: OS: Windows 10 (), CPU:         Intel(R) Core(TM) i7-2600 CPU @ 3.40GHz, GPU: NVIDIA GeForce GTX 550 Ti
LogInit: Compiled (64-bit): Nov 30 2018 04:13:25
LogInit: Compiled with Visual C++: 19.13.26129.00
LogInit: Build Configuration: Development
LogInit: Branch Name: ++UE4+Release-4.21
LogInit: Command Line:  -EpicPortal -epicusername=Lomakin -epicuserid=c2541f5a020946b0bff5d0953c5a2f6d -epiclocale=ru-RU
LogInit: Base Directory: D:/Program Files (x86)/Epic Games/UE_4.21/Engine/Binaries/Win64/
LogInit: Installed Engine Build: 1
LogDevObjectVersion: Number of dev versions registered: 22
LogDevObjectVersion:   Dev-Blueprints (B0D832E4-1F89-4F0D-ACCF-7EB736FD4AA2): 10
LogDevObjectVersion:   Dev-Build (E1C64328-A22C-4D53-A36C-8E866417BD8C): 0
LogDevObjectVersion:   Dev-Core (375EC13C-06E4-48FB-B500-84F0262A717E): 2
LogDevObjectVersion:   Dev-Editor (E4B068ED-F494-42E9-A231-DA0B2E46BB41): 26
LogDevObjectVersion:   Dev-Framework (CFFC743F-43B0-4480-9391-14DF171D2073): 34
LogDevObjectVersion:   Dev-Mobile (B02B49B5-BB20-44E9-A304-32B752E40360): 2
LogDevObjectVersion:   Dev-Networking (A4E4105C-59A1-49B5-A7C5-40C4547EDFEE): 0
LogDevObjectVersion:   Dev-Online (39C831C9-5AE6-47DC-9A44-9C173E1C8E7C): 0
LogDevObjectVersion:   Dev-Physics (78F01B33-EBEA-4F98-B9B4-84EACCB95AA2): 0
LogDevObjectVersion:   Dev-Platform (6631380F-2D4D-43E0-8009-CF276956A95A): 0
LogDevObjectVersion:   Dev-Rendering (12F88B9F-8875-4AFC-A67C-D90C383ABD29): 27
LogDevObjectVersion:   Dev-Sequencer (7B5AE74C-D270-4C10-A958-57980B212A5A): 9
LogDevObjectVersion:   Dev-VR (D7296918-1DD6-4BDD-9DE2-64A83CC13884): 2
LogDevObjectVersion:   Dev-LoadTimes (C2A15278-BFE7-4AFE-6C17-90FF531DF755): 1
LogDevObjectVersion:   Private-Geometry (6EACA3D4-40EC-4CC1-B786-8BED09428FC5): 3
LogDevObjectVersion:   Dev-AnimPhys (29E575DD-E0A3-4627-9D10-D276232CDCEA): 17
LogDevObjectVersion:   Dev-Anim (AF43A65D-7FD3-4947-9873-3E8ED9C1BB05): 2
LogDevObjectVersion:   Dev-ReflectionCapture (6B266CEC-1EC7-4B8F-A30B-E4D90942FC07): 1
LogDevObjectVersion:   Dev-Automation (0DF73D61-A23F-47EA-B727-89E90C41499A): 1
LogDevObjectVersion:   FortniteMain (601D1886-AC64-4F84-AA16-D3DE0DEAC7D6): 17
LogDevObjectVersion:   Dev-Enterprise (9DFFBCD6-494F-0158-E221-12823C92A888): 4
LogDevObjectVersion:   Dev-Niagara (F2AED0AC-9AFE-416F-8664-AA7FFA26D6FC): 1
LogStreaming: Display: Took  0.001s to delete old logs.
LogInit: Presizing for max 8388607 objects, including 0 objects not considered by GC, pre-allocating 0 bytes for permanent pool.
LogInit: Object subsystem initialized
LogConfig: Setting CVar [[con.DebugEarlyDefault:1]]
LogConfig: Setting CVar [[r.setres:1280x720]]
[2019.01.06-17.45.22:125][  0]LogConfig: Setting CVar [[r.VSync:0]]
[2019.01.06-17.45.22:125][  0]LogConfig: Setting CVar [[r.RHICmdBypass:0]]
[2019.01.06-17.45.22:125][  0]LogConfig: Applying CVar settings from Section [/Script/Engine.RendererSettings] File [D:/Users/kalav/Documents/Unreal Projects/SibStory/Saved/Config/Windows/Engine.ini]
[2019.01.06-17.45.22:125][  0]LogConfig: Setting CVar [[r.GPUCrashDebugging:0]]
[2019.01.06-17.45.22:125][  0]LogConfig: Setting CVar [[r.MobileHDR:0]]
[2019.01.06-17.45.22:125][  0]LogConfig: Setting CVar [[r.Mobile.DisableVertexFog:1]]
[2019.01.06-17.45.22:125][  0]LogConfig: Setting CVar [[r.Shadow.CSM.MaxMobileCascades:2]]
[2019.01.06-17.45.22:125][  0]LogConfig: Setting CVar [[r.MobileMSAA:1]]
[2019.01.06-17.45.22:125][  0]LogConfig: Setting CVar [[r.Mobile.UseLegacyShadingModel:0]]
[2019.01.06-17.45.22:125][  0]LogConfig: Setting CVar [[r.DiscardUnusedQuality:0]]
[2019.01.06-17.45.22:125][  0]LogConfig: Setting CVar [[r.AllowOcclusionQueries:1]]
[2019.01.06-17.45.22:125][  0]LogConfig: Setting CVar [[r.MinScreenRadiusForLights:0.030000]]
[2019.01.06-17.45.22:125][  0]LogConfig: Setting CVar [[r.MinScreenRadiusForDepthPrepass:0.030000]]
[2019.01.06-17.45.22:125][  0]LogConfig: Setting CVar [[r.MinScreenRadiusForCSMDepth:0.010000]]
[2019.01.06-17.45.22:125][  0]LogConfig: Setting CVar [[r.PrecomputedVisibilityWarning:0]]
[2019.01.06-17.45.22:125][  0]LogConfig: Setting CVar [[r.TextureStreaming:1]]
[2019.01.06-17.45.22:125][  0]LogConfig: Setting CVar [[Compat.UseDXT5NormalMaps:0]]
[2019.01.06-17.45.22:125][  0]LogConfig: Setting CVar [[r.ClearCoatNormal:0]]
[2019.01.06-17.45.22:126][  0]LogConfig: Setting CVar [[r.ReflectionCaptureResolution:128]]
[2019.01.06-17.45.22:126][  0]LogConfig: Setting CVar [[r.ReflectionEnvironmentLightmapMixBasedOnRoughness:1]]
[2019.01.06-17.45.22:126][  0]LogConfig: Setting CVar [[r.ForwardShading:0]]
[2019.01.06-17.45.22:126][  0]LogConfig: Setting CVar [[r.VertexFoggingForOpaque:1]]
[2019.01.06-17.45.22:126][  0]LogConfig: Setting CVar [[r.AllowStaticLighting:1]]
[2019.01.06-17.45.22:126][  0]LogConfig: Setting CVar [[r.NormalMapsForStaticLighting:0]]
[2019.01.06-17.45.22:126][  0]LogConfig: Setting CVar [[r.GenerateMeshDistanceFields:0]]
[2019.01.06-17.45.22:126][  0]LogConfig: Setting CVar [[r.DistanceFieldBuild.EightBit:0]]
[2019.01.06-17.45.22:126][  0]LogConfig: Setting CVar [[r.GenerateLandscapeGIData:0]]
[2019.01.06-17.45.22:126][  0]LogConfig: Setting CVar [[r.DistanceFieldBuild.Compress:0]]
[2019.01.06-17.45.22:126][  0]LogConfig: Setting CVar [[r.TessellationAdaptivePixelsPerTriangle:48.000000]]
[2019.01.06-17.45.22:126][  0]LogConfig: Setting CVar [[r.SeparateTranslucency:0]]
[2019.01.06-17.45.22:126][  0]LogConfig: Setting CVar [[r.TranslucentSortPolicy:0]]
[2019.01.06-17.45.22:126][  0]LogConfig: Setting CVar [[r.CustomDepth:1]]
[2019.01.06-17.45.22:126][  0]LogConfig: Setting CVar [[r.CustomDepthTemporalAAJitter:1]]
[2019.01.06-17.45.22:126][  0]LogConfig: Setting CVar [[r.PostProcessing.PropagateAlpha:0]]
[2019.01.06-17.45.22:126][  0]LogConfig: Setting CVar [[r.DOF.Algorithm:1]]
[2019.01.06-17.45.22:126][  0]LogConfig: Setting CVar [[r.UsePreExposure:0]]
[2019.01.06-17.45.22:126][  0]LogConfig: Setting CVar [[r.DefaultFeature.Bloom:0]]
[2019.01.06-17.45.22:126][  0]LogConfig: Setting CVar [[r.DefaultFeature.AmbientOcclusion:0]]
[2019.01.06-17.45.22:126][  0]LogConfig: Setting CVar [[r.DefaultFeature.AmbientOcclusionStaticFraction:1]]
[2019.01.06-17.45.22:126][  0]LogConfig: Setting CVar [[r.DefaultFeature.AutoExposure:0]]
[2019.01.06-17.45.22:126][  0]LogConfig: Setting CVar [[r.DefaultFeature.AutoExposure.Method:0]]
[2019.01.06-17.45.22:126][  0]LogConfig: Setting CVar [[r.DefaultFeature.MotionBlur:0]]
[2019.01.06-17.45.22:126][  0]LogConfig: Setting CVar [[r.DefaultFeature.LensFlare:0]]
[2019.01.06-17.45.22:126][  0]LogConfig: Setting CVar [[r.TemporalAA.Upsampling:0]]
[2019.01.06-17.45.22:126][  0]LogConfig: Setting CVar [[r.DefaultFeature.AntiAliasing:0]]
[2019.01.06-17.45.22:126][  0]LogConfig: Setting CVar [[r.DefaultBackBufferPixelFormat:4]]
[2019.01.06-17.45.22:126][  0]LogConfig: Setting CVar [[r.Shadow.UnbuiltPreviewInGame:1]]
[2019.01.06-17.45.22:126][  0]LogConfig: Setting CVar [[r.StencilForLODDither:0]]
[2019.01.06-17.45.22:126][  0]LogConfig: Setting CVar [[r.EarlyZPass:3]]
[2019.01.06-17.45.22:126][  0]LogConfig: Setting CVar [[r.EarlyZPassMovable:1]]
[2019.01.06-17.45.22:126][  0]LogConfig: Setting CVar [[r.EarlyZPassOnlyMaterialMasking:0]]
[2019.01.06-17.45.22:126][  0]LogConfig: Setting CVar [[r.DBuffer:1]]
[2019.01.06-17.45.22:126][  0]LogConfig: Setting CVar [[r.ClearSceneMethod:1]]
[2019.01.06-17.45.22:126][  0]LogConfig: Setting CVar [[r.BasePassOutputsVelocity:0]]
[2019.01.06-17.45.22:126][  0]LogConfig: Setting CVar [[r.SelectiveBasePassOutputs:0]]
[2019.01.06-17.45.22:126][  0]LogConfig: Setting CVar [[fx.GPUSimulationTextureSizeX:1024]]
[2019.01.06-17.45.22:126][  0]LogConfig: Setting CVar [[fx.GPUSimulationTextureSizeY:1024]]
[2019.01.06-17.45.22:126][  0]LogConfig: Setting CVar [[r.AllowGlobalClipPlane:0]]
[2019.01.06-17.45.22:126][  0]LogConfig: Setting CVar [[r.GBufferFormat:1]]
[2019.01.06-17.45.22:126][  0]LogConfig: Setting CVar [[r.MorphTarget.Mode:1]]
[2019.01.06-17.45.22:126][  0]LogConfig: Setting CVar [[vr.InstancedStereo:0]]
[2019.01.06-17.45.22:126][  0]LogConfig: Setting CVar [[vr.MultiView:0]]
[2019.01.06-17.45.22:126][  0]LogConfig: Setting CVar [[vr.MobileMultiView:0]]
[2019.01.06-17.45.22:126][  0]LogConfig: Setting CVar [[vr.MobileMultiView.Direct:0]]
[2019.01.06-17.45.22:126][  0]LogConfig: Setting CVar [[vr.MonoscopicFarField:0]]
[2019.01.06-17.45.22:126][  0]LogConfig: Setting CVar [[vr.ODSCapture:0]]
[2019.01.06-17.45.22:126][  0]LogConfig: Setting CVar [[r.WireframeCullThreshold:5.000000]]
[2019.01.06-17.45.22:126][  0]LogConfig: Setting CVar [[r.SupportStationarySkylight:1]]
[2019.01.06-17.45.22:126][  0]LogConfig: Setting CVar [[r.SupportLowQualityLightmaps:1]]
[2019.01.06-17.45.22:126][  0]LogConfig: Setting CVar [[r.SupportPointLightWholeSceneShadows:1]]
[2019.01.06-17.45.22:126][  0]LogConfig: Setting CVar [[r.SupportAtmosphericFog:1]]
[2019.01.06-17.45.22:126][  0]LogConfig: Setting CVar [[r.SkinCache.CompileShaders:0]]
[2019.01.06-17.45.22:126][  0]LogConfig: Setting CVar [[r.Mobile.EnableStaticAndCSMShadowReceivers:1]]
[2019.01.06-17.45.22:126][  0]LogConfig: Setting CVar [[r.Mobile.EnableMovableLightCSMShaderCulling:1]]
[2019.01.06-17.45.22:126][  0]LogConfig: Setting CVar [[r.Mobile.AllowDistanceFieldShadows:1]]
[2019.01.06-17.45.22:126][  0]LogConfig: Setting CVar [[r.Mobile.AllowMovableDirectionalLights:1]]
[2019.01.06-17.45.22:127][  0]LogConfig: Setting CVar [[r.MobileNumDynamicPointLights:4]]
[2019.01.06-17.45.22:127][  0]LogConfig: Setting CVar [[r.MobileDynamicPointLightsUseStaticBranch:1]]
[2019.01.06-17.45.22:127][  0]LogConfig: Setting CVar [[r.SkinCache.SceneMemoryLimitInMB:128.000000]]
[2019.01.06-17.45.22:127][  0]LogConfig: Setting CVar [[r.GPUSkin.Limit2BoneInfluences:0]]
[2019.01.06-17.45.22:127][  0]LogConfig: Setting CVar [[r.SupportDepthOnlyIndexBuffers:1]]
[2019.01.06-17.45.22:127][  0]LogConfig: Setting CVar [[r.SupportReversedIndexBuffers:1]]
[2019.01.06-17.45.22:127][  0]LogConfig: Setting CVar [[r.SupportMaterialLayers:0]]
[2019.01.06-17.45.22:127][  0]LogConfig: Applying CVar settings from Section [/Script/Engine.RendererOverrideSettings] File [D:/Users/kalav/Documents/Unreal Projects/SibStory/Saved/Config/Windows/Engine.ini]
[2019.01.06-17.45.22:127][  0]LogConfig: Applying CVar settings from Section [/Script/Engine.StreamingSettings] File [D:/Users/kalav/Documents/Unreal Projects/SibStory/Saved/Config/Windows/Engine.ini]
[2019.01.06-17.45.22:127][  0]LogConfig: Setting CVar [[s.MinBulkDataSizeForAsyncLoading:131072]]
[2019.01.06-17.45.22:127][  0]LogConfig: Setting CVar [[s.AsyncLoadingThreadEnabled:0]]
[2019.01.06-17.45.22:127][  0]LogConfig: Setting CVar [[s.EventDrivenLoaderEnabled:1]]
[2019.01.06-17.45.22:127][  0]LogConfig: Setting CVar [[s.WarnIfTimeLimitExceeded:0]]
[2019.01.06-17.45.22:127][  0]LogConfig: Setting CVar [[s.TimeLimitExceededMultiplier:1.5]]
[2019.01.06-17.45.22:127][  0]LogConfig: Setting CVar [[s.TimeLimitExceededMinTime:0.005]]
[2019.01.06-17.45.22:127][  0]LogConfig: Setting CVar [[s.UseBackgroundLevelStreaming:1]]
[2019.01.06-17.45.22:127][  0]LogConfig: Setting CVar [[s.PriorityAsyncLoadingExtraTime:15.0]]
[2019.01.06-17.45.22:127][  0]LogConfig: Setting CVar [[s.LevelStreamingActorsUpdateTimeLimit:5.0]]
[2019.01.06-17.45.22:127][  0]LogConfig: Setting CVar [[s.PriorityLevelStreamingActorsUpdateExtraTime:5.0]]
[2019.01.06-17.45.22:127][  0]LogConfig: Setting CVar [[s.LevelStreamingComponentsRegistrationGranularity:10]]
[2019.01.06-17.45.22:127][  0]LogConfig: Setting CVar [[s.UnregisterComponentsTimeLimit:1.0]]
[2019.01.06-17.45.22:127][  0]LogConfig: Setting CVar [[s.LevelStreamingComponentsUnregistrationGranularity:5]]
[2019.01.06-17.45.22:127][  0]LogConfig: Applying CVar settings from Section [/Script/Engine.GarbageCollectionSettings] File [D:/Users/kalav/Documents/Unreal Projects/SibStory/Saved/Config/Windows/Engine.ini]
[2019.01.06-17.45.22:127][  0]LogConfig: Setting CVar [[gc.MaxObjectsNotConsideredByGC:1]]
[2019.01.06-17.45.22:127][  0]LogConfig: Setting CVar [[gc.SizeOfPermanentObjectPool:0]]
[2019.01.06-17.45.22:127][  0]LogConfig: Setting CVar [[gc.FlushStreamingOnGC:0]]
[2019.01.06-17.45.22:127][  0]LogConfig: Setting CVar [[gc.NumRetriesBeforeForcingGC:10]]
[2019.01.06-17.45.22:127][  0]LogConfig: Setting CVar [[gc.AllowParallelGC:1]]
[2019.01.06-17.45.22:127][  0]LogConfig: Setting CVar [[gc.TimeBetweenPurgingPendingKillObjects:61.1]]
[2019.01.06-17.45.22:127][  0]LogConfig: Setting CVar [[gc.MaxObjectsInEditor:8388607]]
[2019.01.06-17.45.22:127][  0]LogConfig: Setting CVar [[gc.IncrementalBeginDestroyEnabled:1]]
[2019.01.06-17.45.22:127][  0]LogConfig: Setting CVar [[gc.CreateGCClusters:1]]
[2019.01.06-17.45.22:127][  0]LogConfig: Setting CVar [[gc.MergeGCClusters:0]]
[2019.01.06-17.45.22:127][  0]LogConfig: Setting CVar [[gc.MinGCClusterSize:5]]
[2019.01.06-17.45.22:127][  0]LogConfig: Setting CVar [[gc.ActorClusteringEnabled:0]]
[2019.01.06-17.45.22:127][  0]LogConfig: Setting CVar [[gc.BlueprintClusteringEnabled:0]]
[2019.01.06-17.45.22:127][  0]LogConfig: Setting CVar [[gc.UseDisregardForGCOnDedicatedServers:0]]
[2019.01.06-17.45.22:127][  0]LogConfig: Applying CVar settings from Section [/Script/Engine.NetworkSettings] File [D:/Users/kalav/Documents/Unreal Projects/SibStory/Saved/Config/Windows/Engine.ini]
[2019.01.06-17.45.22:127][  0]LogConfig: Applying CVar settings from Section [/Script/UnrealEd.CookerSettings] File [D:/Users/kalav/Documents/Unreal Projects/SibStory/Saved/Config/Windows/Engine.ini]
[2019.01.06-17.45.22:130][  0]LogConfig: Applying CVar settings from Section [ViewDistanceQuality@3] File [D:/Users/kalav/Documents/Unreal Projects/SibStory/Saved/Config/Windows/Scalability.ini]
[2019.01.06-17.45.22:130][  0]LogConfig: Setting CVar [[r.SkeletalMeshLODBias:0]]
[2019.01.06-17.45.22:130][  0]LogConfig: Setting CVar [[r.ViewDistanceScale:1.0]]
[2019.01.06-17.45.22:130][  0]LogConfig: Applying CVar settings from Section [AntiAliasingQuality@3] File [D:/Users/kalav/Documents/Unreal Projects/SibStory/Saved/Config/Windows/Scalability.ini]
[2019.01.06-17.45.22:130][  0]LogConfig: Setting CVar [[r.PostProcessAAQuality:4]]
[2019.01.06-17.45.22:130][  0]LogConfig: Applying CVar settings from Section [ShadowQuality@3] File [D:/Users/kalav/Documents/Unreal Projects/SibStory/Saved/Config/Windows/Scalability.ini]
[2019.01.06-17.45.22:130][  0]LogConfig: Setting CVar [[r.LightFunctionQuality:1]]
[2019.01.06-17.45.22:130][  0]LogConfig: Setting CVar [[r.ShadowQuality:5]]
[2019.01.06-17.45.22:130][  0]LogConfig: Setting CVar [[r.Shadow.CSM.MaxCascades:10]]
[2019.01.06-17.45.22:130][  0]LogConfig: Setting CVar [[r.Shadow.MaxResolution:2048]]
[2019.01.06-17.45.22:130][  0]LogConfig: Setting CVar [[r.Shadow.MaxCSMResolution:2048]]
[2019.01.06-17.45.22:130][  0]LogConfig: Setting CVar [[r.Shadow.RadiusThreshold:0.01]]
[2019.01.06-17.45.22:130][  0]LogConfig: Setting CVar [[r.Shadow.DistanceScale:1.0]]
[2019.01.06-17.45.22:130][  0]LogConfig: Setting CVar [[r.Shadow.CSM.TransitionScale:1.0]]
[2019.01.06-17.45.22:130][  0]LogConfig: Setting CVar [[r.Shadow.PreShadowResolutionFactor:1.0]]
[2019.01.06-17.45.22:130][  0]LogConfig: Setting CVar [[r.DistanceFieldShadowing:1]]
[2019.01.06-17.45.22:130][  0]LogConfig: Setting CVar [[r.DistanceFieldAO:1]]
[2019.01.06-17.45.22:130][  0]LogConfig: Setting CVar [[r.AOQuality:2]]
[2019.01.06-17.45.22:130][  0]LogConfig: Setting CVar [[r.VolumetricFog:1]]
[2019.01.06-17.45.22:130][  0]LogConfig: Setting CVar [[r.VolumetricFog.GridPixelSize:8]]
[2019.01.06-17.45.22:130][  0]LogConfig: Setting CVar [[r.VolumetricFog.GridSizeZ:128]]
[2019.01.06-17.45.22:130][  0]LogConfig: Setting CVar [[r.VolumetricFog.HistoryMissSupersampleCount:4]]
[2019.01.06-17.45.22:130][  0]LogConfig: Setting CVar [[r.LightMaxDrawDistanceScale:1]]
[2019.01.06-17.45.22:130][  0]LogConfig: Setting CVar [[r.CapsuleShadows:1]]
[2019.01.06-17.45.22:130][  0]LogConfig: Applying CVar settings from Section [PostProcessQuality@3] File [D:/Users/kalav/Documents/Unreal Projects/SibStory/Saved/Config/Windows/Scalability.ini]
[2019.01.06-17.45.22:130][  0]LogConfig: Setting CVar [[r.MotionBlurQuality:4]]
[2019.01.06-17.45.22:130][  0]LogConfig: Setting CVar [[r.AmbientOcclusionMipLevelFactor:0.4]]
[2019.01.06-17.45.22:130][  0]LogConfig: Setting CVar [[r.AmbientOcclusionMaxQuality:100]]
[2019.01.06-17.45.22:130][  0]LogConfig: Setting CVar [[r.AmbientOcclusionLevels:-1]]
[2019.01.06-17.45.22:130][  0]LogConfig: Setting CVar [[r.AmbientOcclusionRadiusScale:1.0]]
[2019.01.06-17.45.22:130][  0]LogConfig: Setting CVar [[r.DepthOfFieldQuality:2]]
[2019.01.06-17.45.22:130][  0]LogConfig: Setting CVar [[r.RenderTargetPoolMin:400]]
[2019.01.06-17.45.22:130][  0]LogConfig: Setting CVar [[r.LensFlareQuality:2]]
[2019.01.06-17.45.22:130][  0]LogConfig: Setting CVar [[r.SceneColorFringeQuality:1]]
[2019.01.06-17.45.22:130][  0]LogConfig: Setting CVar [[r.EyeAdaptationQuality:2]]
[2019.01.06-17.45.22:130][  0]LogConfig: Setting CVar [[r.BloomQuality:5]]
[2019.01.06-17.45.22:130][  0]LogConfig: Setting CVar [[r.FastBlurThreshold:100]]
[2019.01.06-17.45.22:130][  0]LogConfig: Setting CVar [[r.Upscale.Quality:3]]
[2019.01.06-17.45.22:130][  0]LogConfig: Setting CVar [[r.Tonemapper.GrainQuantization:1]]
[2019.01.06-17.45.22:130][  0]LogConfig: Setting CVar [[r.LightShaftQuality:1]]
[2019.01.06-17.45.22:130][  0]LogConfig: Setting CVar [[r.Filter.SizeScale:1]]
[2019.01.06-17.45.22:130][  0]LogConfig: Setting CVar [[r.Tonemapper.Quality:5]]
[2019.01.06-17.45.22:130][  0]LogConfig: Setting CVar [[r.DOF.Gather.AccumulatorQuality:1        ; higher gathering accumulator quality]]
[2019.01.06-17.45.22:130][  0]LogConfig: Setting CVar [[r.DOF.Gather.PostfilterMethod:1          ; Median3x3 postfilering method]]
[2019.01.06-17.45.22:130][  0]LogConfig: Setting CVar [[r.DOF.Gather.EnableBokehSettings:0       ; no bokeh simulation when gathering]]
[2019.01.06-17.45.22:130][  0]LogConfig: Setting CVar [[r.DOF.Gather.RingCount:4                 ; medium number of samples when gathering]]
[2019.01.06-17.45.22:131][  0]LogConfig: Setting CVar [[r.DOF.Scatter.ForegroundCompositing:1    ; additive foreground scattering]]
[2019.01.06-17.45.22:131][  0]LogConfig: Setting CVar [[r.DOF.Scatter.BackgroundCompositing:2    ; additive background scattering]]
[2019.01.06-17.45.22:131][  0]LogConfig: Setting CVar [[r.DOF.Scatter.EnableBokehSettings:1      ; bokeh simulation when scattering]]
[2019.01.06-17.45.22:131][  0]LogConfig: Setting CVar [[r.DOF.Scatter.MaxSpriteRatio:0.1         ; only a maximum of 10% of scattered bokeh]]
[2019.01.06-17.45.22:131][  0]LogConfig: Setting CVar [[r.DOF.Recombine.Quality:1                ; cheap slight out of focus]]
[2019.01.06-17.45.22:131][  0]LogConfig: Setting CVar [[r.DOF.Recombine.EnableBokehSettings:0    ; no bokeh simulation on slight out of focus]]
[2019.01.06-17.45.22:131][  0]LogConfig: Setting CVar [[r.DOF.TemporalAAQuality:1                ; more stable temporal accumulation]]
[2019.01.06-17.45.22:131][  0]LogConfig: Setting CVar [[r.DOF.Kernel.MaxForegroundRadius:0.025]]
[2019.01.06-17.45.22:131][  0]LogConfig: Setting CVar [[r.DOF.Kernel.MaxBackgroundRadius:0.025]]
[2019.01.06-17.45.22:131][  0]LogConfig: Applying CVar settings from Section [TextureQuality@3] File [D:/Users/kalav/Documents/Unreal Projects/SibStory/Saved/Config/Windows/Scalability.ini]
[2019.01.06-17.45.22:131][  0]LogConfig: Setting CVar [[r.Streaming.MipBias:0]]
[2019.01.06-17.45.22:131][  0]LogConfig: Setting CVar [[r.Streaming.AmortizeCPUToGPUCopy:0]]
[2019.01.06-17.45.22:131][  0]LogConfig: Setting CVar [[r.Streaming.MaxNumTexturesToStreamPerFrame:0]]
[2019.01.06-17.45.22:131][  0]LogConfig: Setting CVar [[r.Streaming.Boost:1]]
[2019.01.06-17.45.22:131][  0]LogConfig: Setting CVar [[r.MaxAnisotropy:8]]
[2019.01.06-17.45.22:131][  0]LogConfig: Setting CVar [[r.Streaming.LimitPoolSizeToVRAM:0]]
[2019.01.06-17.45.22:131][  0]LogConfig: Setting CVar [[r.Streaming.PoolSize:1000]]
[2019.01.06-17.45.22:131][  0]LogConfig: Setting CVar [[r.Streaming.MaxEffectiveScreenSize:0]]
[2019.01.06-17.45.22:131][  0]LogConfig: Applying CVar settings from Section [EffectsQuality@3] File [D:/Users/kalav/Documents/Unreal Projects/SibStory/Saved/Config/Windows/Scalability.ini]
[2019.01.06-17.45.22:131][  0]LogConfig: Setting CVar [[r.TranslucencyLightingVolumeDim:64]]
[2019.01.06-17.45.22:131][  0]LogConfig: Setting CVar [[r.RefractionQuality:2]]
[2019.01.06-17.45.22:131][  0]LogConfig: Setting CVar [[r.SSR.Quality:3]]
[2019.01.06-17.45.22:131][  0]LogConfig: Setting CVar [[r.SceneColorFormat:4]]
[2019.01.06-17.45.22:131][  0]LogConfig: Setting CVar [[r.DetailMode:2]]
[2019.01.06-17.45.22:131][  0]LogConfig: Setting CVar [[r.TranslucencyVolumeBlur:1]]
[2019.01.06-17.45.22:131][  0]LogConfig: Setting CVar [[r.MaterialQualityLevel:1 ; High quality]]
[2019.01.06-17.45.22:131][  0]LogConfig: Setting CVar [[r.SSS.Scale:1]]
[2019.01.06-17.45.22:131][  0]LogConfig: Setting CVar [[r.SSS.SampleSet:2]]
[2019.01.06-17.45.22:131][  0]LogConfig: Setting CVar [[r.SSS.Quality:1]]
[2019.01.06-17.45.22:131][  0]LogConfig: Setting CVar [[r.SSS.HalfRes:1]]
[2019.01.06-17.45.22:131][  0]LogConfig: Setting CVar [[r.EmitterSpawnRateScale:1.0]]
[2019.01.06-17.45.22:131][  0]LogConfig: Setting CVar [[r.ParticleLightQuality:2]]
[2019.01.06-17.45.22:131][  0]LogConfig: Applying CVar settings from Section [FoliageQuality@3] File [D:/Users/kalav/Documents/Unreal Projects/SibStory/Saved/Config/Windows/Scalability.ini]
[2019.01.06-17.45.22:131][  0]LogConfig: Setting CVar [[foliage.DensityScale:1.0]]
[2019.01.06-17.45.22:131][  0]LogConfig: Setting CVar [[grass.DensityScale:1.0]]
[2019.01.06-17.45.22:131][  0]LogInit: Selected Device Profile: [Windows]
[2019.01.06-17.45.22:131][  0]LogInit: Applying CVar settings loaded from the selected device profile: [Windows]
[2019.01.06-17.45.22:143][  0]LogHAL: Display: Platform has ~ 16 GB [17162153984 / 17179869184 / 16], which maps to Larger [LargestMinGB=32, LargerMinGB=12, DefaultMinGB=8, SmallerMinGB=6, SmallestMinGB=0)
[2019.01.06-17.45.22:143][  0]LogConfig: Setting CVar [[r.Vulkan.UseRealUBs:1]]
[2019.01.06-17.45.22:143][  0]LogInit: Going up to parent DeviceProfile []
[2019.01.06-17.45.22:143][  0]LogConfig: Applying CVar settings from Section [ViewDistanceQuality@3] File [D:/Users/kalav/Documents/Unreal Projects/SibStory/Saved/Config/Windows/Scalability.ini]
[2019.01.06-17.45.22:143][  0]LogConfig: Setting CVar [[r.SkeletalMeshLODBias:0]]
[2019.01.06-17.45.22:143][  0]LogConfig: Setting CVar [[r.ViewDistanceScale:1.0]]
[2019.01.06-17.45.22:143][  0]LogConfig: Applying CVar settings from Section [AntiAliasingQuality@3] File [D:/Users/kalav/Documents/Unreal Projects/SibStory/Saved/Config/Windows/Scalability.ini]
[2019.01.06-17.45.22:143][  0]LogConfig: Setting CVar [[r.PostProcessAAQuality:4]]
[2019.01.06-17.45.22:143][  0]LogConfig: Applying CVar settings from Section [ShadowQuality@3] File [D:/Users/kalav/Documents/Unreal Projects/SibStory/Saved/Config/Windows/Scalability.ini]
[2019.01.06-17.45.22:143][  0]LogConfig: Setting CVar [[r.LightFunctionQuality:1]]
[2019.01.06-17.45.22:143][  0]LogConfig: Setting CVar [[r.ShadowQuality:5]]
[2019.01.06-17.45.22:143][  0]LogConfig: Setting CVar [[r.Shadow.CSM.MaxCascades:10]]
[2019.01.06-17.45.22:143][  0]LogConfig: Setting CVar [[r.Shadow.MaxResolution:2048]]
[2019.01.06-17.45.22:143][  0]LogConfig: Setting CVar [[r.Shadow.MaxCSMResolution:2048]]
[2019.01.06-17.45.22:143][  0]LogConfig: Setting CVar [[r.Shadow.RadiusThreshold:0.01]]
[2019.01.06-17.45.22:143][  0]LogConfig: Setting CVar [[r.Shadow.DistanceScale:1.0]]
[2019.01.06-17.45.22:143][  0]LogConfig: Setting CVar [[r.Shadow.CSM.TransitionScale:1.0]]
[2019.01.06-17.45.22:143][  0]LogConfig: Setting CVar [[r.Shadow.PreShadowResolutionFactor:1.0]]
[2019.01.06-17.45.22:143][  0]LogConfig: Setting CVar [[r.DistanceFieldShadowing:1]]
[2019.01.06-17.45.22:144][  0]LogConfig: Setting CVar [[r.DistanceFieldAO:1]]
[2019.01.06-17.45.22:144][  0]LogConfig: Setting CVar [[r.AOQuality:2]]
[2019.01.06-17.45.22:144][  0]LogConfig: Setting CVar [[r.VolumetricFog:1]]
[2019.01.06-17.45.22:144][  0]LogConfig: Setting CVar [[r.VolumetricFog.GridPixelSize:8]]
[2019.01.06-17.45.22:144][  0]LogConfig: Setting CVar [[r.VolumetricFog.GridSizeZ:128]]
[2019.01.06-17.45.22:144][  0]LogConfig: Setting CVar [[r.VolumetricFog.HistoryMissSupersampleCount:4]]
[2019.01.06-17.45.22:144][  0]LogConfig: Setting CVar [[r.LightMaxDrawDistanceScale:1]]
[2019.01.06-17.45.22:144][  0]LogConfig: Setting CVar [[r.CapsuleShadows:1]]
[2019.01.06-17.45.22:144][  0]LogConfig: Applying CVar settings from Section [PostProcessQuality@3] File [D:/Users/kalav/Documents/Unreal Projects/SibStory/Saved/Config/Windows/Scalability.ini]
[2019.01.06-17.45.22:144][  0]LogConfig: Setting CVar [[r.MotionBlurQuality:4]]
[2019.01.06-17.45.22:144][  0]LogConfig: Setting CVar [[r.AmbientOcclusionMipLevelFactor:0.4]]
[2019.01.06-17.45.22:144][  0]LogConfig: Setting CVar [[r.AmbientOcclusionMaxQuality:100]]
[2019.01.06-17.45.22:144][  0]LogConfig: Setting CVar [[r.AmbientOcclusionLevels:-1]]
[2019.01.06-17.45.22:144][  0]LogConfig: Setting CVar [[r.AmbientOcclusionRadiusScale:1.0]]
[2019.01.06-17.45.22:144][  0]LogConfig: Setting CVar [[r.DepthOfFieldQuality:2]]
[2019.01.06-17.45.22:144][  0]LogConfig: Setting CVar [[r.RenderTargetPoolMin:400]]
[2019.01.06-17.45.22:144][  0]LogConfig: Setting CVar [[r.LensFlareQuality:2]]
[2019.01.06-17.45.22:144][  0]LogConfig: Setting CVar [[r.SceneColorFringeQuality:1]]
[2019.01.06-17.45.22:144][  0]LogConfig: Setting CVar [[r.EyeAdaptationQuality:2]]
[2019.01.06-17.45.22:144][  0]LogConfig: Setting CVar [[r.BloomQuality:5]]
[2019.01.06-17.45.22:144][  0]LogConfig: Setting CVar [[r.FastBlurThreshold:100]]
[2019.01.06-17.45.22:144][  0]LogConfig: Setting CVar [[r.Upscale.Quality:3]]
[2019.01.06-17.45.22:144][  0]LogConfig: Setting CVar [[r.Tonemapper.GrainQuantization:1]]
[2019.01.06-17.45.22:144][  0]LogConfig: Setting CVar [[r.LightShaftQuality:1]]
[2019.01.06-17.45.22:144][  0]LogConfig: Setting CVar [[r.Filter.SizeScale:1]]
[2019.01.06-17.45.22:144][  0]LogConfig: Setting CVar [[r.Tonemapper.Quality:5]]
[2019.01.06-17.45.22:144][  0]LogConfig: Setting CVar [[r.DOF.Gather.AccumulatorQuality:1        ; higher gathering accumulator quality]]
[2019.01.06-17.45.22:144][  0]LogConfig: Setting CVar [[r.DOF.Gather.PostfilterMethod:1          ; Median3x3 postfilering method]]
[2019.01.06-17.45.22:144][  0]LogConfig: Setting CVar [[r.DOF.Gather.EnableBokehSettings:0       ; no bokeh simulation when gathering]]
[2019.01.06-17.45.22:144][  0]LogConfig: Setting CVar [[r.DOF.Gather.RingCount:4                 ; medium number of samples when gathering]]
[2019.01.06-17.45.22:144][  0]LogConfig: Setting CVar [[r.DOF.Scatter.ForegroundCompositing:1    ; additive foreground scattering]]
[2019.01.06-17.45.22:144][  0]LogConfig: Setting CVar [[r.DOF.Scatter.BackgroundCompositing:2    ; additive background scattering]]
[2019.01.06-17.45.22:144][  0]LogConfig: Setting CVar [[r.DOF.Scatter.EnableBokehSettings:1      ; bokeh simulation when scattering]]
[2019.01.06-17.45.22:144][  0]LogConfig: Setting CVar [[r.DOF.Scatter.MaxSpriteRatio:0.1         ; only a maximum of 10% of scattered bokeh]]
[2019.01.06-17.45.22:144][  0]LogConfig: Setting CVar [[r.DOF.Recombine.Quality:1                ; cheap slight out of focus]]
[2019.01.06-17.45.22:144][  0]LogConfig: Setting CVar [[r.DOF.Recombine.EnableBokehSettings:0    ; no bokeh simulation on slight out of focus]]
[2019.01.06-17.45.22:144][  0]LogConfig: Setting CVar [[r.DOF.TemporalAAQuality:1                ; more stable temporal accumulation]]
[2019.01.06-17.45.22:144][  0]LogConfig: Setting CVar [[r.DOF.Kernel.MaxForegroundRadius:0.025]]
[2019.01.06-17.45.22:144][  0]LogConfig: Setting CVar [[r.DOF.Kernel.MaxBackgroundRadius:0.025]]
[2019.01.06-17.45.22:144][  0]LogConfig: Applying CVar settings from Section [TextureQuality@3] File [D:/Users/kalav/Documents/Unreal Projects/SibStory/Saved/Config/Windows/Scalability.ini]
[2019.01.06-17.45.22:144][  0]LogConfig: Setting CVar [[r.Streaming.MipBias:0]]
[2019.01.06-17.45.22:144][  0]LogConfig: Setting CVar [[r.Streaming.AmortizeCPUToGPUCopy:0]]
[2019.01.06-17.45.22:144][  0]LogConfig: Setting CVar [[r.Streaming.MaxNumTexturesToStreamPerFrame:0]]
[2019.01.06-17.45.22:144][  0]LogConfig: Setting CVar [[r.Streaming.Boost:1]]
[2019.01.06-17.45.22:144][  0]LogConfig: Setting CVar [[r.MaxAnisotropy:8]]
[2019.01.06-17.45.22:144][  0]LogConfig: Setting CVar [[r.Streaming.LimitPoolSizeToVRAM:0]]
[2019.01.06-17.45.22:144][  0]LogConfig: Setting CVar [[r.Streaming.PoolSize:1000]]
[2019.01.06-17.45.22:144][  0]LogConfig: Setting CVar [[r.Streaming.MaxEffectiveScreenSize:0]]
[2019.01.06-17.45.22:144][  0]LogConfig: Applying CVar settings from Section [EffectsQuality@3] File [D:/Users/kalav/Documents/Unreal Projects/SibStory/Saved/Config/Windows/Scalability.ini]
[2019.01.06-17.45.22:144][  0]LogConfig: Setting CVar [[r.TranslucencyLightingVolumeDim:64]]
[2019.01.06-17.45.22:144][  0]LogConfig: Setting CVar [[r.RefractionQuality:2]]
[2019.01.06-17.45.22:144][  0]LogConfig: Setting CVar [[r.SSR.Quality:3]]
[2019.01.06-17.45.22:144][  0]LogConfig: Setting CVar [[r.SceneColorFormat:4]]
[2019.01.06-17.45.22:144][  0]LogConfig: Setting CVar [[r.DetailMode:2]]
[2019.01.06-17.45.22:144][  0]LogConfig: Setting CVar [[r.TranslucencyVolumeBlur:1]]
[2019.01.06-17.45.22:144][  0]LogConfig: Setting CVar [[r.MaterialQualityLevel:1 ; High quality]]
[2019.01.06-17.45.22:144][  0]LogConfig: Setting CVar [[r.SSS.Scale:1]]
[2019.01.06-17.45.22:144][  0]LogConfig: Setting CVar [[r.SSS.SampleSet:2]]
[2019.01.06-17.45.22:144][  0]LogConfig: Setting CVar [[r.SSS.Quality:1]]
[2019.01.06-17.45.22:144][  0]LogConfig: Setting CVar [[r.SSS.HalfRes:1]]
[2019.01.06-17.45.22:144][  0]LogConfig: Setting CVar [[r.EmitterSpawnRateScale:1.0]]
[2019.01.06-17.45.22:144][  0]LogConfig: Setting CVar [[r.ParticleLightQuality:2]]
[2019.01.06-17.45.22:144][  0]LogConfig: Applying CVar settings from Section [FoliageQuality@3] File [D:/Users/kalav/Documents/Unreal Projects/SibStory/Saved/Config/Windows/Scalability.ini]
[2019.01.06-17.45.22:144][  0]LogConfig: Setting CVar [[foliage.DensityScale:1.0]]
[2019.01.06-17.45.22:144][  0]LogConfig: Setting CVar [[grass.DensityScale:1.0]]
[2019.01.06-17.45.22:144][  0]LogConfig: Applying CVar settings from Section [Startup] File [../../../Engine/Config/ConsoleVariables.ini]
[2019.01.06-17.45.22:145][  0]LogConfig: Setting CVar [[net.UseAdaptiveNetUpdateFrequency:0]]
[2019.01.06-17.45.22:145][  0]LogConfig: Applying CVar settings from Section [ConsoleVariables] File [D:/Users/kalav/Documents/Unreal Projects/SibStory/Saved/Config/Windows/Engine.ini]
[2019.01.06-17.45.22:145][  0]LogInit: Computer: DESKTOP-7BC9OFJ
[2019.01.06-17.45.22:145][  0]LogInit: User: kalav
[2019.01.06-17.45.22:145][  0]LogInit: CPU Page size=4096, Cores=4
[2019.01.06-17.45.22:145][  0]LogInit: High frequency timer resolution =3.312789 MHz
[2019.01.06-17.45.22:145][  0]LogMemory: Memory total: Physical=16.0GB (16GB approx)
[2019.01.06-17.45.22:145][  0]LogMemory: Platform Memory Stats for Windows
[2019.01.06-17.45.22:145][  0]LogMemory: Process Physical Memory: 101.90 MB used, 101.90 MB peak
[2019.01.06-17.45.22:145][  0]LogMemory: Process Virtual Memory: 91.32 MB used, 91.32 MB peak
[2019.01.06-17.45.22:145][  0]LogMemory: Physical Memory: 5704.82 MB used,  10662.29 MB free, 16367.11 MB total
[2019.01.06-17.45.22:145][  0]LogMemory: Virtual Memory: 4652.67 MB used,  134213072.00 MB free, 134217728.00 MB total
[2019.01.06-17.45.22:163][  0]LogInit: Using OS detected language (ru-RU).
[2019.01.06-17.45.22:163][  0]LogInit: Using OS detected locale (ru-RU).
[2019.01.06-17.45.22:164][  0]LogTextLocalizationManager: No specific localization for 'ru-RU' exists, so the 'ru' localization will be used.
[2019.01.06-17.45.22:168][  0]LogStreaming: Display: Took  0.006s to InitEngineTextLocalization.
[2019.01.06-17.45.22:168][  0]LogInit: Setting process to per monitor DPI aware
[2019.01.06-17.45.22:209][  0]LogSlate: New Slate User Created.  User Index 0, Is Virtual User: 0
[2019.01.06-17.45.22:209][  0]LogSlate: Slate User Registered.  User Index 0, Is Virtual User: 0
[2019.01.06-17.45.22:558][  0]LogHMD: Failed to initialize OpenVR with code 110
[2019.01.06-17.45.22:558][  0]LogD3D11RHI: D3D11 adapters:
[2019.01.06-17.45.22:604][  0]LogD3D11RHI:    0. 'NVIDIA GeForce GTX 550 Ti' (Feature Level 11_0)
[2019.01.06-17.45.22:604][  0]LogD3D11RHI:       977/0/8183 MB DedicatedVideo/DedicatedSystem/SharedSystem, Outputs:2, VendorId:0x10de
[2019.01.06-17.45.22:606][  0]LogD3D11RHI:    1. 'Microsoft Basic Render Driver' (Feature Level 11_0)
[2019.01.06-17.45.22:606][  0]LogD3D11RHI:       0/0/8183 MB DedicatedVideo/DedicatedSystem/SharedSystem, Outputs:0, VendorId:0x1414
[2019.01.06-17.45.22:606][  0]LogD3D11RHI: Chosen D3D11 Adapter: 0
[2019.01.06-17.45.22:612][  0]LogD3D11RHI: Creating new Direct3DDevice
[2019.01.06-17.45.22:612][  0]LogD3D11RHI:     GPU DeviceId: 0x1244 (for the marketing name, search the web for "GPU Device Id")
[2019.01.06-17.45.22:612][  0]LogWindows: EnumDisplayDevices:
[2019.01.06-17.45.22:613][  0]LogWindows:    0. 'NVIDIA GeForce GTX 550 Ti' (P:0 D:1)
[2019.01.06-17.45.22:613][  0]LogWindows:    1. 'NVIDIA GeForce GTX 550 Ti' (P:1 D:1)
[2019.01.06-17.45.22:613][  0]LogWindows: DebugString: FoundDriverCount:2 
[2019.01.06-17.45.22:613][  0]LogD3D11RHI:     Adapter Name: NVIDIA GeForce GTX 550 Ti
[2019.01.06-17.45.22:613][  0]LogD3D11RHI:   Driver Version: 388.13 (internal:23.21.13.8813, unified:388.13)
[2019.01.06-17.45.22:613][  0]LogD3D11RHI:      Driver Date: 10-27-2017
[2019.01.06-17.45.22:613][  0]LogRHI: Texture pool is 683 MB (70% of 977 MB)
[2019.01.06-17.45.22:648][  0]LogD3D11RHI: Display: Timestamp queries are currently disabled on this hardware due to instability. Realtime GPU stats will not be available. You can override this behaviour by setting r.NVIDIATimestampWorkaround to 0
[2019.01.06-17.45.22:649][  0]LogD3D11RHI: Async texture creation enabled
[2019.01.06-17.45.22:660][  0]LogD3D11RHI: GPU Timing Frequency: 1000.000000 (Debug: 2 1)
[2019.01.06-17.45.23:082][  0]LogTemp: Display: Loaded TP AllDesktopTargetPlatform
[2019.01.06-17.45.23:097][  0]LogTemp: Display: Loaded TP MacClientTargetPlatform
[2019.01.06-17.45.23:114][  0]LogTemp: Display: Loaded TP MacNoEditorTargetPlatform
[2019.01.06-17.45.23:130][  0]LogTemp: Display: Loaded TP MacServerTargetPlatform
[2019.01.06-17.45.23:146][  0]LogTemp: Display: Loaded TP MacTargetPlatform
[2019.01.06-17.45.23:162][  0]LogTemp: Display: Loaded TP WindowsClientTargetPlatform
[2019.01.06-17.45.23:178][  0]LogTemp: Display: Loaded TP WindowsNoEditorTargetPlatform
[2019.01.06-17.45.23:195][  0]LogTemp: Display: Loaded TP WindowsServerTargetPlatform
[2019.01.06-17.45.23:202][  0]LogTemp: Display: Loaded TP WindowsTargetPlatform
[2019.01.06-17.45.23:311][  0]LogTemp: Display: Loaded TP AndroidTargetPlatform
[2019.01.06-17.45.23:311][  0]LogTemp: Display: Loaded TP AndroidTargetPlatform
[2019.01.06-17.45.23:311][  0]LogTemp: Display: Loaded TP AndroidTargetPlatform
[2019.01.06-17.45.23:311][  0]LogTemp: Display: Loaded TP AndroidTargetPlatform
[2019.01.06-17.45.23:311][  0]LogTemp: Display: Loaded TP AndroidTargetPlatform
[2019.01.06-17.45.23:311][  0]LogTemp: Display: Loaded TP AndroidTargetPlatform
[2019.01.06-17.45.23:311][  0]LogTemp: Display: Loaded TP AndroidTargetPlatform
[2019.01.06-17.45.23:311][  0]LogTemp: Display: Loaded TP AndroidTargetPlatform
[2019.01.06-17.45.23:311][  0]LogTemp: Display: Loaded TP AndroidTargetPlatform
[2019.01.06-17.45.23:311][  0]LogTemp: Display: Loaded TP AndroidTargetPlatform
[2019.01.06-17.45.23:311][  0]LogTemp: Display: Loaded TP AndroidTargetPlatform
[2019.01.06-17.45.23:311][  0]LogTemp: Display: Loaded TP AndroidTargetPlatform
[2019.01.06-17.45.23:311][  0]LogTemp: Display: Loaded TP AndroidTargetPlatform
[2019.01.06-17.45.23:311][  0]LogTemp: Display: Loaded TP AndroidTargetPlatform
[2019.01.06-17.45.23:311][  0]LogTemp: Display: Loaded TP AndroidTargetPlatform
[2019.01.06-17.45.23:311][  0]LogTemp: Display: Loaded TP AndroidTargetPlatform
[2019.01.06-17.45.23:311][  0]LogTemp: Display: Loaded TP AndroidTargetPlatform
[2019.01.06-17.45.23:311][  0]LogTemp: Display: Loaded TP AndroidTargetPlatform
[2019.01.06-17.45.23:312][  0]LogTemp: Display: Loaded TP HTML5TargetPlatform
[2019.01.06-17.45.23:379][  0]LogTemp: Display: Loaded TP IOSTargetPlatform
[2019.01.06-17.45.23:379][  0]LogTemp: Display: Loaded TP IOSTargetPlatform
[2019.01.06-17.45.23:409][  0]LogTemp: Display: Loaded TP TVOSTargetPlatform
[2019.01.06-17.45.23:409][  0]LogTemp: Display: Loaded TP TVOSTargetPlatform
[2019.01.06-17.45.23:424][  0]LogTemp: Display: Loaded TP LinuxClientTargetPlatform
[2019.01.06-17.45.23:441][  0]LogTemp: Display: Loaded TP LinuxNoEditorTargetPlatform
[2019.01.06-17.45.23:458][  0]LogTemp: Display: Loaded TP LinuxServerTargetPlatform
[2019.01.06-17.45.23:476][  0]LogTemp: Display: Loaded TP LinuxTargetPlatform
[2019.01.06-17.45.23:532][  0]LogTemp: Display: Loaded TP LuminTargetPlatform
[2019.01.06-17.45.23:532][  0]LogTemp: Display: Loaded TP LuminTargetPlatform
[2019.01.06-17.45.23:532][  0]LogTargetPlatformManager: Display: Building Assets For Windows
[2019.01.06-17.45.23:588][  0]LogShaderCompilers: Guid format shader working directory is -18 characters bigger than the processId version (../../../../../../Users/kalav/Documents/Unreal Projects/SibStory/Intermediate/Shaders/WorkingDirectory/9944/).
[2019.01.06-17.45.23:588][  0]LogShaderCompilers: Cleaned the shader compiler working directory 'C:/Users/kalav/AppData/Local/Temp/UnrealShaderWorkingDir/B32AAE1C41132444AD72F697990C3D5B/'.
[2019.01.06-17.45.23:590][  0]LogXGEController: Cannot use XGE Controller as Incredibuild is not installed on this machine.
[2019.01.06-17.45.23:591][  0]LogShaderCompilers: Cannot use XGE Shader Compiler as Incredibuild is not installed on this machine.
[2019.01.06-17.45.23:591][  0]LogShaderCompilers: Display: Using Local Shader Compiler.
[2019.01.06-17.45.24:226][  0]LogDerivedDataCache: Display: Max Cache Size: 512 MB
[2019.01.06-17.45.24:281][  0]LogDerivedDataCache: Loaded boot cache 0.05s 71MB C:/Users/kalav/AppData/Local/UnrealEngine/4.21/DerivedDataCache/Boot.ddc.
[2019.01.06-17.45.24:281][  0]LogDerivedDataCache: Display: Loaded Boot cache: C:/Users/kalav/AppData/Local/UnrealEngine/4.21/DerivedDataCache/Boot.ddc
[2019.01.06-17.45.24:281][  0]LogDerivedDataCache: FDerivedDataBackendGraph:  Pak pak cache file ../../../../../../Users/kalav/Documents/Unreal Projects/SibStory/DerivedDataCache/DDC.ddp not found, will not use a pak cache.
[2019.01.06-17.45.24:281][  0]LogDerivedDataCache: Unable to find inner node Pak for hierarchical cache Hierarchy.
[2019.01.06-17.45.24:281][  0]LogDerivedDataCache: FDerivedDataBackendGraph:  CompressedPak pak cache file ../../../../../../Users/kalav/Documents/Unreal Projects/SibStory/DerivedDataCache/Compressed.ddp not found, will not use a pak cache.
[2019.01.06-17.45.24:281][  0]LogDerivedDataCache: Unable to find inner node CompressedPak for hierarchical cache Hierarchy.
[2019.01.06-17.45.24:297][  0]LogDerivedDataCache: Display: Pak cache opened for reading ../../../Engine/DerivedDataCache/Compressed.ddp.
[2019.01.06-17.45.24:297][  0]LogDerivedDataCache: FDerivedDataBackendGraph:  EnterprisePak pak cache file ../../../Enterprise/DerivedDataCache/Compressed.ddp not found, will not use a pak cache.
[2019.01.06-17.45.24:297][  0]LogDerivedDataCache: Unable to find inner node EnterprisePak for hierarchical cache Hierarchy.
[2019.01.06-17.45.24:309][  0]LogDerivedDataCache: Using Local data cache path C:/Users/kalav/AppData/Local/UnrealEngine/Common/DerivedDataCache: Writable
[2019.01.06-17.45.24:309][  0]LogDerivedDataCache: Shared data cache path not found in *engine.ini, will not use an Shared cache.
[2019.01.06-17.45.24:309][  0]LogDerivedDataCache: Unable to find inner node Shared for hierarchical cache Hierarchy.
[2019.01.06-17.45.24:336][  0]LogMaterial: Verifying Global Shaders for PCD3D_SM5
[2019.01.06-17.45.24:337][  0]LogSlate: Using FreeType 2.6.0
[2019.01.06-17.45.24:338][  0]LogSlate: SlateFontServices - WITH_FREETYPE: 1, WITH_HARFBUZZ: 1
[2019.01.06-17.45.24:444][  0]LogAssetRegistry: FAssetRegistry took 0.0357 seconds to start up
[2019.01.06-17.45.24:873][  0]LogInit: Selected Device Profile: [Windows]
[2019.01.06-17.45.25:059][  0]LogSimplygon: Simplygon DLL not present - disabling.
[2019.01.06-17.45.25:063][  0]LogMeshReduction: Using SimplygonSwarm for distributed automatic mesh merging
[2019.01.06-17.45.25:063][  0]LogMeshReduction: Using ProxyLODMeshReduction for automatic mesh merging
[2019.01.06-17.45.25:063][  0]LogMeshReduction: Using QuadricMeshReduction for automatic static mesh reduction
[2019.01.06-17.45.25:063][  0]LogMeshReduction: No automatic skeletal mesh reduction module available
[2019.01.06-17.45.25:079][  0]LogNetVersion: SibStory 1.0.0, NetCL: 4541578, EngineNetVer: 5, GameNetVer: 0 (Checksum: 586790377)
[2019.01.06-17.45.25:698][  0]LogPackageLocalizationCache: Processed 12 localized package path(s) for 2 prioritized culture(s) in 0.111297 seconds
[2019.01.06-17.45.25:708][  0]LogUObjectArray: 39775 objects as part of root set at end of initial load.
[2019.01.06-17.45.25:708][  0]LogUObjectAllocator: 6914664 out of 0 bytes used by permanent object pool.
[2019.01.06-17.45.25:708][  0]LogUObjectArray: CloseDisregardForGC: 0/0 objects in disregard for GC pool
[2019.01.06-17.45.26:792][  0]LogDlgSystem: Verbose: Creating new DlgGuid = `3DA22CAE4671502ABD8A7E9E07895F7C` for Dialogue = `/Script/DlgSystem.Default__DlgDialogue` because of new created Dialogue.
[2019.01.06-17.45.26:793][  0]LogDlgSystem: Verbose: Started DlgSystemModule
[2019.01.06-17.45.26:800][  0]LogDlgSystemEditor: Verbose: Started DlgSystemEditorModule
[2019.01.06-17.45.26:806][  0]LogTcpMessaging: Initializing TcpMessaging bridge
[2019.01.06-17.45.26:820][  0]LogUdpMessaging: Initializing bridge on interface 0.0.0.0:0 to multicast group 230.0.0.1:6666.
[2019.01.06-17.45.27:730][  0]SourceControl: Source control is disabled
[2019.01.06-17.45.27:730][  0]SourceControl: Source control is disabled
[2019.01.06-17.45.27:731][  0]SourceControl: Source control is disabled
[2019.01.06-17.45.27:733][  0]SourceControl: Source control is disabled
[2019.01.06-17.45.27:919][  0]LogAndroidPermission: UAndroidPermissionCallbackProxy::GetInstance
[2019.01.06-17.45.28:009][  0]LogOcInput: OculusInput pre-init called
[2019.01.06-17.45.28:156][  0]LogEngine: Initializing Engine...
[2019.01.06-17.45.28:156][  0]LogHMD: Failed to initialize OpenVR with code 110
[2019.01.06-17.45.28:158][  0]LogStats: UGameplayTagsManager::ConstructGameplayTagTree: ImportINI prefixes -  0.000 s
[2019.01.06-17.45.28:158][  0]LogStats: UGameplayTagsManager::ConstructGameplayTagTree: Construct from data asset -  0.000 s
[2019.01.06-17.45.28:158][  0]LogStats: UGameplayTagsManager::ConstructGameplayTagTree: ImportINI -  0.000 s
[2019.01.06-17.45.28:158][  0]LogStats: UGameplayTagsManager::ConstructGameplayTagTree: GameplayTagTreeChangedEvent.Broadcast -  0.000 s
[2019.01.06-17.45.28:436][  0]LogInit: Initializing FReadOnlyCVARCache
[2019.01.06-17.45.28:449][  0]LogAIModule: Creating AISystem for world Untitled
[2019.01.06-17.45.28:472][  0]LogInit: XAudio2 using 'Динамики (Realtek High Definition Audio)' : 2 channels at 48 kHz using 32 bits per sample (channel mask 0x3)
[2019.01.06-17.45.28:488][  0]LogInit: FAudioDevice initialized.
[2019.01.06-17.45.28:488][  0]LogNetVersion: Set ProjectVersion to 0.0.1p. Version Checksum will be recalculated on next use.
[2019.01.06-17.45.28:583][  0]LogDerivedDataCache: Saved boot cache 0.10s 71MB C:/Users/kalav/AppData/Local/UnrealEngine/4.21/DerivedDataCache/Boot.ddc.
[2019.01.06-17.45.28:595][  0]LogInit: Texture streaming: Enabled
[2019.01.06-17.45.28:611][  0]LogEngineSessionManager: EngineSessionManager initialized
[2019.01.06-17.45.28:623][  0]LogInit: Transaction tracking system initialized
[2019.01.06-17.45.28:645][  0]BlueprintLog: New page: Editor Load
[2019.01.06-17.45.28:719][  0]LocalizationService: Localization service is disabled
[2019.01.06-17.45.29:222][  0]LogFileCache: Scanning file cache for directory 'D:/Users/kalav/Documents/Unreal Projects/SibStory/Content/' took 0.01s
[2019.01.06-17.45.29:222][  0]LogCook: Display: Max memory allowance for cook 16384mb min free memory 0mb
[2019.01.06-17.45.29:222][  0]LogCook: Display: Mobile HDR setting 0
[2019.01.06-17.45.29:223][  0]LogGameplayTags: Display: UGameplayTagsManager::DoneAddingNativeTags. DelegateIsBound: 0
[2019.01.06-17.45.29:223][  0]LogStats: UGameplayTagsManager::ConstructGameplayTagTree: ImportINI prefixes -  0.000 s
[2019.01.06-17.45.29:223][  0]LogStats: UGameplayTagsManager::ConstructGameplayTagTree: Construct from data asset -  0.000 s
[2019.01.06-17.45.29:223][  0]LogStats: UGameplayTagsManager::ConstructGameplayTagTree: ImportINI -  0.000 s
[2019.01.06-17.45.29:223][  0]LogStats: UGameplayTagsManager::ConstructGameplayTagTree: GameplayTagTreeChangedEvent.Broadcast -  0.000 s
[2019.01.06-17.45.29:223][  0]LogDlgSystemEditor: Verbose: DlgSystemEditorModule::HandleOnPostEngineInit
[2019.01.06-17.45.29:377][  0]LogDlgSystem: Verbose: Creating graph for Dialogue = `/Game/Blueprints/Stories/01_A_suspect.01_A_suspect`
[2019.01.06-17.45.29:377][  0]LogDlgSystem: Verbose: Creating new DlgGuid = `C74DC3524B1A3732CA135B9C38080CE2` for Dialogue = `/Game/Blueprints/Stories/01_A_suspect.01_A_suspect` because of new created Dialogue.
[2019.01.06-17.45.29:379][  0]LogDlgSystem: Verbose: Creating graph for Dialogue = `/Game/Blueprints/Stories/02_Black_Gunslinger.02_Black_Gunslinger`
[2019.01.06-17.45.29:379][  0]LogDlgSystem: Verbose: Creating new DlgGuid = `F1FDFCEB4BCF3B8F6F3DEEA3CCB6CC09` for Dialogue = `/Game/Blueprints/Stories/02_Black_Gunslinger.02_Black_Gunslinger` because of new created Dialogue.
[2019.01.06-17.45.29:381][  0]LogDlgSystem: Verbose: Creating graph for Dialogue = `/Game/Blueprints/Stories/03_Long_Space_Farewell.03_Long_Space_Farewell`
[2019.01.06-17.45.29:381][  0]LogDlgSystem: Verbose: Creating new DlgGuid = `115AD46D43F83522C3293F9D36EB09B2` for Dialogue = `/Game/Blueprints/Stories/03_Long_Space_Farewell.03_Long_Space_Farewell` because of new created Dialogue.
[2019.01.06-17.45.29:382][  0]LogDlgSystem: Verbose: Creating graph for Dialogue = `/Game/Blueprints/Stories/04_Marriage_or_Poverty.04_Marriage_or_Poverty`
[2019.01.06-17.45.29:382][  0]LogDlgSystem: Verbose: Creating new DlgGuid = `EC5B7EA348069F1A3B6C4E97C182E3A7` for Dialogue = `/Game/Blueprints/Stories/04_Marriage_or_Poverty.04_Marriage_or_Poverty` because of new created Dialogue.
[2019.01.06-17.45.29:384][  0]LogDlgSystem: Verbose: Creating graph for Dialogue = `/Game/Blueprints/Stories/05_MrAmbassador.05_MrAmbassador`
[2019.01.06-17.45.29:384][  0]LogDlgSystem: Verbose: Creating new DlgGuid = `189F8A02444C4003965730B092ECD3C4` for Dialogue = `/Game/Blueprints/Stories/05_MrAmbassador.05_MrAmbassador` because of new created Dialogue.
[2019.01.06-17.45.29:386][  0]LogDlgSystem: Verbose: Creating graph for Dialogue = `/Game/Blueprints/Stories/06_Enter_to_the_Club.06_Enter_to_the_Club`
[2019.01.06-17.45.29:386][  0]LogDlgSystem: Verbose: Creating new DlgGuid = `1206061F429EC2B33A238C8F3759A8CE` for Dialogue = `/Game/Blueprints/Stories/06_Enter_to_the_Club.06_Enter_to_the_Club` because of new created Dialogue.
[2019.01.06-17.45.29:387][  0]LogDlgSystem: Verbose: Creating graph for Dialogue = `/Game/Blueprints/Stories/07_Crown_Secret.07_Crown_Secret`
[2019.01.06-17.45.29:387][  0]LogDlgSystem: Verbose: Creating new DlgGuid = `83B244204A7F0FD862A7688493583ABD` for Dialogue = `/Game/Blueprints/Stories/07_Crown_Secret.07_Crown_Secret` because of new created Dialogue.
[2019.01.06-17.45.29:389][  0]LogDlgSystem: Verbose: Creating graph for Dialogue = `/Game/Blueprints/Stories/08_Shipwreck.08_Shipwreck`
[2019.01.06-17.45.29:389][  0]LogDlgSystem: Verbose: Creating new DlgGuid = `DFDAC41748E7DD82A1F31498E89D514A` for Dialogue = `/Game/Blueprints/Stories/08_Shipwreck.08_Shipwreck` because of new created Dialogue.
[2019.01.06-17.45.29:391][  0]LogDlgSystem: Verbose: Creating graph for Dialogue = `/Game/Blueprints/Stories/09_Little_Crown.09_Little_Crown`
[2019.01.06-17.45.29:391][  0]LogDlgSystem: Verbose: Creating new DlgGuid = `F7CDD9AE4C0D16303C9F27B43AD718CB` for Dialogue = `/Game/Blueprints/Stories/09_Little_Crown.09_Little_Crown` because of new created Dialogue.
[2019.01.06-17.45.29:392][  0]LogDlgSystem: Verbose: Creating graph for Dialogue = `/Game/Blueprints/Stories/10_Escape_from_Zombieland.10_Escape_from_Zombieland`
[2019.01.06-17.45.29:392][  0]LogDlgSystem: Verbose: Creating new DlgGuid = `57C2129A4200B8BC85AA14B2E91B1136` for Dialogue = `/Game/Blueprints/Stories/10_Escape_from_Zombieland.10_Escape_from_Zombieland` because of new created Dialogue.
[2019.01.06-17.45.29:394][  0]LogDlgSystem: Verbose: Creating graph for Dialogue = `/Game/Blueprints/Stories/11_Cool_Dream.11_Cool_Dream`
[2019.01.06-17.45.29:394][  0]LogDlgSystem: Verbose: Creating new DlgGuid = `46E621BB401759A2403DBDBE9F597DC0` for Dialogue = `/Game/Blueprints/Stories/11_Cool_Dream.11_Cool_Dream` because of new created Dialogue.
[2019.01.06-17.45.29:396][  0]LogDlgSystem: Verbose: Creating graph for Dialogue = `/Game/Blueprints/Stories/12_Monastery_Murder.12_Monastery_Murder`
[2019.01.06-17.45.29:396][  0]LogDlgSystem: Verbose: Creating new DlgGuid = `E07F0AE54702D9F23303D683496D9EF2` for Dialogue = `/Game/Blueprints/Stories/12_Monastery_Murder.12_Monastery_Murder` because of new created Dialogue.
[2019.01.06-17.45.29:417][  0]LogDlgSystem: Verbose: Creating graph for Dialogue = `/Game/Blueprints/Stories/Taiga.Taiga`
[2019.01.06-17.45.29:417][  0]LogDlgSystem: Verbose: Creating new DlgGuid = `702AAFAE4B46974035D40F9EB98F247A` for Dialogue = `/Game/Blueprints/Stories/Taiga.Taiga` because of new created Dialogue.
[2019.01.06-17.45.29:437][  0]LogDlgSystem: Verbose: Creating graph for Dialogue = `/DlgSystem/TestDialogue.TestDialogue`
[2019.01.06-17.45.29:438][  0]LogDlgSystem: Verbose: Creating new DlgGuid = `5236E3E2432FD4716A9FDEBD95E8E6DF` for Dialogue = `/DlgSystem/TestDialogue.TestDialogue` because of new created Dialogue.
[2019.01.06-17.45.29:439][  0]LogDlgSystem: Refreshing data for Dialogue = `/DlgSystem/TestDialogue.TestDialogue`
[2019.01.06-17.45.29:440][  0]LogDlgSystemEditor: Verbose: UDlgManager::LoadAllDialoguesIntoMemory loaded 0 Dialogues into Memory
[2019.01.06-17.45.29:583][  0]SourceControl: Source control is disabled
[2019.01.06-17.45.29:583][  0]Cmd: MAP LOAD FILE="../../../../../../Users/kalav/Documents/Unreal Projects/SibStory/Content/Maps/MainMenu.umap" TEMPLATE=0 SHOWPROGRESS=1 FEATURELEVEL=3
[2019.01.06-17.45.29:584][  0]LightingResults: New page: Lighting Build
[2019.01.06-17.45.29:586][  0]MapCheck: New page: Map Check
[2019.01.06-17.45.29:587][  0]LightingResults: New page: Lighting Build
[2019.01.06-17.45.29:755][  0]LogAIModule: Creating AISystem for world MainMenu
[2019.01.06-17.45.29:756][  0]LogEditorServer: Finished looking for orphan Actors (0.000 secs)
[2019.01.06-17.45.29:776][  0]Cmd: MAP CHECKDEP NOCLEARLOG
[2019.01.06-17.45.29:776][  0]MapCheck: Map check complete: 0 Error(s), 0 Warning(s), took 0,122ms to complete.
[2019.01.06-17.45.29:776][  0]LogFileHelpers: Loading map 'MainMenu' took 0.193
[2019.01.06-17.45.29:898][  0]LogSlate: Updating window title bar state: overlay mode, drag disabled, window buttons hidden, title bar hidden
[2019.01.06-17.45.29:907][  0]LogSlate: Updating window title bar state: overlay mode, drag disabled, window buttons hidden, title bar hidden
[2019.01.06-17.45.29:915][  0]LogSlate: Updating window title bar state: overlay mode, drag disabled, window buttons hidden, title bar hidden
[2019.01.06-17.45.29:924][  0]LogSlate: Updating window title bar state: overlay mode, drag disabled, window buttons hidden, title bar hidden
[2019.01.06-17.45.29:931][  0]LogCollectionManager: Loaded 0 collections in 0.001752 seconds
[2019.01.06-17.45.29:971][  0]LogFileCache: Scanning file cache for directory 'D:/Users/kalav/Documents/Unreal Projects/SibStory/Saved/Collections/' took 0.01s
[2019.01.06-17.45.29:971][  0]LogFileCache: Scanning file cache for directory 'D:/Users/kalav/Documents/Unreal Projects/SibStory/Content/Developers/kalav/Collections/' took 0.01s
[2019.01.06-17.45.29:971][  0]LogFileCache: Scanning file cache for directory 'D:/Users/kalav/Documents/Unreal Projects/SibStory/Content/Collections/' took 0.01s
[2019.01.06-17.45.29:971][  0]LogCollectionManager: Rebuilt the GUID cache for 0 collections in 0.000000 seconds
[2019.01.06-17.45.29:983][  0]LogContentBrowser: Native class hierarchy populated in 0.0113 seconds. Added 2697 classes and 635 folders.
[2019.01.06-17.45.29:990][  0]LogContentBrowser: Native class hierarchy updated for 'WidgetCarousel' in 0.0003 seconds. Added 0 classes and 0 folders.
[2019.01.06-17.45.29:992][  0]LogPakFile: Registered encryption key '00000000000000000000000000000000': 0 pak files mounted, 0 remain pending
[2019.01.06-17.45.29:993][  0]LogPakFile: Registered encryption key '00000000000000000000000000000000': 0 pak files mounted, 0 remain pending
[2019.01.06-17.45.29:993][  0]LogPakFile: Registered encryption key '00000000000000000000000000000000': 0 pak files mounted, 0 remain pending
[2019.01.06-17.45.29:994][  0]LogPakFile: Registered encryption key '00000000000000000000000000000000': 0 pak files mounted, 0 remain pending
[2019.01.06-17.45.29:995][  0]LogPakFile: Registered encryption key '00000000000000000000000000000000': 0 pak files mounted, 0 remain pending
[2019.01.06-17.45.29:995][  0]LogPakFile: Registered encryption key '00000000000000000000000000000000': 0 pak files mounted, 0 remain pending
[2019.01.06-17.45.29:996][  0]LogPakFile: Registered encryption key '00000000000000000000000000000000': 0 pak files mounted, 0 remain pending
[2019.01.06-17.45.29:997][  0]LogPakFile: Registered encryption key '00000000000000000000000000000000': 0 pak files mounted, 0 remain pending
[2019.01.06-17.45.29:998][  0]LogPakFile: Registered encryption key '00000000000000000000000000000000': 0 pak files mounted, 0 remain pending
[2019.01.06-17.45.29:998][  0]LogPakFile: Registered encryption key '00000000000000000000000000000000': 0 pak files mounted, 0 remain pending
[2019.01.06-17.45.29:999][  0]LogPakFile: Registered encryption key '00000000000000000000000000000000': 0 pak files mounted, 0 remain pending
[2019.01.06-17.45.30:000][  0]LogPakFile: Registered encryption key '00000000000000000000000000000000': 0 pak files mounted, 0 remain pending
[2019.01.06-17.45.30:000][  0]LogPakFile: Registered encryption key '00000000000000000000000000000000': 0 pak files mounted, 0 remain pending
[2019.01.06-17.45.30:001][  0]LogPakFile: Registered encryption key '00000000000000000000000000000000': 0 pak files mounted, 0 remain pending
[2019.01.06-17.45.30:002][  0]LogPakFile: Registered encryption key '00000000000000000000000000000000': 0 pak files mounted, 0 remain pending
[2019.01.06-17.45.30:003][  0]LogPakFile: Registered encryption key '00000000000000000000000000000000': 0 pak files mounted, 0 remain pending
[2019.01.06-17.45.30:004][  0]LogPakFile: Registered encryption key '00000000000000000000000000000000': 0 pak files mounted, 0 remain pending
[2019.01.06-17.45.30:004][  0]LogPakFile: Registered encryption key '00000000000000000000000000000000': 0 pak files mounted, 0 remain pending
[2019.01.06-17.45.30:005][  0]LogPakFile: Registered encryption key '00000000000000000000000000000000': 0 pak files mounted, 0 remain pending
[2019.01.06-17.45.30:006][  0]LogPakFile: Registered encryption key '00000000000000000000000000000000': 0 pak files mounted, 0 remain pending
[2019.01.06-17.45.30:006][  0]LogPakFile: Registered encryption key '00000000000000000000000000000000': 0 pak files mounted, 0 remain pending
[2019.01.06-17.45.30:007][  0]LogPakFile: Registered encryption key '00000000000000000000000000000000': 0 pak files mounted, 0 remain pending
[2019.01.06-17.45.30:008][  0]LogPakFile: Registered encryption key '00000000000000000000000000000000': 0 pak files mounted, 0 remain pending
[2019.01.06-17.45.30:009][  0]LogPakFile: Registered encryption key '00000000000000000000000000000000': 0 pak files mounted, 0 remain pending
[2019.01.06-17.45.30:009][  0]LogPakFile: Registered encryption key '00000000000000000000000000000000': 0 pak files mounted, 0 remain pending
[2019.01.06-17.45.30:010][  0]LogPakFile: Registered encryption key '00000000000000000000000000000000': 0 pak files mounted, 0 remain pending
[2019.01.06-17.45.30:061][  0]LogContentBrowser: Native class hierarchy updated for 'AddContentDialog' in 0.0003 seconds. Added 0 classes and 0 folders.
[2019.01.06-17.45.30:068][  0]LogContentBrowser: Native class hierarchy updated for 'SceneOutliner' in 0.0004 seconds. Added 1 classes and 2 folders.
[2019.01.06-17.45.30:084][  0]LogSlate: Took 0.000359 seconds to synchronously load lazily loaded font '../../../Engine/Content/Slate/Fonts/Roboto-Regular.ttf' (155K)
[2019.01.06-17.45.30:089][  0]LogSlate: Took 0.000302 seconds to synchronously load lazily loaded font '../../../Engine/Content/Slate/Fonts/Roboto-Bold.ttf' (160K)
[2019.01.06-17.45.30:095][  0]LogSlate: Took 0.000259 seconds to synchronously load lazily loaded font '../../../Engine/Content/Editor/Slate/Fonts/FontAwesome.ttf' (139K)
[2019.01.06-17.45.30:194][  0]LogRenderer: Reallocating scene render targets to support 1056x556 Format 10 NumSamples 1 (Frame:1).
[2019.01.06-17.45.30:241][  0]LogSlate: Took 0.000191 seconds to synchronously load lazily loaded font '../../../Engine/Content/Slate/Fonts/Roboto-Light.ttf' (167K)
[2019.01.06-17.45.30:344][  0]LogContentBrowser: Native class hierarchy updated for 'HierarchicalLODOutliner' in 0.0004 seconds. Added 0 classes and 0 folders.
[2019.01.06-17.45.30:344][  0]LogLoad: (Engine Initialization) Total time: 10.44 seconds
[2019.01.06-17.45.30:344][  0]LogLoad: (Engine Initialization) Total Blueprint compile time: 0.00 seconds
[2019.01.06-17.45.30:355][  0]LogWindowsTextInputMethodSystem: Display: IME system now deactivated.
[2019.01.06-17.45.30:419][  0]LogContentStreaming: Texture pool size now 1000 MB
[2019.01.06-17.45.30:443][  1]LogFileCache: Retrieving MD5 hashes for directory 'D:/Users/kalav/Documents/Unreal Projects/SibStory/Content/' took 0.09s
[2019.01.06-17.45.31:045][ 19]LogCollectionManager: Rebuilt the object cache for 0 collections in 0.000001 seconds (found 0 objects)
[2019.01.06-17.45.31:375][ 56]LogSlate: Took 0.000295 seconds to synchronously load lazily loaded font '../../../Engine/Content/Slate/Fonts/Roboto-Light.ttf' (167K)
[2019.01.06-17.45.33:071][258]LogSlate: FSceneViewport::OnFocusLost() reason 0
[2019.01.06-17.45.33:237][266]LogAssetEditorManager: Opening Asset editor for WidgetBlueprint /Game/Blueprints/UI/GameUI.GameUI
[2019.01.06-17.45.33:564][266]LogContentBrowser: Native class hierarchy updated for 'BlueprintGraph' in 0.0008 seconds. Added 117 classes and 0 folders.
[2019.01.06-17.45.34:593][266]LogAssetEditorManager: Opening Asset editor for WidgetBlueprint /Game/Blueprints/UI/W_DialogueOptions.W_DialogueOptions
[2019.01.06-17.45.34:968][266]LogAssetEditorManager: Opening Asset editor for WidgetBlueprint /Game/Blueprints/UI/StartUI.StartUI
[2019.01.06-17.45.35:361][266]LogSlate: Took 0.000274 seconds to synchronously load lazily loaded font '../../../Engine/Content/Slate/Fonts/Roboto-BoldCondensed.ttf' (158K)
[2019.01.06-17.45.37:596][453]LogLinker: Warning: Can't find file '/Game/Blueprints/Dialogue/W_DialogueOptions'
[2019.01.06-17.45.37:596][453]LogLinker: Warning: Can't find file for asset '/Game/Blueprints/Dialogue/W_DialogueOptions' while loading ../../../../../../Users/kalav/Documents/Unreal Projects/SibStory/Content/Blueprints/GameUI_2019-01-06-23-27-58.uasset.
[2019.01.06-17.45.37:596][453]LoadErrors: Error: /Game/Blueprints/GameUI_2019-01-06-23-27-58 : Can't find file for asset. /Game/Blueprints/Dialogue/W_DialogueOptions
[2019.01.06-17.45.37:598][453]LogLinker: Warning: Can't find file '/Game/Blueprints/Dialogue/W_DialogueOptions'
[2019.01.06-17.45.37:598][453]LogLinker: Warning: Can't find file for asset '/Game/Blueprints/Dialogue/W_DialogueOptions' while loading ../../../../../../Users/kalav/Documents/Unreal Projects/SibStory/Content/Blueprints/GameUI_2019-01-06-23-27-58.uasset.
[2019.01.06-17.45.37:599][453]LogLinker: Warning: Can't find file '/Game/Blueprints/Dialogue/W_DialogueOptions'
[2019.01.06-17.45.37:599][453]LogLinker: Warning: Can't find file for asset '/Game/Blueprints/Dialogue/W_DialogueOptions' while loading NULL.
[2019.01.06-17.45.37:600][453]LogLinker: Warning: Can't find file '/Game/Blueprints/Dialogue/W_DialogueOptions'
[2019.01.06-17.45.37:600][453]LogLinker: Warning: Can't find file for asset '/Game/Blueprints/Dialogue/W_DialogueOptions' while loading NULL.
[2019.01.06-17.45.37:600][453]LogLinker: Warning: Can't find file '/Game/Blueprints/Dialogue/W_DialogueOptions'
[2019.01.06-17.45.37:600][453]LogLinker: Warning: Can't find file for asset '/Game/Blueprints/Dialogue/W_DialogueOptions' while loading NULL.
[2019.01.06-17.45.37:604][453]LogLinker: Warning: Can't find file '/Game/Blueprints/Dialogue/W_DialogueOptions'
[2019.01.06-17.45.37:604][453]LoadErrors: Failed to load /Game/Blueprints/Dialogue/W_DialogueOptions.W_DialogueOptions_C Referenced by K2Node_CreateWidget_0
[2019.01.06-17.45.37:604][453]LogLinker: Warning: Can't find file for asset '/Game/Blueprints/Dialogue/W_DialogueOptions' while loading NULL.
[2019.01.06-17.45.37:604][453]LogLinker: Warning: Can't find file '/Game/Blueprints/Dialogue/W_DialogueOptions'
[2019.01.06-17.45.37:604][453]LogLinker: Warning: Can't find file for asset '/Game/Blueprints/Dialogue/W_DialogueOptions' while loading NULL.
[2019.01.06-17.45.37:610][453]LogBlueprint: Error: [Compiler GameUI] Spawn node  Create Widget  must have a class specified.
[2019.01.06-17.45.37:611][453]LogBlueprint: Error: [Compiler GameUI] In use pin  Text  no longer exists on node  Create Widget . Please refresh node or break links to remove pin.
[2019.01.06-17.45.37:611][453]LogBlueprint: Error: [Compiler GameUI] In use pin  Option Index  no longer exists on node  Create Widget . Please refresh node or break links to remove pin.
[2019.01.06-17.45.37:611][453]LogBlueprint: Error: [Compiler GameUI] In use pin  Game UI  no longer exists on node  Create Widget . Please refresh node or break links to remove pin.
[2019.01.06-17.45.37:613][453]LogBlueprint: Warning: [Compiler GameUI] [0017,70] Compile of GameUI failed. 4 Fatal Issue(s) 0 Warning(s) [in 7 ms] (/Game/Blueprints/GameUI_2019-01-06-23-27-58.GameUI)
[2019.01.06-17.45.37:633][453]LogAssetEditorManager: Opening Asset editor for WidgetBlueprint /Game/Blueprints/GameUI_2019-01-06-23-27-58.GameUI
[2019.01.06-17.45.40:440][638]LogAssetEditorManager: Opening Asset editor for WidgetBlueprint /Game/Blueprints/GameUI_2019-01-06-23-34-06.GameUI
[2019.01.06-17.45.42:451][764]LogBlueprint: Error: [Compiler GameUI] In use pin  Game UI  no longer exists on node  Set . Please refresh node or break links to remove pin.
[2019.01.06-17.45.42:455][764]LogBlueprint: Warning: [Compiler GameUI] [0022,55] Compile of GameUI failed. 1 Fatal Issue(s) 0 Warning(s) [in 9 ms] (/Game/Blueprints/GameUI_2019-01-07-00-03-58.GameUI)
[2019.01.06-17.45.42:476][764]LogAssetEditorManager: Opening Asset editor for WidgetBlueprint /Game/Blueprints/GameUI_2019-01-07-00-03-58.GameUI
[2019.01.06-17.45.42:893][764]LogAssetRegistry: Asset discovery search completed in 18.4713 seconds
[2019.01.06-17.45.42:895][764]LogCollectionManager: Fixed up redirectors for 0 collections in 0.000004 seconds (updated 0 objects)
[2019.01.06-17.45.44:678][885]LogSlate: Took 0.000343 seconds to synchronously load lazily loaded font '../../../Engine/Content/Slate/Fonts/Roboto-Italic.ttf' (157K)
[2019.01.06-17.45.54:553][460]LogBlueprint: Error: [Compiler GameUI] In use pin  Game UI  no longer exists on node  Set . Please refresh node or break links to remove pin.
[2019.01.06-17.45.54:557][460]LogBlueprint: Warning: [Compiler GameUI] [0034,65] Compile of GameUI failed. 1 Fatal Issue(s) 0 Warning(s) [in 9 ms] (/Game/Blueprints/GameUI_2019-01-07-00-21-01.GameUI)
[2019.01.06-17.45.54:579][460]LogAssetEditorManager: Opening Asset editor for WidgetBlueprint /Game/Blueprints/GameUI_2019-01-07-00-21-01.GameUI
[2019.01.06-17.45.59:459][717]LogBlueprint: Error: [Compiler GameUI] In use pin  Game UI  no longer exists on node  Set . Please refresh node or break links to remove pin.
[2019.01.06-17.45.59:464][717]LogBlueprint: Warning: [Compiler GameUI] [0039,56] Compile of GameUI failed. 1 Fatal Issue(s) 0 Warning(s) [in 12 ms] (/Game/Blueprints/GameUI_2019-01-07-00-13-53.GameUI)
[2019.01.06-17.45.59:486][717]LogAssetEditorManager: Opening Asset editor for WidgetBlueprint /Game/Blueprints/GameUI_2019-01-07-00-13-53.GameUI
[2019.01.06-17.46.05:283][ 64]LogBlueprint: Error: [Compiler GameUI] In use pin  Game UI  no longer exists on node  Set . Please refresh node or break links to remove pin.
[2019.01.06-17.46.05:287][ 64]LogBlueprint: Warning: [Compiler GameUI] [0045,38] Compile of GameUI failed. 1 Fatal Issue(s) 0 Warning(s) [in 9 ms] (/Game/Blueprints/GameUI_2019-01-06-23-53-13.GameUI)
[2019.01.06-17.46.05:307][ 64]LogAssetEditorManager: Opening Asset editor for WidgetBlueprint /Game/Blueprints/GameUI_2019-01-06-23-53-13.GameUI
[2019.01.06-17.46.11:543][424]LogBlueprint: Warning: [Compiler GameUI] Could not find a variable named "TextBlock_0" in 'W_DialogueOptions_C'.
Make sure 'W_DialogueOptions_C' has been compiled for  Get TextBlock_0
[2019.01.06-17.46.11:543][424]LogBlueprint: Error: [Compiler GameUI] In use pin  Game UI  no longer exists on node  Set . Please refresh node or break links to remove pin.
[2019.01.06-17.46.11:543][424]LogBlueprint: Warning: [Compiler GameUI] Could not find a variable named "TextBlock_0" in 'W_DialogueOptions_C'.
Make sure 'W_DialogueOptions_C' has been compiled for  Get TextBlock_0
[2019.01.06-17.46.11:543][424]LogBlueprint: Error: [Compiler GameUI] In use pin  Game UI  no longer exists on node  Set . Please refresh node or break links to remove pin.
[2019.01.06-17.46.11:545][424]LogBlueprint: Error: [Compiler GameUI] The property associated with  Text Block 0  could not be found in '/Game/Blueprints/GameUI_2019-01-06-22-57-58.GameUI_C'
[2019.01.06-17.46.11:545][424]LogBlueprint: Error: [Compiler GameUI] The property associated with  Text Block 0  could not be found in '/Game/Blueprints/GameUI_2019-01-06-22-57-58.GameUI_C'
[2019.01.06-17.46.11:548][424]LogBlueprint: Warning: [Compiler GameUI] [0051,64] Compile of GameUI failed. 4 Fatal Issue(s) 2 Warning(s) [in 16 ms] (/Game/Blueprints/GameUI_2019-01-06-22-57-58.GameUI)
[2019.01.06-17.46.11:579][424]LogAssetEditorManager: Opening Asset editor for WidgetBlueprint /Game/Blueprints/GameUI_2019-01-06-22-57-58.GameUI
[2019.01.06-17.46.11:989][424]LoadErrors: Error: /Game/Blueprints/GameUI_2019-01-06-22-57-58  : Failed import for ObjectProperty /Game/Blueprints/UI/W_DialogueOptions.W_DialogueOptions_C:TextBlock_0 Referenced by export Function /Game/Blueprints/GameUI_2019-01-06-22-57-58.GameUI_C:ExecuteUbergraph_GameUI
[2019.01.06-17.46.21:407][984]LogBlueprint: Error: [Compiler GameUI] In use pin  Game UI  no longer exists on node  Set . Please refresh node or break links to remove pin.
[2019.01.06-17.46.21:410][984]LogBlueprint: Warning: [Compiler GameUI] [0061,50] Compile of GameUI failed. 1 Fatal Issue(s) 0 Warning(s) [in 7 ms] (/Game/Blueprints/GameUI_2019-01-06-23-46-02.GameUI)
[2019.01.06-17.46.21:429][984]LogAssetEditorManager: Opening Asset editor for WidgetBlueprint /Game/Blueprints/GameUI_2019-01-06-23-46-02.GameUI
[2019.01.06-17.46.27:585][304]LogAssetEditorManager: Opening Asset editor for WidgetBlueprint /Game/Blueprints/GameUI_2019-01-06-23-40-13.GameUI
[2019.01.06-17.46.45:586][987]LogSlate: Window 'Delete Assets' being destroyed
[2019.01.06-17.46.46:104][987]LogSlate: Window 'GameUI' being destroyed
[2019.01.06-17.47.29:833][218]LogAssetTools: Warning: Failed to import 'D:\Users\kalav\Documents\Unreal Projects\SibStory\Content\GameUI_2018-12-27-00-04-34.uasset'. Unknown extension 'uasset'.
[2019.01.06-17.47.39:707][652]LogBlueprint: Warning: [Compiler GameUI] Could not find a variable named "TextBlock_0" in 'W_DialogueOptions_C'.
Make sure 'W_DialogueOptions_C' has been compiled for  Get TextBlock_0
[2019.01.06-17.47.39:708][652]LogBlueprint: Error: [Compiler GameUI] In use pin  Game UI  no longer exists on node  Set . Please refresh node or break links to remove pin.
[2019.01.06-17.47.39:708][652]LogBlueprint: Warning: [Compiler GameUI] Could not find a variable named "TextBlock_0" in 'W_DialogueOptions_C'.
Make sure 'W_DialogueOptions_C' has been compiled for  Get TextBlock_0
[2019.01.06-17.47.39:708][652]LogBlueprint: Error: [Compiler GameUI] In use pin  Game UI  no longer exists on node  Set . Please refresh node or break links to remove pin.
[2019.01.06-17.47.39:710][652]LogBlueprint: Error: [Compiler GameUI] The property associated with  Text Block 0  could not be found in '/Game/GameUI_2018-12-27-00-04-34.GameUI_C'
[2019.01.06-17.47.39:710][652]LogBlueprint: Error: [Compiler GameUI] The property associated with  Text Block 0  could not be found in '/Game/GameUI_2018-12-27-00-04-34.GameUI_C'
[2019.01.06-17.47.39:712][652]LogBlueprint: Warning: [Compiler GameUI] [0139,80] Compile of GameUI failed. 4 Fatal Issue(s) 2 Warning(s) [in 12 ms] (/Game/GameUI_2018-12-27-00-04-34.GameUI)
[2019.01.06-17.47.39:742][652]LogAssetEditorManager: Opening Asset editor for WidgetBlueprint /Game/GameUI_2018-12-27-00-04-34.GameUI
[2019.01.06-17.47.40:115][652]LoadErrors: Error: /Game/GameUI_2018-12-27-00-04-34  : Failed import for ObjectProperty /Game/Blueprints/UI/W_DialogueOptions.W_DialogueOptions_C:TextBlock_0 Referenced by export Function /Game/GameUI_2018-12-27-00-04-34.GameUI_C:ExecuteUbergraph_GameUI
[2019.01.06-17.47.54:309][675]LogSlate: Window 'GameUI' being destroyed
[2019.01.06-17.48.00:621][164]LogSlate: Window 'Delete Assets' being destroyed
[2019.01.06-17.50.10:090][733]LogDirectoryWatcher: A directory notification failed for 'D:/Users/kalav/Documents/Unreal Projects/SibStory/Content/Collections/' because it could not be accessed. Aborting watch request...
[2019.01.06-17.50.10:090][733]LogDirectoryWatcher: A directory notification failed for 'D:/Users/kalav/Documents/Unreal Projects/SibStory/Content/Developers/kalav/Collections/' because it could not be accessed. Aborting watch request...
