Log file open, 12/11/18 00:30:37
LogWindows: Failed to load 'aqProf.dll' (GetLastError=126)
LogWindows: File 'aqProf.dll' does not exist
LogWindows: Failed to load 'VSPerf140.dll' (GetLastError=126)
LogWindows: File 'VSPerf140.dll' does not exist
LogWindows: Failed to load 'VtuneApi.dll' (GetLastError=126)
LogWindows: File 'VtuneApi.dll' does not exist
LogWindows: Failed to load 'VtuneApi32e.dll' (GetLastError=126)
LogWindows: File 'VtuneApi32e.dll' does not exist
LogInit: Display: Running engine for game: SibStory
LogPlatformFile: Not using cached read wrapper
LogTaskGraph: Started task graph with 5 named threads and 23 total threads with 3 sets of task threads.
LogStats: Stats thread started at 0.296617
LogD3D11RHI: Loaded GFSDK_Aftermath_Lib.x64.dll
LogICUInternationalization: Display: ICU TimeZone Detection - Raw Offset: +7:00, Platform Override: ''
LogPluginManager: Mounting plugin Paper2D
LogPluginManager: Mounting plugin AISupport
LogPluginManager: Mounting plugin LightPropagationVolume
LogPluginManager: Mounting plugin CLionSourceCodeAccess
LogPluginManager: Mounting plugin CodeLiteSourceCodeAccess
LogPluginManager: Mounting plugin GitSourceControl
LogPluginManager: Mounting plugin KDevelopSourceCodeAccess
LogPluginManager: Mounting plugin NullSourceCodeAccess
LogPluginManager: Mounting plugin PerforceSourceControl
LogPluginManager: Mounting plugin SubversionSourceControl
LogPluginManager: Mounting plugin UObjectPlugin
LogPluginManager: Mounting plugin VisualStudioCodeSourceCodeAccess
LogPluginManager: Mounting plugin VisualStudioSourceCodeAccess
LogPluginManager: Mounting plugin XCodeSourceCodeAccess
LogPluginManager: Mounting plugin AssetManagerEditor
LogPluginManager: Mounting plugin CryptoKeys
LogPluginManager: Mounting plugin DataValidation
LogPluginManager: Mounting plugin FacialAnimation
LogPluginManager: Mounting plugin GameplayTagsEditor
LogPluginManager: Mounting plugin MacGraphicsSwitching
LogPluginManager: Mounting plugin MeshEditor
LogPluginManager: Mounting plugin MobileLauncherProfileWizard
LogPluginManager: Mounting plugin PluginBrowser
LogPluginManager: Mounting plugin SpeedTreeImporter
LogPluginManager: Mounting plugin DatasmithContent
LogPluginManager: Mounting plugin AlembicImporter
LogPluginManager: Mounting plugin AppleImageUtils
LogPluginManager: Mounting plugin AppleVision
LogPluginManager: Mounting plugin BackChannel
LogPluginManager: Mounting plugin CharacterAI
LogPluginManager: Mounting plugin GeometryCache
LogPluginManager: Mounting plugin HTML5Networking
LogPluginManager: Mounting plugin ProxyLODPlugin
LogPluginManager: Mounting plugin MagicLeap
LogPluginManager: Mounting plugin MagicLeapEmulator
LogPluginManager: Mounting plugin MagicLeapMedia
LogPluginManager: Mounting plugin DlgSystem
LogPluginManager: Mounting plugin AndroidMedia
LogPluginManager: Mounting plugin AvfMedia
LogPluginManager: Mounting plugin ImgMedia
LogPluginManager: Mounting plugin LinearTimecode
LogPluginManager: Mounting plugin MediaCompositing
LogPluginManager: Mounting plugin MediaPlayerEditor
LogPluginManager: Mounting plugin WmfMedia
LogPluginManager: Mounting plugin TcpMessaging
LogPluginManager: Mounting plugin UdpMessaging
LogPluginManager: Mounting plugin ActorSequence
LogPluginManager: Mounting plugin LevelSequenceEditor
LogPluginManager: Mounting plugin MatineeToLevelSequence
LogPluginManager: Mounting plugin NetcodeUnitTest
LogPluginManager: Mounting plugin NUTUnrealEngine4
LogPluginManager: Mounting plugin OnlineSubsystemGooglePlay
LogPluginManager: Mounting plugin OnlineSubsystemIOS
LogPluginManager: Mounting plugin OnlineSubsystem
LogPluginManager: Mounting plugin OnlineSubsystemNull
LogPluginManager: Mounting plugin OnlineSubsystemUtils
LogPluginManager: Mounting plugin LauncherChunkInstaller
LogPluginManager: Mounting plugin AndroidDeviceProfileSelector
LogPluginManager: Mounting plugin AndroidMoviePlayer
LogPluginManager: Mounting plugin AndroidPermission
LogPluginManager: Mounting plugin AppleMoviePlayer
LogPluginManager: Mounting plugin ArchVisCharacter
LogPluginManager: Mounting plugin AudioCapture
LogPluginManager: Mounting plugin CableComponent
LogPluginManager: Mounting plugin CustomMeshComponent
LogPluginManager: Mounting plugin EditableMesh
LogPluginManager: Mounting plugin ExampleDeviceProfileSelector
LogPluginManager: Mounting plugin GoogleCloudMessaging
LogPluginManager: Mounting plugin ImmediatePhysics
LogPluginManager: Mounting plugin IOSDeviceProfileSelector
LogPluginManager: Mounting plugin LinuxDeviceProfileSelector
LogPluginManager: Mounting plugin LocationServicesBPLibrary
LogPluginManager: Mounting plugin MobilePatchingUtils
LogPluginManager: Mounting plugin OculusVR
LogPluginManager: Plugin shader directory ../../../Engine/Plugins/Runtime/Oculus/OculusVR/Shaders found
LogPluginManager: Mapping shader source directory ../../../Engine/Plugins/Runtime/Oculus/OculusVR/Shaders to virtual directory /Plugin/OculusVR
LogPluginManager: Mounting plugin PhysXVehicles
LogPluginManager: Mounting plugin ProceduralMeshComponent
LogPluginManager: Mounting plugin RuntimePhysXCooking
LogPluginManager: Mounting plugin SteamVR
LogPluginManager: Mounting plugin WindowsMoviePlayer
LogStreaming: Display: Took  0.060s to configure plugins.
LogInit: Using libcurl 7.55.1-DEV
LogInit:  - built for x86_64-pc-win32
LogInit:  - supports SSL with OpenSSL/1.0.2h
LogInit:  - supports HTTP deflate (compression) using libz 1.2.8
LogInit:  - other features:
LogInit:      CURL_VERSION_SSL
LogInit:      CURL_VERSION_LIBZ
LogInit:      CURL_VERSION_IPV6
LogInit:      CURL_VERSION_ASYNCHDNS
LogInit:      CURL_VERSION_LARGEFILE
LogInit:      CURL_VERSION_IDN
LogInit:  CurlRequestOptions (configurable via config and command line):
LogInit:  - bVerifyPeer = false  - Libcurl will NOT verify peer certificate
LogInit:  - bUseHttpProxy = false  - Libcurl will NOT use HTTP proxy
LogInit:  - bDontReuseConnections = false  - Libcurl will reuse connections
LogInit:  - CertBundlePath = nullptr  - Libcurl will use whatever was configured at build time.
LogInit:  - MaxHostConnections = 16  - Libcurl will limit the number of connections to a host
LogInit:  - LocalHostAddr = Default
LogInit:  - BufferSize = 65536
LogInit: WinSock: version 1.1 (2.2), MaxSocks=32767, MaxUdp=65467
LogInit: Build: ++UE4+Release-4.20-CL-4369336
LogInit: Engine Version: 4.20.3-4369336+++UE4+Release-4.20
LogInit: Compatible Engine Version: 4.20.0-4212847+++UE4+Release-4.20
LogInit: Net CL: 4212847
LogInit: OS: Windows 10 (), CPU:         Intel(R) Core(TM) i7-2600 CPU @ 3.40GHz, GPU: NVIDIA GeForce GTX 550 Ti
LogInit: Compiled (64-bit): Sep 17 2018 12:26:19
LogInit: Compiled with Visual C++: 19.13.26129.00
LogInit: Build Configuration: Development
LogInit: Branch Name: ++UE4+Release-4.20
LogInit: Command Line:  /Game/Maps/MainLevel -game -PIEVIACONSOLE -ResX=640 -ResY=1136  -Multiprocess -messaging -SessionName="Play in Standalone Game" -featureleveles2 -faketouches -windowed -ForceRes 
LogInit: Base Directory: D:/Program Files (x86)/Epic Games/UE_4.20/Engine/Binaries/Win64/
LogInit: Installed Engine Build: 1
LogDevObjectVersion: Number of dev versions registered: 20
LogDevObjectVersion:   Dev-Blueprints (B0D832E4-1F89-4F0D-ACCF-7EB736FD4AA2): 10
LogDevObjectVersion:   Dev-Build (E1C64328-A22C-4D53-A36C-8E866417BD8C): 0
LogDevObjectVersion:   Dev-Core (375EC13C-06E4-48FB-B500-84F0262A717E): 2
LogDevObjectVersion:   Dev-Editor (E4B068ED-F494-42E9-A231-DA0B2E46BB41): 24
LogDevObjectVersion:   Dev-Framework (CFFC743F-43B0-4480-9391-14DF171D2073): 34
LogDevObjectVersion:   Dev-Mobile (B02B49B5-BB20-44E9-A304-32B752E40360): 2
LogDevObjectVersion:   Dev-Networking (A4E4105C-59A1-49B5-A7C5-40C4547EDFEE): 0
LogDevObjectVersion:   Dev-Online (39C831C9-5AE6-47DC-9A44-9C173E1C8E7C): 0
LogDevObjectVersion:   Dev-Physics (78F01B33-EBEA-4F98-B9B4-84EACCB95AA2): 0
LogDevObjectVersion:   Dev-Platform (6631380F-2D4D-43E0-8009-CF276956A95A): 0
LogDevObjectVersion:   Dev-Rendering (12F88B9F-8875-4AFC-A67C-D90C383ABD29): 26
LogDevObjectVersion:   Dev-Sequencer (7B5AE74C-D270-4C10-A958-57980B212A5A): 9
LogDevObjectVersion:   Dev-VR (D7296918-1DD6-4BDD-9DE2-64A83CC13884): 2
LogDevObjectVersion:   Dev-LoadTimes (C2A15278-BFE7-4AFE-6C17-90FF531DF755): 1
LogDevObjectVersion:   Private-Geometry (6EACA3D4-40EC-4CC1-B786-8BED09428FC5): 3
LogDevObjectVersion:   Dev-AnimPhys (29E575DD-E0A3-4627-9D10-D276232CDCEA): 17
LogDevObjectVersion:   Dev-ReflectionCapture (6B266CEC-1EC7-4B8F-A30B-E4D90942FC07): 1
LogDevObjectVersion:   Dev-Automation (0DF73D61-A23F-47EA-B727-89E90C41499A): 1
LogDevObjectVersion:   FortniteMain (601D1886-AC64-4F84-AA16-D3DE0DEAC7D6): 12
LogDevObjectVersion:   Dev-Enterprise (9DFFBCD6-494F-0158-E221-12823C92A888): 1
LogStreaming: Display: Took  0.000s to delete old logs.
LogInit: Presizing for max 8388607 objects, including 0 objects not considered by GC, pre-allocating 0 bytes for permanent pool.
LogInit: Object subsystem initialized
[2018.12.10-17.30.37:938][  0]LogInit: Selected Device Profile: [Windows]
[2018.12.10-17.30.37:938][  0]LogInit: Applying CVar settings loaded from the selected device profile: [Windows]
[2018.12.10-17.30.37:943][  0]LogHAL: Display: Platform has ~ 16 GB [17162153984 / 17179869184 / 16], which maps to Larger [LargestMinGB=32, LargerMinGB=12, DefaultMinGB=8, SmallerMinGB=6, SmallestMinGB=0)
[2018.12.10-17.30.37:943][  0]LogInit: Setting Device Profile CVar: [[r.Vulkan.UseRealUBs:1]]
[2018.12.10-17.30.37:943][  0]LogInit: Going up to parent DeviceProfile []
[2018.12.10-17.30.37:943][  0]LogInit: Computer: DESKTOP-7BC9OFJ
[2018.12.10-17.30.37:943][  0]LogInit: User: kalav
[2018.12.10-17.30.37:943][  0]LogInit: CPU Page size=4096, Cores=4
[2018.12.10-17.30.37:943][  0]LogInit: High frequency timer resolution =3.312791 MHz
[2018.12.10-17.30.37:944][  0]LogMemory: Memory total: Physical=16.0GB (16GB approx)
[2018.12.10-17.30.37:944][  0]LogMemory: Platform Memory Stats for Windows
[2018.12.10-17.30.37:944][  0]LogMemory: Process Physical Memory: 100.86 MB used, 100.86 MB peak
[2018.12.10-17.30.37:944][  0]LogMemory: Process Virtual Memory: 92.89 MB used, 92.89 MB peak
[2018.12.10-17.30.37:944][  0]LogMemory: Physical Memory: 6548.25 MB used,  9818.86 MB free, 16367.11 MB total
[2018.12.10-17.30.37:944][  0]LogMemory: Virtual Memory: 4646.96 MB used,  9818.86 MB free, 134217728.00 MB total
[2018.12.10-17.30.37:961][  0]LogInit: Using OS detected language (ru-RU).
[2018.12.10-17.30.37:961][  0]LogInit: Using OS detected locale (ru-RU).
[2018.12.10-17.30.37:961][  0]LogTextLocalizationManager: No specific localization for 'ru-RU' exists, so the 'ru' localization will be used.
[2018.12.10-17.30.37:965][  0]LogStreaming: Display: Took  0.005s to InitEngineTextLocalization.
[2018.12.10-17.30.37:990][  0]LogSlate: New Slate User Created.  User Index 0, Is Virtual User: 0
[2018.12.10-17.30.37:990][  0]LogSlate: Slate User Registered.  User Index 0, Is Virtual User: 0
[2018.12.10-17.30.37:995][  0]LogHMD: Failed to initialize OpenVR with code 110
[2018.12.10-17.30.37:995][  0]LogD3D11RHI: D3D11 adapters:
[2018.12.10-17.30.38:040][  0]LogD3D11RHI:    0. 'NVIDIA GeForce GTX 550 Ti' (Feature Level 11_0)
[2018.12.10-17.30.38:040][  0]LogD3D11RHI:       977/0/8183 MB DedicatedVideo/DedicatedSystem/SharedSystem, Outputs:2, VendorId:0x10de
[2018.12.10-17.30.38:042][  0]LogD3D11RHI:    1. 'Microsoft Basic Render Driver' (Feature Level 11_0)
[2018.12.10-17.30.38:042][  0]LogD3D11RHI:       0/0/8183 MB DedicatedVideo/DedicatedSystem/SharedSystem, Outputs:0, VendorId:0x1414
[2018.12.10-17.30.38:042][  0]LogD3D11RHI: Chosen D3D11 Adapter: 0
[2018.12.10-17.30.38:048][  0]LogD3D11RHI: Creating new Direct3DDevice
[2018.12.10-17.30.38:048][  0]LogD3D11RHI:     GPU DeviceId: 0x1244 (for the marketing name, search the web for "GPU Device Id")
[2018.12.10-17.30.38:048][  0]LogWindows: EnumDisplayDevices:
[2018.12.10-17.30.38:049][  0]LogWindows:    0. 'NVIDIA GeForce GTX 550 Ti' (P:0 D:1)
[2018.12.10-17.30.38:049][  0]LogWindows:    1. 'NVIDIA GeForce GTX 550 Ti' (P:1 D:1)
[2018.12.10-17.30.38:049][  0]LogWindows: DebugString: FoundDriverCount:2 
[2018.12.10-17.30.38:049][  0]LogD3D11RHI:     Adapter Name: NVIDIA GeForce GTX 550 Ti
[2018.12.10-17.30.38:049][  0]LogD3D11RHI:   Driver Version: 388.13 (internal:23.21.13.8813, unified:388.13)
[2018.12.10-17.30.38:049][  0]LogD3D11RHI:      Driver Date: 10-27-2017
[2018.12.10-17.30.38:049][  0]LogRHI: Texture pool is 683 MB (70% of 977 MB)
[2018.12.10-17.30.38:086][  0]LogD3D11RHI: Display: Timestamp queries are currently disabled on this hardware due to instability. Realtime GPU stats will not be available. You can override this behaviour by setting r.NVIDIATimestampWorkaround to 0
[2018.12.10-17.30.38:086][  0]LogD3D11RHI: Async texture creation enabled
[2018.12.10-17.30.38:096][  0]LogD3D11RHI: GPU Timing Frequency: 1000.000000 (Debug: 2 1)
[2018.12.10-17.30.38:144][  0]LogShaderCompilers: Guid format shader working directory is -19 characters bigger than the processId version (../../../../../../Users/kalav/Documents/Unreal Projects/SibStory/Intermediate/Shaders/WorkingDirectory/10520/).
[2018.12.10-17.30.38:145][  0]LogShaderCompilers: Cleaned the shader compiler working directory 'C:/Users/kalav/AppData/Local/Temp/UnrealShaderWorkingDir/6A222C5143F0F335E63EDA92C8606258/'.
[2018.12.10-17.30.38:433][  0]LogTemp: Display: Loaded TP WindowsClientTargetPlatform
[2018.12.10-17.30.38:449][  0]LogTemp: Display: Loaded TP WindowsNoEditorTargetPlatform
[2018.12.10-17.30.38:465][  0]LogTemp: Display: Loaded TP WindowsServerTargetPlatform
[2018.12.10-17.30.38:482][  0]LogTemp: Display: Loaded TP WindowsTargetPlatform
[2018.12.10-17.30.38:482][  0]LogTargetPlatformManager: Display: Building Assets For Windows
[2018.12.10-17.30.38:537][  0]LogXGEController: Cannot use XGE Controller as Incredibuild is not installed on this machine.
[2018.12.10-17.30.38:538][  0]LogShaderCompilers: Cannot use XGE Shader Compiler as Incredibuild is not installed on this machine.
[2018.12.10-17.30.38:538][  0]LogShaderCompilers: Display: Using Local Shader Compiler.
[2018.12.10-17.30.39:230][  0]LogDerivedDataCache: Display: Max Cache Size: 512 MB
[2018.12.10-17.30.39:292][  0]LogDerivedDataCache: Loaded boot cache 0.06s 71MB C:/Users/kalav/AppData/Local/UnrealEngine/4.20/DerivedDataCache/Boot.ddc.
[2018.12.10-17.30.39:292][  0]LogDerivedDataCache: Display: Loaded Boot cache: C:/Users/kalav/AppData/Local/UnrealEngine/4.20/DerivedDataCache/Boot.ddc
[2018.12.10-17.30.39:292][  0]LogDerivedDataCache: FDerivedDataBackendGraph:  Pak pak cache file ../../../../../../Users/kalav/Documents/Unreal Projects/SibStory/DerivedDataCache/DDC.ddp not found, will not use a pak cache.
[2018.12.10-17.30.39:293][  0]LogDerivedDataCache: Unable to find inner node Pak for hierarchical cache Hierarchy.
[2018.12.10-17.30.39:293][  0]LogDerivedDataCache: FDerivedDataBackendGraph:  CompressedPak pak cache file ../../../../../../Users/kalav/Documents/Unreal Projects/SibStory/DerivedDataCache/Compressed.ddp not found, will not use a pak cache.
[2018.12.10-17.30.39:293][  0]LogDerivedDataCache: Unable to find inner node CompressedPak for hierarchical cache Hierarchy.
[2018.12.10-17.30.39:307][  0]LogDerivedDataCache: Display: Pak cache opened for reading ../../../Engine/DerivedDataCache/Compressed.ddp.
[2018.12.10-17.30.39:320][  0]LogDerivedDataCache: Using Local data cache path C:/Users/kalav/AppData/Local/UnrealEngine/Common/DerivedDataCache: Writable
[2018.12.10-17.30.39:320][  0]LogDerivedDataCache: Shared data cache path not found in *engine.ini, will not use an Shared cache.
[2018.12.10-17.30.39:320][  0]LogDerivedDataCache: Unable to find inner node Shared for hierarchical cache Hierarchy.
[2018.12.10-17.30.39:326][  0]LogMaterial: Verifying Global Shaders for PCD3D_ES2
[2018.12.10-17.30.39:328][  0]LogSlate: Using FreeType 2.6.0
[2018.12.10-17.30.39:328][  0]LogSlate: SlateFontServices - WITH_FREETYPE: 1, WITH_HARFBUZZ: 1
[2018.12.10-17.30.39:385][  0]LogInit: Using OS detected language (ru-RU).
[2018.12.10-17.30.39:386][  0]LogInit: Using OS detected locale (ru-RU).
[2018.12.10-17.30.39:386][  0]LogTextLocalizationManager: No localization for 'ru-RU' exists, so 'en' will be used for the language.
[2018.12.10-17.30.39:386][  0]LogTextLocalizationManager: No localization for 'ru-RU' exists, so 'en' will be used for the locale.
[2018.12.10-17.30.39:783][  0]LogStreaming: Display: Took  0.397s to InitGameTextLocalization.
[2018.12.10-17.30.39:791][  0]LogAssetRegistry: FAssetRegistry took 0.0049 seconds to start up
[2018.12.10-17.30.40:053][  0]LogPackageLocalizationCache: Processed 12 localized package path(s) for 1 prioritized culture(s) in 0.021474 seconds
[2018.12.10-17.30.40:170][  0]LogInit: Selected Device Profile: [Windows]
[2018.12.10-17.30.40:290][  0]LogSimplygon: Simplygon DLL not present - disabling.
[2018.12.10-17.30.40:294][  0]LogMeshReduction: Using SimplygonSwarm for distributed automatic mesh merging
[2018.12.10-17.30.40:294][  0]LogMeshReduction: Using ProxyLODMeshReduction for automatic mesh merging
[2018.12.10-17.30.40:294][  0]LogMeshReduction: Using QuadricMeshReduction for automatic static mesh reduction
[2018.12.10-17.30.40:294][  0]LogMeshReduction: No automatic skeletal mesh reduction module available
[2018.12.10-17.30.40:308][  0]LogNetVersion: SibStory 1.0.0, NetCL: 4212847, EngineNetVer: 5, GameNetVer: 0 (Checksum: 24283779)
[2018.12.10-17.30.40:792][  0]LogMoviePlayer: Initializing movie player
[2018.12.10-17.30.40:949][  0]LogDlgSystem: Verbose: Creating new DlgGuid = `C95488AF4342D5FA2BA422ADB0961388` for Dialogue = `/Script/DlgSystem.Default__DlgDialogue` because of new created Dialogue.
[2018.12.10-17.30.40:950][  0]LogDlgSystem: Verbose: Started DlgSystemModule
[2018.12.10-17.30.40:957][  0]LogDlgSystemEditor: Verbose: Started DlgSystemEditorModule
[2018.12.10-17.30.40:966][  0]LogTcpMessaging: Initializing TcpMessaging bridge
[2018.12.10-17.30.40:978][  0]LogUdpMessaging: Initializing bridge on interface 0.0.0.0:0 to multicast group 230.0.0.1:6666.
[2018.12.10-17.30.41:068][  0]SourceControl: Source control is disabled
[2018.12.10-17.30.41:068][  0]SourceControl: Source control is disabled
[2018.12.10-17.30.41:069][  0]SourceControl: Source control is disabled
[2018.12.10-17.30.41:205][  0]LogAndroidPermission: UAndroidPermissionCallbackProxy::GetInstance
[2018.12.10-17.30.41:303][  0]LogOcInput: OculusInput pre-init called
[2018.12.10-17.30.41:313][  0]LogUObjectArray: 42930 objects as part of root set at end of initial load.
[2018.12.10-17.30.41:313][  0]LogUObjectAllocator: 7573032 out of 0 bytes used by permanent object pool.
[2018.12.10-17.30.41:313][  0]LogUObjectArray: CloseDisregardForGC: 0/0 objects in disregard for GC pool
[2018.12.10-17.30.41:388][  0]LogEngine: Initializing Engine...
[2018.12.10-17.30.41:389][  0]LogHMD: Failed to initialize OpenVR with code 110
[2018.12.10-17.30.41:402][  0]LogStats: UGameplayTagsManager::ConstructGameplayTagTree: ImportINI prefixes -  0.000 s
[2018.12.10-17.30.41:402][  0]LogStats: UGameplayTagsManager::ConstructGameplayTagTree: Construct from data asset -  0.000 s
[2018.12.10-17.30.41:403][  0]LogStats: UGameplayTagsManager::ConstructGameplayTagTree: ImportINI -  0.000 s
[2018.12.10-17.30.41:403][  0]LogStats: UGameplayTagsManager::ConstructGameplayTagTree: GameplayTagTreeChangedEvent.Broadcast -  0.000 s
[2018.12.10-17.30.41:438][  0]LogMaterial: Display: Missing cached shader map for material MAT_LevelColorationLitLightmapUV, compiling. Is special engine material.
[2018.12.10-17.30.41:757][  0]LogMaterial: Display: Missing cached shader map for material ShadedLevelColorationLitMaterial, compiling. Is special engine material.
[2018.12.10-17.30.42:009][  0]LogShaderCompilers: Display: Shaders left to compile 604
[2018.12.10-17.30.42:009][  0]LogShaderCompilers: Display: Shaders left to compile 594
[2018.12.10-17.30.42:009][  0]LogShaderCompilers: Display: Shaders left to compile 584
[2018.12.10-17.30.42:009][  0]LogShaderCompilers: Display: Shaders left to compile 574
[2018.12.10-17.30.42:009][  0]LogShaderCompilers: Display: Shaders left to compile 564
[2018.12.10-17.30.42:009][  0]LogMaterial: Display: Missing cached shader map for material ShadedLevelColorationUnlitMateri, compiling. Is special engine material.
[2018.12.10-17.30.42:049][  0]LogMaterial: Display: Missing cached shader map for material VertexColorViewMode_ColorOnly, compiling. 
[2018.12.10-17.30.42:066][  0]LogMaterial: Display: Missing cached shader map for material VertexColorViewMode_RedOnly, compiling. 
[2018.12.10-17.30.42:086][  0]LogMaterial: Display: Missing cached shader map for material RemoveSurfaceMaterial, compiling. 
[2018.12.10-17.30.42:093][  0]LogMaterial: Display: Missing cached shader map for material DebugMeshMaterial, compiling. 
[2018.12.10-17.30.42:104][  0]LogMaterial: Display: Missing cached shader map for material M_InvalidLightmapSettings, compiling. 
[2018.12.10-17.30.42:149][  0]LogMaterial: Display: Missing cached shader map for material PhAT_JointLimitMaterial, compiling. 
[2018.12.10-17.30.42:227][  0]LogInit: Initializing FReadOnlyCVARCache
[2018.12.10-17.30.42:257][  0]LogInit: XAudio2 using 'Динамики (Realtek High Definition Audio)' : 2 channels at 48 kHz using 32 bits per sample (channel mask 0x3)
[2018.12.10-17.30.42:278][  0]LogInit: FAudioDevice initialized.
[2018.12.10-17.30.42:290][  0]LogNetVersion: Set ProjectVersion to 0.0.1p. Version Checksum will be recalculated on next use.
[2018.12.10-17.30.42:305][  0]LogInit: Texture streaming: Enabled
[2018.12.10-17.30.42:310][  0]LogMaterial: Display: Missing cached shader map for material BaseColor, compiling. 
[2018.12.10-17.30.42:321][  0]LogMaterial: Display: Missing cached shader map for material CustomDepth, compiling. 
[2018.12.10-17.30.42:349][  0]LogMaterial: Display: Missing cached shader map for material CustomStencil, compiling. 
[2018.12.10-17.30.42:357][  0]LogMaterial: Display: Missing cached shader map for material FinalImage, compiling. 
[2018.12.10-17.30.42:367][  0]LogMaterial: Display: Missing cached shader map for material LightingModel, compiling. 
[2018.12.10-17.30.42:377][  0]LogMaterial: Display: Missing cached shader map for material MaterialAO, compiling. 
[2018.12.10-17.30.42:387][  0]LogMaterial: Display: Missing cached shader map for material Metallic, compiling. 
[2018.12.10-17.30.42:398][  0]LogMaterial: Display: Missing cached shader map for material Opacity, compiling. 
[2018.12.10-17.30.42:410][  0]LogMaterial: Display: Missing cached shader map for material Roughness, compiling. 
[2018.12.10-17.30.42:421][  0]LogMaterial: Display: Missing cached shader map for material SceneColor, compiling. 
[2018.12.10-17.30.42:432][  0]LogMaterial: Display: Missing cached shader map for material SceneDepth, compiling. 
[2018.12.10-17.30.42:443][  0]LogMaterial: Display: Missing cached shader map for material SeparateTranslucencyRGB, compiling. 
[2018.12.10-17.30.42:451][  0]LogMaterial: Display: Missing cached shader map for material SeparateTranslucencyA, compiling. 
[2018.12.10-17.30.42:462][  0]LogMaterial: Display: Missing cached shader map for material Specular, compiling. 
[2018.12.10-17.30.42:479][  0]LogMaterial: Display: Missing cached shader map for material WorldNormal, compiling. 
[2018.12.10-17.30.42:506][  0]LogMaterial: Display: Missing cached shader map for material SceneDepthWorldUnits, compiling. 
[2018.12.10-17.30.42:515][  0]LogMaterial: Display: Missing cached shader map for material PreTonemapHDRColor, compiling. 
[2018.12.10-17.30.42:524][  0]LogMaterial: Display: Missing cached shader map for material PostTonemapHDRColor, compiling. 
[2018.12.10-17.30.42:563][  0]LogSlate: Updating window title bar state: overlay mode, drag disabled, window buttons hidden, title bar hidden
[2018.12.10-17.30.42:563][  0]LogInit: Display: Game Engine Initialized.
[2018.12.10-17.30.42:563][  0]LogGameplayTags: Display: UGameplayTagsManager::DoneAddingNativeTags. DelegateIsBound: 0
[2018.12.10-17.30.42:563][  0]LogStats: UGameplayTagsManager::ConstructGameplayTagTree: ImportINI prefixes -  0.000 s
[2018.12.10-17.30.42:563][  0]LogStats: UGameplayTagsManager::ConstructGameplayTagTree: Construct from data asset -  0.000 s
[2018.12.10-17.30.42:564][  0]LogStats: UGameplayTagsManager::ConstructGameplayTagTree: ImportINI -  0.000 s
[2018.12.10-17.30.42:564][  0]LogStats: UGameplayTagsManager::ConstructGameplayTagTree: GameplayTagTreeChangedEvent.Broadcast -  0.000 s
[2018.12.10-17.30.42:564][  0]LogDlgSystemEditor: Verbose: DlgSystemEditorModule::HandleOnPostEngineInit
[2018.12.10-17.30.42:660][  0]LogDlgSystem: Verbose: Creating graph for Dialogue = `/Game/Blueprints/Dialogue/TestDialogue.TestDialogue`
[2018.12.10-17.30.42:660][  0]LogDlgSystem: Verbose: Creating new DlgGuid = `2CAC5A1A47D8C1791658A78AD1CFE759` for Dialogue = `/Game/Blueprints/Dialogue/TestDialogue.TestDialogue` because of new created Dialogue.
[2018.12.10-17.30.42:676][  0]LogDlgSystem: Verbose: Creating graph for Dialogue = `/Game/tutor/Content/DialogueSystem/TestDlgDialogue.TestDlgDialogue`
[2018.12.10-17.30.42:676][  0]LogDlgSystem: Verbose: Creating new DlgGuid = `D3EC581F405D95ED455430ADA2CD6FF4` for Dialogue = `/Game/tutor/Content/DialogueSystem/TestDlgDialogue.TestDlgDialogue` because of new created Dialogue.
[2018.12.10-17.30.42:684][  0]LogDlgSystem: Verbose: Creating graph for Dialogue = `/DlgSystem/TestDialogue.TestDialogue`
[2018.12.10-17.30.42:684][  0]LogDlgSystem: Verbose: Creating new DlgGuid = `7D3DB7384ECD51DEAB4729B90BD61933` for Dialogue = `/DlgSystem/TestDialogue.TestDialogue` because of new created Dialogue.
[2018.12.10-17.30.42:686][  0]LogDlgSystem: Refreshing data for Dialogue = `/DlgSystem/TestDialogue.TestDialogue`
[2018.12.10-17.30.42:687][  0]LogDlgSystemEditor: Verbose: UDlgManager::LoadAllDialoguesIntoMemory loaded 0 Dialogues into Memory
[2018.12.10-17.30.42:719][  0]LogInit: Display: Starting Game.
[2018.12.10-17.30.42:719][  0]LogNet: Browse: /Game/Maps/MainLevel?Name=Player
[2018.12.10-17.30.42:719][  0]LogDlgSystem: Verbose: PreLoadMap = /Game/Maps/MainLevel. Clearing Dialogue History
[2018.12.10-17.30.42:719][  0]LogLoad: LoadMap: /Game/Maps/MainLevel?Name=Player
[2018.12.10-17.30.42:831][  0]LogDlgSystem: Verbose: Creating graph for Dialogue = `/Game/Blueprints/Dialogue/TestDialogue.TestDialogue`
[2018.12.10-17.30.42:831][  0]LogDlgSystem: Verbose: Creating new DlgGuid = `FC176BBB494EBEE954C4449CEC9D0805` for Dialogue = `/Game/Blueprints/Dialogue/TestDialogue.TestDialogue` because of new created Dialogue.
[2018.12.10-17.30.42:945][  0]LogAIModule: Creating AISystem for world MainLevel
[2018.12.10-17.30.42:945][  0]LogLoad: Game class is 'GameModeBase'
[2018.12.10-17.30.42:946][  0]LogWorld: Bringing World /Game/Maps/MainLevel.MainLevel up for play (max tick rate 0) at 2018.12.11-00.30.42
[2018.12.10-17.30.42:947][  0]LogWorld: Bringing up level for play took: 0.001080
[2018.12.10-17.30.42:948][  0]LogGameMode: FindPlayerStart: PATHS NOT DEFINED or NO PLAYERSTART with positive rating
[2018.12.10-17.30.42:961][  0]LogLoad: Took 0.242810 seconds to LoadMap(/Game/Maps/MainLevel)
[2018.12.10-17.30.43:048][  0]LogRenderer: Reallocating scene render targets to support 640x1136 Format 2 NumSamples 1 (Frame:1).
[2018.12.10-17.30.43:048][  0]LogLoad: (Engine Initialization) Total time: 7.17 seconds
[2018.12.10-17.30.43:048][  0]LogLoad: (Engine Initialization) Total Blueprint compile time: 0.00 seconds
[2018.12.10-17.30.43:066][  0]LogWindowsTextInputMethodSystem: Display: IME system now deactivated.
[2018.12.10-17.30.43:072][  0]LogContentStreaming: Texture pool size now 1000 MB
[2018.12.10-17.30.44:717][103]LogShaderCompilers: Display: Shaders left to compile 1380
[2018.12.10-17.30.44:717][103]LogShaderCompilers: Display: Shaders left to compile 1370
[2018.12.10-17.30.45:104][127]LogShaderCompilers: Display: Shaders left to compile 1360
[2018.12.10-17.30.45:249][136]LogShaderCompilers: Display: Shaders left to compile 1350
[2018.12.10-17.30.47:534][244]LogShaderCompilers: Display: Shaders left to compile 1340
[2018.12.10-17.30.47:590][244]LogShaderCompilers: Display: Shaders left to compile 1330
[2018.12.10-17.30.47:638][244]LogShaderCompilers: Display: Shaders left to compile 1320
[2018.12.10-17.30.47:750][244]LogShaderCompilers: Display: Shaders left to compile 1310
[2018.12.10-17.30.48:384][246]LogRenderer: Reallocating scene render targets to support 484x856 Format 2 NumSamples 1 (Frame:248).
[2018.12.10-17.30.49:916][341]LogShaderCompilers: Display: Shaders left to compile 1300
[2018.12.10-17.30.50:158][356]LogShaderCompilers: Display: Shaders left to compile 1290
[2018.12.10-17.30.50:384][370]LogShaderCompilers: Display: Shaders left to compile 1280
[2018.12.10-17.30.50:481][376]LogShaderCompilers: Display: Shaders left to compile 1270
[2018.12.10-17.30.51:222][421]LogSlate: FSceneViewport::OnFocusLost() reason 0
[2018.12.10-17.30.52:368][493]LogShaderCompilers: Display: Shaders left to compile 1260
[2018.12.10-17.30.52:610][508]LogShaderCompilers: Display: Shaders left to compile 1250
[2018.12.10-17.30.52:788][519]LogShaderCompilers: Display: Shaders left to compile 1240
[2018.12.10-17.30.52:980][531]LogShaderCompilers: Display: Shaders left to compile 1230
[2018.12.10-17.30.54:498][625]LogShaderCompilers: Display: Shaders left to compile 1220
[2018.12.10-17.30.55:014][657]LogShaderCompilers: Display: Shaders left to compile 1210
[2018.12.10-17.30.55:208][669]LogShaderCompilers: Display: Shaders left to compile 1200
[2018.12.10-17.30.55:611][694]LogShaderCompilers: Display: Shaders left to compile 1190
[2018.12.10-17.30.57:306][799]LogShaderCompilers: Display: Shaders left to compile 1180
[2018.12.10-17.30.57:749][815]LogShaderCompilers: Display: Shaders left to compile 1170
[2018.12.10-17.30.58:023][815]LogRenderer: Reallocating scene render targets to support 488x864 Format 2 NumSamples 1 (Frame:819).
[2018.12.10-17.30.58:065][815]LogRenderer: Reallocating scene render targets to support 512x908 Format 2 NumSamples 1 (Frame:820).
[2018.12.10-17.30.58:073][815]LogShaderCompilers: Display: Shaders left to compile 1160
[2018.12.10-17.30.58:103][815]LogRenderer: Reallocating scene render targets to support 528x932 Format 2 NumSamples 1 (Frame:821).
[2018.12.10-17.30.58:184][815]LogRenderer: Reallocating scene render targets to support 528x936 Format 2 NumSamples 1 (Frame:823).
[2018.12.10-17.30.58:227][815]LogRenderer: Reallocating scene render targets to support 536x952 Format 2 NumSamples 1 (Frame:824).
[2018.12.10-17.30.58:264][815]LogRenderer: Reallocating scene render targets to support 552x976 Format 2 NumSamples 1 (Frame:825).
[2018.12.10-17.30.58:305][815]LogRenderer: Reallocating scene render targets to support 556x988 Format 2 NumSamples 1 (Frame:826).
[2018.12.10-17.30.58:345][815]LogRenderer: Reallocating scene render targets to support 560x992 Format 2 NumSamples 1 (Frame:827).
[2018.12.10-17.30.58:518][815]LogShaderCompilers: Display: Shaders left to compile 1150
[2018.12.10-17.30.59:448][817]LogRenderer: Reallocating scene render targets to support 420x740 Format 2 NumSamples 1 (Frame:830).
[2018.12.10-17.30.59:817][840]LogShaderCompilers: Display: Shaders left to compile 1140
[2018.12.10-17.31.00:027][853]LogShaderCompilers: Display: Shaders left to compile 1130
[2018.12.10-17.31.00:043][854]LogShaderCompilers: Display: Shaders left to compile 1120
[2018.12.10-17.31.01:268][930]LogShaderCompilers: Display: Shaders left to compile 1110
[2018.12.10-17.31.02:171][985]LogSlate: FSceneViewport::OnFocusLost() reason 0
[2018.12.10-17.31.02:591][ 12]LogShaderCompilers: Display: Shaders left to compile 1100
[2018.12.10-17.31.02:786][ 24]LogShaderCompilers: Display: Shaders left to compile 1090
[2018.12.10-17.31.03:204][ 50]LogShaderCompilers: Display: Shaders left to compile 1080
[2018.12.10-17.31.04:043][102]LogShaderCompilers: Display: Shaders left to compile 1070
[2018.12.10-17.31.04:946][158]LogShaderCompilers: Display: Shaders left to compile 1060
[2018.12.10-17.31.05:043][164]LogShaderCompilers: Display: Shaders left to compile 1050
[2018.12.10-17.31.06:139][232]LogShaderCompilers: Display: Shaders left to compile 1040
[2018.12.10-17.31.07:124][293]LogShaderCompilers: Display: Shaders left to compile 1030
[2018.12.10-17.31.07:591][322]LogShaderCompilers: Display: Shaders left to compile 1020
[2018.12.10-17.31.07:607][323]LogShaderCompilers: Display: Shaders left to compile 1010
[2018.12.10-17.31.08:978][408]LogShaderCompilers: Display: Shaders left to compile 1000
[2018.12.10-17.31.09:527][442]LogShaderCompilers: Display: Shaders left to compile 990
[2018.12.10-17.31.10:253][487]LogShaderCompilers: Display: Shaders left to compile 980
[2018.12.10-17.31.10:269][488]LogShaderCompilers: Display: Shaders left to compile 970
[2018.12.10-17.31.11:495][564]LogShaderCompilers: Display: Shaders left to compile 960
[2018.12.10-17.31.12:044][598]LogShaderCompilers: Display: Shaders left to compile 950
[2018.12.10-17.31.12:527][628]LogShaderCompilers: Display: Shaders left to compile 940
[2018.12.10-17.31.12:624][634]LogShaderCompilers: Display: Shaders left to compile 930
[2018.12.10-17.31.13:995][719]LogShaderCompilers: Display: Shaders left to compile 920
[2018.12.10-17.31.14:721][764]LogShaderCompilers: Display: Shaders left to compile 910
[2018.12.10-17.31.15:383][805]LogShaderCompilers: Display: Shaders left to compile 900
[2018.12.10-17.31.15:415][807]LogShaderCompilers: Display: Shaders left to compile 890
[2018.12.10-17.31.16:834][895]LogShaderCompilers: Display: Shaders left to compile 880
[2018.12.10-17.31.17:173][916]LogShaderCompilers: Display: Shaders left to compile 870
[2018.12.10-17.31.17:350][927]LogShaderCompilers: Display: Shaders left to compile 860
[2018.12.10-17.31.18:205][980]LogShaderCompilers: Display: Shaders left to compile 850
[2018.12.10-17.31.19:656][ 70]LogShaderCompilers: Display: Shaders left to compile 840
[2018.12.10-17.31.19:688][ 71]LogSlate: FSceneViewport::OnFocusLost() reason 0
[2018.12.10-17.31.20:060][ 95]LogShaderCompilers: Display: Shaders left to compile 830
[2018.12.10-17.31.20:366][114]LogShaderCompilers: Display: Shaders left to compile 820
[2018.12.10-17.31.21:172][164]LogShaderCompilers: Display: Shaders left to compile 810
[2018.12.10-17.31.21:996][215]LogShaderCompilers: Display: Shaders left to compile 800
[2018.12.10-17.31.22:173][226]LogShaderCompilers: Display: Shaders left to compile 790
[2018.12.10-17.31.22:487][243]LogSlate: Window 'SibStory (64-bit Development PCD3D_ES2) ' being destroyed
[2018.12.10-17.31.22:488][243]LogWindowsTextInputMethodSystem: Display: IME system now deactivated.
[2018.12.10-17.31.22:490][243]LogSlate: Updating window title bar state: overlay mode, drag disabled, window buttons hidden, title bar hidden
[2018.12.10-17.31.22:490][243]LogEngine: All Windows Closed
[2018.12.10-17.31.22:490][243]LogWindows: FPlatformMisc::RequestExit(0)
[2018.12.10-17.31.23:408][244]LogShaderCompilers: Display: Shaders left to compile 780
[2018.12.10-17.31.23:410][244]LogExit: Preparing to exit.
[2018.12.10-17.31.23:410][244]LogMoviePlayer: Shutting down movie player
[2018.12.10-17.31.24:027][244]LogSlate: Updating window title bar state: overlay mode, drag disabled, window buttons hidden, title bar hidden
[2018.12.10-17.31.24:044][244]LogExit: Game engine shut down
[2018.12.10-17.31.24:284][244]LogShaderCompilers: Display: Shaders left to compile 770
[2018.12.10-17.31.24:284][244]LogShaderCompilers: Display: Shaders left to compile 760
[2018.12.10-17.31.24:284][244]LogExit: Object subsystem successfully closed.
[2018.12.10-17.31.24:311][244]LogShaderCompilers: Display: Shaders left to compile 0
[2018.12.10-17.31.24:313][244]LogD3D11RHI: Shutdown
[2018.12.10-17.31.24:313][244]LogD3D11RHI: CleanupD3DDevice
[2018.12.10-17.31.24:368][244]LogD3D11RHI: ~FD3D11DynamicRHI
[2018.12.10-17.31.24:377][244]LogModuleManager: Shutting down and abandoning module SequenceRecorderSections (380)
[2018.12.10-17.31.24:377][244]LogModuleManager: Shutting down and abandoning module SequenceRecorder (378)
[2018.12.10-17.31.24:377][244]LogModuleManager: Shutting down and abandoning module AutomationController (376)
[2018.12.10-17.31.24:377][244]LogModuleManager: Shutting down and abandoning module AutomationWorker (374)
[2018.12.10-17.31.24:377][244]LogModuleManager: Shutting down and abandoning module Voice (372)
[2018.12.10-17.31.24:377][244]LogModuleManager: Shutting down and abandoning module AIModule (370)
[2018.12.10-17.31.24:377][244]LogModuleManager: Shutting down and abandoning module AITestSuite (369)
[2018.12.10-17.31.24:377][244]LogModuleManager: Shutting down and abandoning module NavigationSystem (367)
[2018.12.10-17.31.24:377][244]LogModuleManager: Shutting down and abandoning module WmfMediaFactory (364)
[2018.12.10-17.31.24:377][244]LogModuleManager: Shutting down and abandoning module OpenExrWrapper (362)
[2018.12.10-17.31.24:377][244]LogModuleManager: Shutting down and abandoning module ImgMediaFactory (360)
[2018.12.10-17.31.24:377][244]LogModuleManager: Shutting down and abandoning module AvfMediaFactory (358)
[2018.12.10-17.31.24:377][244]LogModuleManager: Shutting down and abandoning module MagicLeapCameraPreviewFactory (356)
[2018.12.10-17.31.24:377][244]LogModuleManager: Shutting down and abandoning module MagicLeapMediaFactory (354)
[2018.12.10-17.31.24:377][244]LogModuleManager: Shutting down and abandoning module CharacterAI (352)
[2018.12.10-17.31.24:377][244]LogModuleManager: Shutting down and abandoning module SessionServices (350)
[2018.12.10-17.31.24:377][244]LogModuleManager: Shutting down and abandoning module MovieSceneCapture (348)
[2018.12.10-17.31.24:377][244]LogModuleManager: Shutting down and abandoning module MovieSceneTracks (346)
[2018.12.10-17.31.24:377][244]LogModuleManager: Shutting down and abandoning module MovieScene (344)
[2018.12.10-17.31.24:377][244]LogModuleManager: Shutting down and abandoning module StreamingPauseRendering (342)
[2018.12.10-17.31.24:377][244]LogModuleManager: Shutting down and abandoning module PortalServices (340)
[2018.12.10-17.31.24:377][244]LogModuleManager: Shutting down and abandoning module PortalRpc (338)
[2018.12.10-17.31.24:378][244]LogModuleManager: Shutting down and abandoning module MessagingRpc (336)
[2018.12.10-17.31.24:378][244]LogModuleManager: Shutting down and abandoning module ProfilerService (334)
[2018.12.10-17.31.24:450][244]LogModuleManager: Shutting down and abandoning module TaskGraph (332)
[2018.12.10-17.31.24:450][244]LogModuleManager: Shutting down and abandoning module SteamVRController (330)
[2018.12.10-17.31.24:450][244]LogModuleManager: Shutting down and abandoning module ProceduralMeshComponent (328)
[2018.12.10-17.31.24:450][244]LogModuleManager: Shutting down and abandoning module OculusInput (326)
[2018.12.10-17.31.24:450][244]LogModuleManager: Shutting down and abandoning module MobilePatchingUtils (324)
[2018.12.10-17.31.24:450][244]LogModuleManager: Shutting down and abandoning module EditableMesh (322)
[2018.12.10-17.31.24:450][244]LogModuleManager: Shutting down and abandoning module CustomMeshComponent (320)
[2018.12.10-17.31.24:450][244]LogModuleManager: Shutting down and abandoning module CableComponent (318)
[2018.12.10-17.31.24:450][244]LogModuleManager: Shutting down and abandoning module AudioCapture (316)
[2018.12.10-17.31.24:450][244]LogModuleManager: Shutting down and abandoning module ArchVisCharacter (314)
[2018.12.10-17.31.24:450][244]LogModuleManager: Shutting down and abandoning module AndroidPermission (312)
[2018.12.10-17.31.24:450][244]LogModuleManager: Shutting down and abandoning module NUTUnrealEngine4 (310)
[2018.12.10-17.31.24:450][244]LogModuleManager: Shutting down and abandoning module NetcodeUnitTest (308)
[2018.12.10-17.31.24:450][244]LogModuleManager: Shutting down and abandoning module MediaCompositing (306)
[2018.12.10-17.31.24:450][244]LogModuleManager: Shutting down and abandoning module LinearTimecode (304)
[2018.12.10-17.31.24:450][244]LogModuleManager: Shutting down and abandoning module ImgMedia (302)
[2018.12.10-17.31.24:452][244]LogModuleManager: Shutting down and abandoning module HTML5Networking (300)
[2018.12.10-17.31.24:452][244]LogModuleManager: Shutting down and abandoning module GeometryCacheTracks (298)
[2018.12.10-17.31.24:452][244]LogModuleManager: Shutting down and abandoning module GeometryCacheSequencer (297)
[2018.12.10-17.31.24:452][244]LogModuleManager: Shutting down and abandoning module GeometryCache (294)
[2018.12.10-17.31.24:452][244]LogModuleManager: Shutting down and abandoning module GeometryCacheEd (293)
[2018.12.10-17.31.24:452][244]LogModuleManager: Shutting down and abandoning module BackChannel (290)
[2018.12.10-17.31.24:452][244]LogModuleManager: Shutting down and abandoning module AppleVision (288)
[2018.12.10-17.31.24:452][244]LogModuleManager: Shutting down and abandoning module AppleImageUtils (286)
[2018.12.10-17.31.24:452][244]LogModuleManager: Shutting down and abandoning module DatasmithContent (284)
[2018.12.10-17.31.24:453][244]LogModuleManager: Shutting down and abandoning module CryptoKeysOpenSSL (282)
[2018.12.10-17.31.24:453][244]LogModuleManager: Shutting down and abandoning module CryptoKeys (280)
[2018.12.10-17.31.24:453][244]LogModuleManager: Shutting down and abandoning module VisualStudioSourceCodeAccess (278)
[2018.12.10-17.31.24:453][244]LogModuleManager: Shutting down and abandoning module HotReload (277)
[2018.12.10-17.31.24:453][244]LogModuleManager: Shutting down and abandoning module DirectoryWatcher (276)
[2018.12.10-17.31.24:453][244]LogModuleManager: Shutting down and abandoning module VisualStudioCodeSourceCodeAccess (272)
[2018.12.10-17.31.24:453][244]LogModuleManager: Shutting down and abandoning module UObjectPlugin (270)
[2018.12.10-17.31.24:453][244]LogModuleManager: Shutting down and abandoning module SubversionSourceControl (268)
[2018.12.10-17.31.24:453][244]LogModuleManager: Shutting down and abandoning module PerforceSourceControl (266)
[2018.12.10-17.31.24:453][244]LogModuleManager: Shutting down and abandoning module SourceControl (265)
[2018.12.10-17.31.24:453][244]LogModuleManager: Shutting down and abandoning module CLionSourceCodeAccess (262)
[2018.12.10-17.31.24:453][244]LogModuleManager: Shutting down and abandoning module RuntimePhysXCooking (260)
[2018.12.10-17.31.24:453][244]LogModuleManager: Shutting down and abandoning module PhysXVehiclesEditor (258)
[2018.12.10-17.31.24:453][244]LogModuleManager: Shutting down and abandoning module PhysXVehicles (256)
[2018.12.10-17.31.24:453][244]LogModuleManager: Shutting down and abandoning module LocationServicesBPLibrary (254)
[2018.12.10-17.31.24:453][244]LogModuleManager: Shutting down and abandoning module ImmediatePhysicsEditor (252)
[2018.12.10-17.31.24:453][244]LogModuleManager: Shutting down and abandoning module ImmediatePhysics (250)
[2018.12.10-17.31.24:453][244]LogModuleManager: Shutting down and abandoning module ActorSequence (248)
[2018.12.10-17.31.24:453][244]LogModuleManager: Shutting down and abandoning module UdpMessaging (246)
[2018.12.10-17.31.24:554][244]LogModuleManager: Shutting down and abandoning module TcpMessaging (244)
[2018.12.10-17.31.24:989][244]LogModuleManager: Shutting down and abandoning module DlgSystemEditor (242)
[2018.12.10-17.31.24:989][244]LogDlgSystemEditor: Verbose: Stopped DlgSystemEditorModule
[2018.12.10-17.31.24:989][244]LogModuleManager: Shutting down and abandoning module DlgSystem (240)
[2018.12.10-17.31.24:989][244]LogDlgSystem: Verbose: Stopped DlgSystemModule
[2018.12.10-17.31.24:989][244]LogModuleManager: Shutting down and abandoning module GameplayDebugger (239)
[2018.12.10-17.31.24:989][244]LogModuleManager: Shutting down and abandoning module MagicLeapAudio (236)
[2018.12.10-17.31.24:989][244]LogModuleManager: Shutting down and abandoning module GameplayTagsEditor (234)
[2018.12.10-17.31.24:989][244]LogModuleManager: Shutting down and abandoning module FacialAnimation (232)
[2018.12.10-17.31.24:989][244]LogModuleManager: Shutting down and abandoning module DataValidation (230)
[2018.12.10-17.31.24:989][244]LogModuleManager: Shutting down and abandoning module AssetManagerEditor (228)
[2018.12.10-17.31.24:989][244]LogModuleManager: Shutting down and abandoning module TreeMap (227)
[2018.12.10-17.31.24:990][244]LogModuleManager: Shutting down and abandoning module LightPropagationVolumeRuntime (224)
[2018.12.10-17.31.24:990][244]LogModuleManager: Shutting down and abandoning module AISupportModule (222)
[2018.12.10-17.31.24:990][244]LogModuleManager: Shutting down and abandoning module Paper2D (220)
[2018.12.10-17.31.24:990][244]LogModuleManager: Shutting down and abandoning module PIEPreviewDeviceProfileSelector (218)
[2018.12.10-17.31.24:990][244]LogModuleManager: Shutting down and abandoning module WindowsMoviePlayer (216)
[2018.12.10-17.31.24:990][244]LogModuleManager: Shutting down and abandoning module WmfMedia (214)
[2018.12.10-17.31.24:990][244]LogModuleManager: Shutting down and abandoning module Media (213)
[2018.12.10-17.31.24:996][244]LogModuleManager: Shutting down and abandoning module PacketHandler (210)
[2018.12.10-17.31.24:996][244]LogModuleManager: Shutting down and abandoning module ClothingSystemEditor (208)
[2018.12.10-17.31.24:996][244]LogModuleManager: Shutting down and abandoning module ClothingSystemRuntime (206)
[2018.12.10-17.31.24:996][244]LogModuleManager: Shutting down and abandoning module MediaAssets (204)
[2018.12.10-17.31.24:996][244]LogModuleManager: Shutting down and abandoning module Overlay (202)
[2018.12.10-17.31.24:996][244]LogModuleManager: Shutting down and abandoning module OverlayEditor (201)
[2018.12.10-17.31.24:996][244]LogModuleManager: Shutting down and abandoning module VREditor (198)
[2018.12.10-17.31.24:996][244]LogModuleManager: Shutting down and abandoning module StringTableEditor (196)
[2018.12.10-17.31.24:996][244]LogModuleManager: Shutting down and abandoning module GameplayTasksEditor (194)
[2018.12.10-17.31.24:996][244]LogModuleManager: Shutting down and abandoning module BehaviorTreeEditor (192)
[2018.12.10-17.31.24:996][244]LogModuleManager: Shutting down and abandoning module FunctionalTesting (190)
[2018.12.10-17.31.24:996][244]LogModuleManager: Shutting down and abandoning module CollisionAnalyzer (188)
[2018.12.10-17.31.24:996][244]LogModuleManager: Shutting down and abandoning module WorkspaceMenuStructure (187)
[2018.12.10-17.31.24:996][244]LogModuleManager: Shutting down and abandoning module UMG (184)
[2018.12.10-17.31.24:996][244]LogModuleManager: Shutting down and abandoning module UMGEditor (183)
[2018.12.10-17.31.24:996][244]LogModuleManager: Shutting down and abandoning module Sequencer (182)
[2018.12.10-17.31.24:997][244]LogModuleManager: Shutting down and abandoning module MessageLog (179)
[2018.12.10-17.31.24:997][244]LogModuleManager: Shutting down and abandoning module SlateReflector (174)
[2018.12.10-17.31.24:997][244]LogModuleManager: Shutting down and abandoning module Slate (172)
[2018.12.10-17.31.24:997][244]LogModuleManager: Shutting down and abandoning module EditorStyle (170)
[2018.12.10-17.31.24:998][244]LogModuleManager: Shutting down and abandoning module MRMesh (168)
[2018.12.10-17.31.24:998][244]LogModuleManager: Shutting down and abandoning module Messaging (166)
[2018.12.10-17.31.24:998][244]LogModuleManager: Shutting down and abandoning module SourceCodeAccess (164)
[2018.12.10-17.31.24:998][244]LogModuleManager: Shutting down and abandoning module HeadMountedDisplay (162)
[2018.12.10-17.31.24:998][244]LogModuleManager: Shutting down and abandoning module XAudio2 (160)
[2018.12.10-17.31.24:998][244]LogModuleManager: Shutting down and abandoning module Networking (158)
[2018.12.10-17.31.24:998][244]LogModuleManager: Shutting down and abandoning module Core (156)
[2018.12.10-17.31.24:998][244]LogModuleManager: Shutting down and abandoning module LevelSequence (154)
[2018.12.10-17.31.24:998][244]LogModuleManager: Shutting down and abandoning module KismetCompiler (152)
[2018.12.10-17.31.24:998][244]LogModuleManager: Shutting down and abandoning module MeshUtilities (150)
[2018.12.10-17.31.24:998][244]LogModuleManager: Shutting down and abandoning module MeshMergeUtilities (149)
[2018.12.10-17.31.24:998][244]LogModuleManager: Shutting down and abandoning module MeshReductionInterface (148)
[2018.12.10-17.31.24:998][244]LogModuleManager: Shutting down and abandoning module SimplygonSwarm (147)
[2018.12.10-17.31.24:998][244]LogModuleManager: Shutting down and abandoning module ProxyLODMeshReduction (145)
[2018.12.10-17.31.24:998][244]LogModuleManager: Shutting down and abandoning module SimplygonMeshReduction (143)
[2018.12.10-17.31.24:998][244]LogModuleManager: Shutting down and abandoning module QuadricMeshReduction (141)
[2018.12.10-17.31.24:998][244]LogModuleManager: Shutting down and abandoning module MaterialBaking (137)
[2018.12.10-17.31.24:998][244]LogModuleManager: Shutting down and abandoning module DerivedDataCache (132)
[2018.12.10-17.31.25:368][244]LogDerivedDataCache: Shutdown
[2018.12.10-17.31.25:368][244]LogModuleManager: Shutting down and abandoning module XGEController (130)
[2018.12.10-17.31.25:368][244]LogModuleManager: Shutting down and abandoning module TargetPlatform (128)
[2018.12.10-17.31.25:368][244]LogModuleManager: Shutting down and abandoning module VulkanShaderFormat (127)
[2018.12.10-17.31.25:368][244]LogModuleManager: Shutting down and abandoning module ShaderFormatVectorVM (125)
[2018.12.10-17.31.25:369][244]LogModuleManager: Shutting down and abandoning module ShaderFormatOpenGL (123)
[2018.12.10-17.31.25:369][244]LogModuleManager: Shutting down and abandoning module ShaderFormatD3D (121)
[2018.12.10-17.31.25:369][244]LogModuleManager: Shutting down and abandoning module MetalShaderFormat (119)
[2018.12.10-17.31.25:369][244]LogModuleManager: Shutting down and abandoning module TextureFormatUncompressed (117)
[2018.12.10-17.31.25:369][244]LogModuleManager: Shutting down and abandoning module TextureFormatPVR (115)
[2018.12.10-17.31.25:369][244]LogModuleManager: Shutting down and abandoning module TextureFormatDXT (113)
[2018.12.10-17.31.25:369][244]LogModuleManager: Shutting down and abandoning module TextureFormatIntelISPCTexComp (111)
[2018.12.10-17.31.25:369][244]LogModuleManager: Shutting down and abandoning module TextureFormatASTC (109)
[2018.12.10-17.31.25:369][244]LogModuleManager: Shutting down and abandoning module ImageWrapper (108)
[2018.12.10-17.31.25:369][244]LogModuleManager: Shutting down and abandoning module TextureFormatAndroid (105)
[2018.12.10-17.31.25:369][244]LogModuleManager: Shutting down and abandoning module AudioFormatOpus (103)
[2018.12.10-17.31.25:369][244]LogModuleManager: Shutting down and abandoning module AudioFormatOgg (101)
[2018.12.10-17.31.25:369][244]LogModuleManager: Shutting down and abandoning module AudioFormatADPCM (99)
[2018.12.10-17.31.25:369][244]LogModuleManager: Shutting down and abandoning module WindowsTargetPlatform (97)
[2018.12.10-17.31.25:369][244]LogModuleManager: Shutting down and abandoning module WindowsServerTargetPlatform (95)
[2018.12.10-17.31.25:369][244]LogModuleManager: Shutting down and abandoning module WindowsNoEditorTargetPlatform (93)
[2018.12.10-17.31.25:369][244]LogModuleManager: Shutting down and abandoning module WindowsClientTargetPlatform (91)
[2018.12.10-17.31.25:369][244]LogModuleManager: Shutting down and abandoning module InputCore (88)
[2018.12.10-17.31.25:369][244]LogModuleManager: Shutting down and abandoning module Settings (86)
[2018.12.10-17.31.25:369][244]LogModuleManager: Shutting down and abandoning module PhysXCooking (84)
[2018.12.10-17.31.25:369][244]LogModuleManager: Shutting down and abandoning module SteamVR (82)
[2018.12.10-17.31.25:369][244]LogModuleManager: Shutting down and abandoning module OculusHMD (80)
[2018.12.10-17.31.25:369][244]LogModuleManager: Shutting down and abandoning module ExampleDeviceProfileSelector (78)
[2018.12.10-17.31.25:369][244]LogModuleManager: Shutting down and abandoning module LauncherChunkInstaller (76)
[2018.12.10-17.31.25:369][244]LogModuleManager: Shutting down and abandoning module OnlineBlueprintSupport (74)
[2018.12.10-17.31.25:369][244]LogModuleManager: Shutting down and abandoning module OnlineSubsystem (70)
[2018.12.10-17.31.25:369][244]LogModuleManager: Shutting down and abandoning module XMPP (65)
[2018.12.10-17.31.25:369][244]LogModuleManager: Shutting down and abandoning module WebSockets (64)
[2018.12.10-17.31.25:381][244]LogModuleManager: Shutting down and abandoning module HTTP (61)
[2018.12.10-17.31.25:388][244]LogModuleManager: Shutting down and abandoning module SSL (60)
[2018.12.10-17.31.25:390][244]LogModuleManager: Shutting down and abandoning module MagicLeapEmulator (56)
[2018.12.10-17.31.25:390][244]LogModuleManager: Shutting down and abandoning module MagicLeapPrivileges (54)
[2018.12.10-17.31.25:390][244]LogModuleManager: Shutting down and abandoning module MagicLeapIdentity (52)
[2018.12.10-17.31.25:390][244]LogModuleManager: Shutting down and abandoning module MagicLeapHelperVulkan (50)
[2018.12.10-17.31.25:390][244]LogModuleManager: Shutting down and abandoning module MagicLeapHelperOpenGL (48)
[2018.12.10-17.31.25:390][244]LogModuleManager: Shutting down and abandoning module MagicLeapSecureStorage (46)
[2018.12.10-17.31.25:390][244]LogModuleManager: Shutting down and abandoning module MagicLeapGestures (44)
[2018.12.10-17.31.25:390][244]LogModuleManager: Shutting down and abandoning module MagicLeapEyeTracker (42)
[2018.12.10-17.31.25:390][244]LogModuleManager: Shutting down and abandoning module MagicLeapController (40)
[2018.12.10-17.31.25:390][244]LogSlate: Slate User Destroyed.  User Index 0, Is Virtual User: 0
[2018.12.10-17.31.25:390][244]LogModuleManager: Shutting down and abandoning module MagicLeap (38)
[2018.12.10-17.31.25:390][244]LogModuleManager: Shutting down and abandoning module AnimationModifiers (36)
[2018.12.10-17.31.25:390][244]LogModuleManager: Shutting down and abandoning module PropertyEditor (35)
[2018.12.10-17.31.25:390][244]LogModuleManager: Shutting down and abandoning module AudioEditor (32)
[2018.12.10-17.31.25:390][244]LogModuleManager: Shutting down and abandoning module TextureCompressor (30)
[2018.12.10-17.31.25:391][244]LogModuleManager: Shutting down and abandoning module ShaderCore (28)
[2018.12.10-17.31.25:391][244]LogModuleManager: Shutting down and abandoning module Landscape (26)
[2018.12.10-17.31.25:391][244]LogModuleManager: Shutting down and abandoning module SlateRHIRenderer (24)
[2018.12.10-17.31.25:391][244]LogModuleManager: Shutting down and abandoning module OpenGLDrv (22)
[2018.12.10-17.31.25:391][244]LogModuleManager: Shutting down and abandoning module D3D11RHI (20)
[2018.12.10-17.31.25:391][244]LogModuleManager: Shutting down and abandoning module AnimGraphRuntime (18)
[2018.12.10-17.31.25:391][244]LogModuleManager: Shutting down and abandoning module Renderer (16)
[2018.12.10-17.31.25:391][244]LogModuleManager: Shutting down and abandoning module Engine (14)
[2018.12.10-17.31.25:391][244]LogModuleManager: Shutting down and abandoning module CoreUObject (12)
[2018.12.10-17.31.25:391][244]LogModuleManager: Shutting down and abandoning module NetworkFile (10)
[2018.12.10-17.31.25:391][244]LogModuleManager: Shutting down and abandoning module CookedIterativeFile (8)
[2018.12.10-17.31.25:391][244]LogModuleManager: Shutting down and abandoning module StreamingFile (6)
[2018.12.10-17.31.25:391][244]LogModuleManager: Shutting down and abandoning module SandboxFile (4)
[2018.12.10-17.31.25:391][244]LogModuleManager: Shutting down and abandoning module PakFile (2)
[2018.12.10-17.31.25:395][244]LogExit: Exiting.
[2018.12.10-17.31.25:404][244]Log file closed, 12/11/18 00:31:25
