Log file open, 12/11/18 00:28:33
LogWindows: Failed to load 'aqProf.dll' (GetLastError=126)
LogWindows: File 'aqProf.dll' does not exist
LogWindows: Failed to load 'VSPerf140.dll' (GetLastError=126)
LogWindows: File 'VSPerf140.dll' does not exist
LogWindows: Failed to load 'VtuneApi.dll' (GetLastError=126)
LogWindows: File 'VtuneApi.dll' does not exist
LogWindows: Failed to load 'VtuneApi32e.dll' (GetLastError=126)
LogWindows: File 'VtuneApi32e.dll' does not exist
LogInit: Display: Running engine for game: SibStory
LogPlatformFile: Not using cached read wrapper
LogTaskGraph: Started task graph with 5 named threads and 23 total threads with 3 sets of task threads.
LogStats: Stats thread started at 0.350308
LogD3D11RHI: Loaded GFSDK_Aftermath_Lib.x64.dll
LogICUInternationalization: Display: ICU TimeZone Detection - Raw Offset: +7:00, Platform Override: ''
LogPluginManager: Mounting plugin Paper2D
LogPluginManager: Mounting plugin AISupport
LogPluginManager: Mounting plugin LightPropagationVolume
LogPluginManager: Mounting plugin CLionSourceCodeAccess
LogPluginManager: Mounting plugin CodeLiteSourceCodeAccess
LogPluginManager: Mounting plugin GitSourceControl
LogPluginManager: Mounting plugin KDevelopSourceCodeAccess
LogPluginManager: Mounting plugin NullSourceCodeAccess
LogPluginManager: Mounting plugin PerforceSourceControl
LogPluginManager: Mounting plugin SubversionSourceControl
LogPluginManager: Mounting plugin UObjectPlugin
LogPluginManager: Mounting plugin VisualStudioCodeSourceCodeAccess
LogPluginManager: Mounting plugin VisualStudioSourceCodeAccess
LogPluginManager: Mounting plugin XCodeSourceCodeAccess
LogPluginManager: Mounting plugin AssetManagerEditor
LogPluginManager: Mounting plugin CryptoKeys
LogPluginManager: Mounting plugin DataValidation
LogPluginManager: Mounting plugin FacialAnimation
LogPluginManager: Mounting plugin GameplayTagsEditor
LogPluginManager: Mounting plugin MacGraphicsSwitching
LogPluginManager: Mounting plugin MeshEditor
LogPluginManager: Mounting plugin MobileLauncherProfileWizard
LogPluginManager: Mounting plugin PluginBrowser
LogPluginManager: Mounting plugin SpeedTreeImporter
LogPluginManager: Mounting plugin DatasmithContent
LogPluginManager: Mounting plugin AlembicImporter
LogPluginManager: Mounting plugin AppleImageUtils
LogPluginManager: Mounting plugin AppleVision
LogPluginManager: Mounting plugin BackChannel
LogPluginManager: Mounting plugin CharacterAI
LogPluginManager: Mounting plugin GeometryCache
LogPluginManager: Mounting plugin HTML5Networking
LogPluginManager: Mounting plugin ProxyLODPlugin
LogPluginManager: Mounting plugin MagicLeap
LogPluginManager: Mounting plugin MagicLeapEmulator
LogPluginManager: Mounting plugin MagicLeapMedia
LogPluginManager: Mounting plugin DlgSystem
LogPluginManager: Mounting plugin AndroidMedia
LogPluginManager: Mounting plugin AvfMedia
LogPluginManager: Mounting plugin ImgMedia
LogPluginManager: Mounting plugin LinearTimecode
LogPluginManager: Mounting plugin MediaCompositing
LogPluginManager: Mounting plugin MediaPlayerEditor
LogPluginManager: Mounting plugin WmfMedia
LogPluginManager: Mounting plugin TcpMessaging
LogPluginManager: Mounting plugin UdpMessaging
LogPluginManager: Mounting plugin ActorSequence
LogPluginManager: Mounting plugin LevelSequenceEditor
LogPluginManager: Mounting plugin MatineeToLevelSequence
LogPluginManager: Mounting plugin NetcodeUnitTest
LogPluginManager: Mounting plugin NUTUnrealEngine4
LogPluginManager: Mounting plugin OnlineSubsystemGooglePlay
LogPluginManager: Mounting plugin OnlineSubsystemIOS
LogPluginManager: Mounting plugin OnlineSubsystem
LogPluginManager: Mounting plugin OnlineSubsystemNull
LogPluginManager: Mounting plugin OnlineSubsystemUtils
LogPluginManager: Mounting plugin LauncherChunkInstaller
LogPluginManager: Mounting plugin AndroidDeviceProfileSelector
LogPluginManager: Mounting plugin AndroidMoviePlayer
LogPluginManager: Mounting plugin AndroidPermission
LogPluginManager: Mounting plugin AppleMoviePlayer
LogPluginManager: Mounting plugin ArchVisCharacter
LogPluginManager: Mounting plugin AudioCapture
LogPluginManager: Mounting plugin CableComponent
LogPluginManager: Mounting plugin CustomMeshComponent
LogPluginManager: Mounting plugin EditableMesh
LogPluginManager: Mounting plugin ExampleDeviceProfileSelector
LogPluginManager: Mounting plugin GoogleCloudMessaging
LogPluginManager: Mounting plugin ImmediatePhysics
LogPluginManager: Mounting plugin IOSDeviceProfileSelector
LogPluginManager: Mounting plugin LinuxDeviceProfileSelector
LogPluginManager: Mounting plugin LocationServicesBPLibrary
LogPluginManager: Mounting plugin MobilePatchingUtils
LogPluginManager: Mounting plugin OculusVR
LogPluginManager: Plugin shader directory ../../../Engine/Plugins/Runtime/Oculus/OculusVR/Shaders found
LogPluginManager: Mapping shader source directory ../../../Engine/Plugins/Runtime/Oculus/OculusVR/Shaders to virtual directory /Plugin/OculusVR
LogPluginManager: Mounting plugin PhysXVehicles
LogPluginManager: Mounting plugin ProceduralMeshComponent
LogPluginManager: Mounting plugin RuntimePhysXCooking
LogPluginManager: Mounting plugin SteamVR
LogPluginManager: Mounting plugin WindowsMoviePlayer
LogStreaming: Display: Took  0.185s to configure plugins.
LogInit: Using libcurl 7.55.1-DEV
LogInit:  - built for x86_64-pc-win32
LogInit:  - supports SSL with OpenSSL/1.0.2h
LogInit:  - supports HTTP deflate (compression) using libz 1.2.8
LogInit:  - other features:
LogInit:      CURL_VERSION_SSL
LogInit:      CURL_VERSION_LIBZ
LogInit:      CURL_VERSION_IPV6
LogInit:      CURL_VERSION_ASYNCHDNS
LogInit:      CURL_VERSION_LARGEFILE
LogInit:      CURL_VERSION_IDN
LogInit:  CurlRequestOptions (configurable via config and command line):
LogInit:  - bVerifyPeer = false  - Libcurl will NOT verify peer certificate
LogInit:  - bUseHttpProxy = false  - Libcurl will NOT use HTTP proxy
LogInit:  - bDontReuseConnections = false  - Libcurl will reuse connections
LogInit:  - CertBundlePath = nullptr  - Libcurl will use whatever was configured at build time.
LogInit:  - MaxHostConnections = 16  - Libcurl will limit the number of connections to a host
LogInit:  - LocalHostAddr = Default
LogInit:  - BufferSize = 65536
LogInit: WinSock: version 1.1 (2.2), MaxSocks=32767, MaxUdp=65467
LogInit: Build: ++UE4+Release-4.20-CL-4369336
LogInit: Engine Version: 4.20.3-4369336+++UE4+Release-4.20
LogInit: Compatible Engine Version: 4.20.0-4212847+++UE4+Release-4.20
LogInit: Net CL: 4212847
LogInit: OS: Windows 10 (), CPU:         Intel(R) Core(TM) i7-2600 CPU @ 3.40GHz, GPU: NVIDIA GeForce GTX 550 Ti
LogInit: Compiled (64-bit): Sep 17 2018 12:26:19
LogInit: Compiled with Visual C++: 19.13.26129.00
LogInit: Build Configuration: Development
LogInit: Branch Name: ++UE4+Release-4.20
LogInit: Command Line:  /Game/Maps/MainLevel -game -PIEVIACONSOLE -ResX=750 -ResY=1334  -Multiprocess -messaging -SessionName="Play in Standalone Game" -featureleveles2 -faketouches -windowed -ForceRes 
LogInit: Base Directory: D:/Program Files (x86)/Epic Games/UE_4.20/Engine/Binaries/Win64/
LogInit: Installed Engine Build: 1
LogDevObjectVersion: Number of dev versions registered: 20
LogDevObjectVersion:   Dev-Blueprints (B0D832E4-1F89-4F0D-ACCF-7EB736FD4AA2): 10
LogDevObjectVersion:   Dev-Build (E1C64328-A22C-4D53-A36C-8E866417BD8C): 0
LogDevObjectVersion:   Dev-Core (375EC13C-06E4-48FB-B500-84F0262A717E): 2
LogDevObjectVersion:   Dev-Editor (E4B068ED-F494-42E9-A231-DA0B2E46BB41): 24
LogDevObjectVersion:   Dev-Framework (CFFC743F-43B0-4480-9391-14DF171D2073): 34
LogDevObjectVersion:   Dev-Mobile (B02B49B5-BB20-44E9-A304-32B752E40360): 2
LogDevObjectVersion:   Dev-Networking (A4E4105C-59A1-49B5-A7C5-40C4547EDFEE): 0
LogDevObjectVersion:   Dev-Online (39C831C9-5AE6-47DC-9A44-9C173E1C8E7C): 0
LogDevObjectVersion:   Dev-Physics (78F01B33-EBEA-4F98-B9B4-84EACCB95AA2): 0
LogDevObjectVersion:   Dev-Platform (6631380F-2D4D-43E0-8009-CF276956A95A): 0
LogDevObjectVersion:   Dev-Rendering (12F88B9F-8875-4AFC-A67C-D90C383ABD29): 26
LogDevObjectVersion:   Dev-Sequencer (7B5AE74C-D270-4C10-A958-57980B212A5A): 9
LogDevObjectVersion:   Dev-VR (D7296918-1DD6-4BDD-9DE2-64A83CC13884): 2
LogDevObjectVersion:   Dev-LoadTimes (C2A15278-BFE7-4AFE-6C17-90FF531DF755): 1
LogDevObjectVersion:   Private-Geometry (6EACA3D4-40EC-4CC1-B786-8BED09428FC5): 3
LogDevObjectVersion:   Dev-AnimPhys (29E575DD-E0A3-4627-9D10-D276232CDCEA): 17
LogDevObjectVersion:   Dev-ReflectionCapture (6B266CEC-1EC7-4B8F-A30B-E4D90942FC07): 1
LogDevObjectVersion:   Dev-Automation (0DF73D61-A23F-47EA-B727-89E90C41499A): 1
LogDevObjectVersion:   FortniteMain (601D1886-AC64-4F84-AA16-D3DE0DEAC7D6): 12
LogDevObjectVersion:   Dev-Enterprise (9DFFBCD6-494F-0158-E221-12823C92A888): 1
LogStreaming: Display: Took  0.000s to delete old logs.
LogInit: Presizing for max 8388607 objects, including 0 objects not considered by GC, pre-allocating 0 bytes for permanent pool.
LogInit: Object subsystem initialized
[2018.12.10-17.28.34:721][  0]LogInit: Selected Device Profile: [Windows]
[2018.12.10-17.28.34:721][  0]LogInit: Applying CVar settings loaded from the selected device profile: [Windows]
[2018.12.10-17.28.34:791][  0]LogHAL: Display: Platform has ~ 16 GB [17162153984 / 17179869184 / 16], which maps to Larger [LargestMinGB=32, LargerMinGB=12, DefaultMinGB=8, SmallerMinGB=6, SmallestMinGB=0)
[2018.12.10-17.28.34:791][  0]LogInit: Setting Device Profile CVar: [[r.Vulkan.UseRealUBs:1]]
[2018.12.10-17.28.34:791][  0]LogInit: Going up to parent DeviceProfile []
[2018.12.10-17.28.34:802][  0]LogInit: Computer: DESKTOP-7BC9OFJ
[2018.12.10-17.28.34:802][  0]LogInit: User: kalav
[2018.12.10-17.28.34:802][  0]LogInit: CPU Page size=4096, Cores=4
[2018.12.10-17.28.34:802][  0]LogInit: High frequency timer resolution =3.312791 MHz
[2018.12.10-17.28.34:803][  0]LogMemory: Memory total: Physical=16.0GB (16GB approx)
[2018.12.10-17.28.34:803][  0]LogMemory: Platform Memory Stats for Windows
[2018.12.10-17.28.34:803][  0]LogMemory: Process Physical Memory: 101.05 MB used, 101.05 MB peak
[2018.12.10-17.28.34:803][  0]LogMemory: Process Virtual Memory: 89.25 MB used, 89.25 MB peak
[2018.12.10-17.28.34:803][  0]LogMemory: Physical Memory: 6481.96 MB used,  9885.14 MB free, 16367.11 MB total
[2018.12.10-17.28.34:803][  0]LogMemory: Virtual Memory: 4643.33 MB used,  9885.14 MB free, 134217728.00 MB total
[2018.12.10-17.28.34:995][  0]LogInit: Using OS detected language (ru-RU).
[2018.12.10-17.28.34:995][  0]LogInit: Using OS detected locale (ru-RU).
[2018.12.10-17.28.34:995][  0]LogTextLocalizationManager: No specific localization for 'ru-RU' exists, so the 'ru' localization will be used.
[2018.12.10-17.28.35:091][  0]LogStreaming: Display: Took  0.096s to InitEngineTextLocalization.
[2018.12.10-17.28.35:274][  0]LogSlate: New Slate User Created.  User Index 0, Is Virtual User: 0
[2018.12.10-17.28.35:274][  0]LogSlate: Slate User Registered.  User Index 0, Is Virtual User: 0
[2018.12.10-17.28.35:286][  0]LogHMD: Failed to initialize OpenVR with code 110
[2018.12.10-17.28.35:286][  0]LogD3D11RHI: D3D11 adapters:
[2018.12.10-17.28.35:337][  0]LogD3D11RHI:    0. 'NVIDIA GeForce GTX 550 Ti' (Feature Level 11_0)
[2018.12.10-17.28.35:338][  0]LogD3D11RHI:       977/0/8183 MB DedicatedVideo/DedicatedSystem/SharedSystem, Outputs:2, VendorId:0x10de
[2018.12.10-17.28.35:341][  0]LogD3D11RHI:    1. 'Microsoft Basic Render Driver' (Feature Level 11_0)
[2018.12.10-17.28.35:341][  0]LogD3D11RHI:       0/0/8183 MB DedicatedVideo/DedicatedSystem/SharedSystem, Outputs:0, VendorId:0x1414
[2018.12.10-17.28.35:341][  0]LogD3D11RHI: Chosen D3D11 Adapter: 0
[2018.12.10-17.28.35:364][  0]LogD3D11RHI: Creating new Direct3DDevice
[2018.12.10-17.28.35:364][  0]LogD3D11RHI:     GPU DeviceId: 0x1244 (for the marketing name, search the web for "GPU Device Id")
[2018.12.10-17.28.35:364][  0]LogWindows: EnumDisplayDevices:
[2018.12.10-17.28.35:364][  0]LogWindows:    0. 'NVIDIA GeForce GTX 550 Ti' (P:0 D:1)
[2018.12.10-17.28.35:364][  0]LogWindows:    1. 'NVIDIA GeForce GTX 550 Ti' (P:1 D:1)
[2018.12.10-17.28.35:365][  0]LogWindows: DebugString: FoundDriverCount:2 
[2018.12.10-17.28.35:365][  0]LogD3D11RHI:     Adapter Name: NVIDIA GeForce GTX 550 Ti
[2018.12.10-17.28.35:365][  0]LogD3D11RHI:   Driver Version: 388.13 (internal:23.21.13.8813, unified:388.13)
[2018.12.10-17.28.35:365][  0]LogD3D11RHI:      Driver Date: 10-27-2017
[2018.12.10-17.28.35:365][  0]LogRHI: Texture pool is 683 MB (70% of 977 MB)
[2018.12.10-17.28.35:401][  0]LogD3D11RHI: Display: Timestamp queries are currently disabled on this hardware due to instability. Realtime GPU stats will not be available. You can override this behaviour by setting r.NVIDIATimestampWorkaround to 0
[2018.12.10-17.28.35:401][  0]LogD3D11RHI: Async texture creation enabled
[2018.12.10-17.28.35:412][  0]LogD3D11RHI: GPU Timing Frequency: 1000.000000 (Debug: 2 1)
[2018.12.10-17.28.35:460][  0]LogShaderCompilers: Guid format shader working directory is -18 characters bigger than the processId version (../../../../../../Users/kalav/Documents/Unreal Projects/SibStory/Intermediate/Shaders/WorkingDirectory/9032/).
[2018.12.10-17.28.35:461][  0]LogShaderCompilers: Cleaned the shader compiler working directory 'C:/Users/kalav/AppData/Local/Temp/UnrealShaderWorkingDir/C21BC0B445D35CB32CF53EB8327E4EFC/'.
[2018.12.10-17.28.36:105][  0]LogTemp: Display: Loaded TP WindowsClientTargetPlatform
[2018.12.10-17.28.36:127][  0]LogTemp: Display: Loaded TP WindowsNoEditorTargetPlatform
[2018.12.10-17.28.36:144][  0]LogTemp: Display: Loaded TP WindowsServerTargetPlatform
[2018.12.10-17.28.36:169][  0]LogTemp: Display: Loaded TP WindowsTargetPlatform
[2018.12.10-17.28.36:169][  0]LogTargetPlatformManager: Display: Building Assets For Windows
[2018.12.10-17.28.36:672][  0]LogXGEController: Cannot use XGE Controller as Incredibuild is not installed on this machine.
[2018.12.10-17.28.36:672][  0]LogShaderCompilers: Cannot use XGE Shader Compiler as Incredibuild is not installed on this machine.
[2018.12.10-17.28.36:672][  0]LogShaderCompilers: Display: Using Local Shader Compiler.
[2018.12.10-17.28.39:360][  0]LogDerivedDataCache: Display: Max Cache Size: 512 MB
[2018.12.10-17.28.39:735][  0]LogDerivedDataCache: Loaded boot cache 0.38s 71MB C:/Users/kalav/AppData/Local/UnrealEngine/4.20/DerivedDataCache/Boot.ddc.
[2018.12.10-17.28.39:736][  0]LogDerivedDataCache: Display: Loaded Boot cache: C:/Users/kalav/AppData/Local/UnrealEngine/4.20/DerivedDataCache/Boot.ddc
[2018.12.10-17.28.39:736][  0]LogDerivedDataCache: FDerivedDataBackendGraph:  Pak pak cache file ../../../../../../Users/kalav/Documents/Unreal Projects/SibStory/DerivedDataCache/DDC.ddp not found, will not use a pak cache.
[2018.12.10-17.28.39:736][  0]LogDerivedDataCache: Unable to find inner node Pak for hierarchical cache Hierarchy.
[2018.12.10-17.28.39:736][  0]LogDerivedDataCache: FDerivedDataBackendGraph:  CompressedPak pak cache file ../../../../../../Users/kalav/Documents/Unreal Projects/SibStory/DerivedDataCache/Compressed.ddp not found, will not use a pak cache.
[2018.12.10-17.28.39:736][  0]LogDerivedDataCache: Unable to find inner node CompressedPak for hierarchical cache Hierarchy.
[2018.12.10-17.28.39:790][  0]LogDerivedDataCache: Display: Pak cache opened for reading ../../../Engine/DerivedDataCache/Compressed.ddp.
[2018.12.10-17.28.39:803][  0]LogDerivedDataCache: Using Local data cache path C:/Users/kalav/AppData/Local/UnrealEngine/Common/DerivedDataCache: Writable
[2018.12.10-17.28.39:803][  0]LogDerivedDataCache: Shared data cache path not found in *engine.ini, will not use an Shared cache.
[2018.12.10-17.28.39:803][  0]LogDerivedDataCache: Unable to find inner node Shared for hierarchical cache Hierarchy.
[2018.12.10-17.28.39:822][  0]LogMaterial: Verifying Global Shaders for PCD3D_ES2
[2018.12.10-17.28.39:838][  0]LogSlate: Using FreeType 2.6.0
[2018.12.10-17.28.39:862][  0]LogSlate: SlateFontServices - WITH_FREETYPE: 1, WITH_HARFBUZZ: 1
[2018.12.10-17.28.40:212][  0]LogInit: Using OS detected language (ru-RU).
[2018.12.10-17.28.40:212][  0]LogInit: Using OS detected locale (ru-RU).
[2018.12.10-17.28.40:212][  0]LogTextLocalizationManager: No localization for 'ru-RU' exists, so 'en' will be used for the language.
[2018.12.10-17.28.40:212][  0]LogTextLocalizationManager: No localization for 'ru-RU' exists, so 'en' will be used for the locale.
[2018.12.10-17.28.41:257][  0]LogStreaming: Display: Took  1.045s to InitGameTextLocalization.
[2018.12.10-17.28.41:300][  0]LogAssetRegistry: FAssetRegistry took 0.0111 seconds to start up
[2018.12.10-17.28.41:625][  0]LogPackageLocalizationCache: Processed 12 localized package path(s) for 1 prioritized culture(s) in 0.021411 seconds
[2018.12.10-17.28.41:741][  0]LogInit: Selected Device Profile: [Windows]
[2018.12.10-17.28.42:148][  0]LogSimplygon: Simplygon DLL not present - disabling.
[2018.12.10-17.28.42:201][  0]LogMeshReduction: Using SimplygonSwarm for distributed automatic mesh merging
[2018.12.10-17.28.42:201][  0]LogMeshReduction: Using ProxyLODMeshReduction for automatic mesh merging
[2018.12.10-17.28.42:202][  0]LogMeshReduction: Using QuadricMeshReduction for automatic static mesh reduction
[2018.12.10-17.28.42:202][  0]LogMeshReduction: No automatic skeletal mesh reduction module available
[2018.12.10-17.28.42:231][  0]LogNetVersion: SibStory 1.0.0, NetCL: 4212847, EngineNetVer: 5, GameNetVer: 0 (Checksum: 24283779)
[2018.12.10-17.28.43:709][  0]LogMoviePlayer: Initializing movie player
[2018.12.10-17.28.44:201][  0]LogDlgSystem: Verbose: Creating new DlgGuid = `72FE50C4479544F7159A0F83F5A1CDC9` for Dialogue = `/Script/DlgSystem.Default__DlgDialogue` because of new created Dialogue.
[2018.12.10-17.28.44:202][  0]LogDlgSystem: Verbose: Started DlgSystemModule
[2018.12.10-17.28.44:295][  0]LogDlgSystemEditor: Verbose: Started DlgSystemEditorModule
[2018.12.10-17.28.44:503][  0]LogTcpMessaging: Initializing TcpMessaging bridge
[2018.12.10-17.28.44:530][  0]LogUdpMessaging: Initializing bridge on interface 0.0.0.0:0 to multicast group 230.0.0.1:6666.
[2018.12.10-17.28.44:779][  0]SourceControl: Source control is disabled
[2018.12.10-17.28.44:779][  0]SourceControl: Source control is disabled
[2018.12.10-17.28.44:796][  0]SourceControl: Source control is disabled
[2018.12.10-17.28.45:241][  0]LogAndroidPermission: UAndroidPermissionCallbackProxy::GetInstance
[2018.12.10-17.28.45:444][  0]LogOcInput: OculusInput pre-init called
[2018.12.10-17.28.45:464][  0]LogUObjectArray: 42930 objects as part of root set at end of initial load.
[2018.12.10-17.28.45:464][  0]LogUObjectAllocator: 7573032 out of 0 bytes used by permanent object pool.
[2018.12.10-17.28.45:464][  0]LogUObjectArray: CloseDisregardForGC: 0/0 objects in disregard for GC pool
[2018.12.10-17.28.45:765][  0]LogEngine: Initializing Engine...
[2018.12.10-17.28.45:766][  0]LogHMD: Failed to initialize OpenVR with code 110
[2018.12.10-17.28.45:779][  0]LogStats: UGameplayTagsManager::ConstructGameplayTagTree: ImportINI prefixes -  0.000 s
[2018.12.10-17.28.45:779][  0]LogStats: UGameplayTagsManager::ConstructGameplayTagTree: Construct from data asset -  0.000 s
[2018.12.10-17.28.45:780][  0]LogStats: UGameplayTagsManager::ConstructGameplayTagTree: ImportINI -  0.000 s
[2018.12.10-17.28.45:780][  0]LogStats: UGameplayTagsManager::ConstructGameplayTagTree: GameplayTagTreeChangedEvent.Broadcast -  0.000 s
[2018.12.10-17.28.45:824][  0]LogMaterial: Display: Missing cached shader map for material LevelColorationUnlitMaterial, compiling. Is special engine material.
[2018.12.10-17.28.46:171][  0]LogMaterial: Display: Missing cached shader map for material MAT_LevelColorationLitLightmapUV, compiling. Is special engine material.
[2018.12.10-17.28.46:525][  0]LogShaderCompilers: Display: Shaders left to compile 80
[2018.12.10-17.28.46:525][  0]LogShaderCompilers: Display: Shaders left to compile 70
[2018.12.10-17.28.46:525][  0]LogShaderCompilers: Display: Shaders left to compile 60
[2018.12.10-17.28.46:525][  0]LogShaderCompilers: Display: Shaders left to compile 50
[2018.12.10-17.28.46:525][  0]LogShaderCompilers: Display: Shaders left to compile 40
[2018.12.10-17.28.46:525][  0]LogMaterial: Display: Missing cached shader map for material ShadedLevelColorationLitMaterial, compiling. Is special engine material.
[2018.12.10-17.28.46:819][  0]LogMaterial: Display: Missing cached shader map for material ShadedLevelColorationUnlitMateri, compiling. Is special engine material.
[2018.12.10-17.28.46:865][  0]LogMaterial: Display: Missing cached shader map for material VertexColorViewMode_ColorOnly, compiling. 
[2018.12.10-17.28.46:885][  0]LogMaterial: Display: Missing cached shader map for material VertexColorViewMode_RedOnly, compiling. 
[2018.12.10-17.28.46:914][  0]LogMaterial: Display: Missing cached shader map for material RemoveSurfaceMaterial, compiling. 
[2018.12.10-17.28.46:919][  0]LogMaterial: Display: Missing cached shader map for material DebugMeshMaterial, compiling. 
[2018.12.10-17.28.47:015][  0]LogMaterial: Display: Missing cached shader map for material M_InvalidLightmapSettings, compiling. 
[2018.12.10-17.28.47:082][  0]LogMaterial: Display: Missing cached shader map for material PhAT_JointLimitMaterial, compiling. 
[2018.12.10-17.28.47:148][  0]LogInit: Initializing FReadOnlyCVARCache
[2018.12.10-17.28.47:174][  0]LogInit: XAudio2 using 'Динамики (Realtek High Definition Audio)' : 2 channels at 48 kHz using 32 bits per sample (channel mask 0x3)
[2018.12.10-17.28.47:198][  0]LogInit: FAudioDevice initialized.
[2018.12.10-17.28.47:231][  0]LogNetVersion: Set ProjectVersion to 0.0.1p. Version Checksum will be recalculated on next use.
[2018.12.10-17.28.47:241][  0]LogInit: Texture streaming: Enabled
[2018.12.10-17.28.47:245][  0]LogMaterial: Display: Missing cached shader map for material BaseColor, compiling. 
[2018.12.10-17.28.47:251][  0]LogMaterial: Display: Missing cached shader map for material CustomDepth, compiling. 
[2018.12.10-17.28.47:268][  0]LogMaterial: Display: Missing cached shader map for material CustomStencil, compiling. 
[2018.12.10-17.28.47:274][  0]LogMaterial: Display: Missing cached shader map for material FinalImage, compiling. 
[2018.12.10-17.28.47:279][  0]LogMaterial: Display: Missing cached shader map for material LightingModel, compiling. 
[2018.12.10-17.28.47:285][  0]LogMaterial: Display: Missing cached shader map for material MaterialAO, compiling. 
[2018.12.10-17.28.47:290][  0]LogMaterial: Display: Missing cached shader map for material Metallic, compiling. 
[2018.12.10-17.28.47:296][  0]LogMaterial: Display: Missing cached shader map for material Opacity, compiling. 
[2018.12.10-17.28.47:301][  0]LogMaterial: Display: Missing cached shader map for material Roughness, compiling. 
[2018.12.10-17.28.47:307][  0]LogMaterial: Display: Missing cached shader map for material SceneColor, compiling. 
[2018.12.10-17.28.47:312][  0]LogMaterial: Display: Missing cached shader map for material SceneDepth, compiling. 
[2018.12.10-17.28.47:319][  0]LogMaterial: Display: Missing cached shader map for material SeparateTranslucencyRGB, compiling. 
[2018.12.10-17.28.47:324][  0]LogMaterial: Display: Missing cached shader map for material SeparateTranslucencyA, compiling. 
[2018.12.10-17.28.47:330][  0]LogMaterial: Display: Missing cached shader map for material Specular, compiling. 
[2018.12.10-17.28.47:346][  0]LogMaterial: Display: Missing cached shader map for material WorldNormal, compiling. 
[2018.12.10-17.28.47:376][  0]LogMaterial: Display: Missing cached shader map for material SceneDepthWorldUnits, compiling. 
[2018.12.10-17.28.47:381][  0]LogMaterial: Display: Missing cached shader map for material PreTonemapHDRColor, compiling. 
[2018.12.10-17.28.47:387][  0]LogMaterial: Display: Missing cached shader map for material PostTonemapHDRColor, compiling. 
[2018.12.10-17.28.47:585][  0]LogSlate: Updating window title bar state: overlay mode, drag disabled, window buttons hidden, title bar hidden
[2018.12.10-17.28.47:585][  0]LogInit: Display: Game Engine Initialized.
[2018.12.10-17.28.47:585][  0]LogGameplayTags: Display: UGameplayTagsManager::DoneAddingNativeTags. DelegateIsBound: 0
[2018.12.10-17.28.47:585][  0]LogStats: UGameplayTagsManager::ConstructGameplayTagTree: ImportINI prefixes -  0.000 s
[2018.12.10-17.28.47:585][  0]LogStats: UGameplayTagsManager::ConstructGameplayTagTree: Construct from data asset -  0.000 s
[2018.12.10-17.28.47:586][  0]LogStats: UGameplayTagsManager::ConstructGameplayTagTree: ImportINI -  0.000 s
[2018.12.10-17.28.47:586][  0]LogStats: UGameplayTagsManager::ConstructGameplayTagTree: GameplayTagTreeChangedEvent.Broadcast -  0.000 s
[2018.12.10-17.28.47:586][  0]LogDlgSystemEditor: Verbose: DlgSystemEditorModule::HandleOnPostEngineInit
[2018.12.10-17.28.54:760][  0]LogShaderCompilers: Display: Shaders left to compile 1460
[2018.12.10-17.28.54:760][  0]LogShaderCompilers: Display: Shaders left to compile 1450
[2018.12.10-17.28.54:760][  0]LogShaderCompilers: Display: Shaders left to compile 1440
[2018.12.10-17.28.54:760][  0]LogShaderCompilers: Display: Shaders left to compile 1430
[2018.12.10-17.28.54:760][  0]LogShaderCompilers: Display: Shaders left to compile 1420
[2018.12.10-17.28.54:760][  0]LogShaderCompilers: Display: Shaders left to compile 1410
[2018.12.10-17.28.54:760][  0]LogShaderCompilers: Display: Shaders left to compile 1400
[2018.12.10-17.28.54:760][  0]LogShaderCompilers: Display: Shaders left to compile 1390
[2018.12.10-17.28.54:760][  0]LogShaderCompilers: Display: Shaders left to compile 1380
[2018.12.10-17.28.54:760][  0]LogShaderCompilers: Display: Shaders left to compile 1370
[2018.12.10-17.28.54:760][  0]LogDlgSystem: Verbose: Creating graph for Dialogue = `/Game/Blueprints/Dialogue/TestDialogue.TestDialogue`
[2018.12.10-17.28.54:760][  0]LogDlgSystem: Verbose: Creating new DlgGuid = `58BA13124A1A097D6268D3A98529829A` for Dialogue = `/Game/Blueprints/Dialogue/TestDialogue.TestDialogue` because of new created Dialogue.
[2018.12.10-17.28.54:775][  0]LogDlgSystem: Verbose: Creating graph for Dialogue = `/Game/tutor/Content/DialogueSystem/TestDlgDialogue.TestDlgDialogue`
[2018.12.10-17.28.54:775][  0]LogDlgSystem: Verbose: Creating new DlgGuid = `9DAC3E1649323A2455FD9A8BA601A3D6` for Dialogue = `/Game/tutor/Content/DialogueSystem/TestDlgDialogue.TestDlgDialogue` because of new created Dialogue.
[2018.12.10-17.28.54:781][  0]LogDlgSystem: Verbose: Creating graph for Dialogue = `/DlgSystem/TestDialogue.TestDialogue`
[2018.12.10-17.28.54:781][  0]LogDlgSystem: Verbose: Creating new DlgGuid = `3CE01D6D4C7D802730DBFE80AF296D19` for Dialogue = `/DlgSystem/TestDialogue.TestDialogue` because of new created Dialogue.
[2018.12.10-17.28.54:783][  0]LogDlgSystem: Refreshing data for Dialogue = `/DlgSystem/TestDialogue.TestDialogue`
[2018.12.10-17.28.54:783][  0]LogDlgSystemEditor: Verbose: UDlgManager::LoadAllDialoguesIntoMemory loaded 0 Dialogues into Memory
[2018.12.10-17.28.54:869][  0]LogInit: Display: Starting Game.
[2018.12.10-17.28.54:880][  0]LogNet: Browse: /Game/Maps/MainLevel?Name=Player
[2018.12.10-17.28.54:908][  0]LogDlgSystem: Verbose: PreLoadMap = /Game/Maps/MainLevel. Clearing Dialogue History
[2018.12.10-17.28.54:933][  0]LogLoad: LoadMap: /Game/Maps/MainLevel?Name=Player
[2018.12.10-17.28.55:092][  0]LogDlgSystem: Verbose: Creating graph for Dialogue = `/Game/Blueprints/Dialogue/TestDialogue.TestDialogue`
[2018.12.10-17.28.55:093][  0]LogDlgSystem: Verbose: Creating new DlgGuid = `54D09E384E0D2148CAA32C91C3C8EB46` for Dialogue = `/Game/Blueprints/Dialogue/TestDialogue.TestDialogue` because of new created Dialogue.
[2018.12.10-17.28.55:192][  0]LogShaderCompilers: Display: Shaders left to compile 1360
[2018.12.10-17.28.55:247][  0]LogShaderCompilers: Display: Shaders left to compile 1350
[2018.12.10-17.28.55:247][  0]LogAIModule: Creating AISystem for world MainLevel
[2018.12.10-17.28.55:247][  0]LogLoad: Game class is 'GameModeBase'
[2018.12.10-17.28.55:394][  0]LogWorld: Bringing World /Game/Maps/MainLevel.MainLevel up for play (max tick rate 0) at 2018.12.11-00.28.55
[2018.12.10-17.28.55:394][  0]LogWorld: Bringing up level for play took: 0.002393
[2018.12.10-17.28.55:395][  0]LogGameMode: FindPlayerStart: PATHS NOT DEFINED or NO PLAYERSTART with positive rating
[2018.12.10-17.28.55:607][  0]LogLoad: Took 0.672907 seconds to LoadMap(/Game/Maps/MainLevel)
[2018.12.10-17.28.55:625][  0]LogShaderCompilers: Display: Shaders left to compile 1340
[2018.12.10-17.28.55:847][  0]LogRenderer: Reallocating scene render targets to support 752x1336 Format 2 NumSamples 1 (Frame:1).
[2018.12.10-17.28.55:847][  0]LogLoad: (Engine Initialization) Total time: 31.71 seconds
[2018.12.10-17.28.55:847][  0]LogLoad: (Engine Initialization) Total Blueprint compile time: 0.00 seconds
[2018.12.10-17.28.55:865][  0]LogWindowsTextInputMethodSystem: Display: IME system now deactivated.
[2018.12.10-17.28.55:870][  0]LogContentStreaming: Texture pool size now 1000 MB
[2018.12.10-17.28.57:081][ 76]LogShaderCompilers: Display: Shaders left to compile 1330
[2018.12.10-17.28.57:694][114]LogShaderCompilers: Display: Shaders left to compile 1320
[2018.12.10-17.28.57:710][115]LogShaderCompilers: Display: Shaders left to compile 1310
[2018.12.10-17.28.58:519][163]LogSlate: FSceneViewport::OnFocusLost() reason 0
[2018.12.10-17.28.58:554][167]LogShaderCompilers: Display: Shaders left to compile 1300
[2018.12.10-17.28.59:882][249]LogShaderCompilers: Display: Shaders left to compile 1290
[2018.12.10-17.28.59:931][252]LogShaderCompilers: Display: Shaders left to compile 1280
[2018.12.10-17.29.00:237][271]LogShaderCompilers: Display: Shaders left to compile 1270
[2018.12.10-17.29.01:141][325]LogShaderCompilers: Display: Shaders left to compile 1260
[2018.12.10-17.29.02:076][383]LogShaderCompilers: Display: Shaders left to compile 1250
[2018.12.10-17.29.02:270][395]LogShaderCompilers: Display: Shaders left to compile 1240
[2018.12.10-17.29.02:674][420]LogShaderCompilers: Display: Shaders left to compile 1230
[2018.12.10-17.29.03:689][483]LogShaderCompilers: Display: Shaders left to compile 1220
[2018.12.10-17.29.04:189][514]LogShaderCompilers: Display: Shaders left to compile 1210
[2018.12.10-17.29.04:625][541]LogShaderCompilers: Display: Shaders left to compile 1200
[2018.12.10-17.29.04:997][564]LogShaderCompilers: Display: Shaders left to compile 1190
[2018.12.10-17.29.06:367][649]LogShaderCompilers: Display: Shaders left to compile 1180
[2018.12.10-17.29.06:738][672]LogShaderCompilers: Display: Shaders left to compile 1170
[2018.12.10-17.29.07:399][713]LogShaderCompilers: Display: Shaders left to compile 1160
[2018.12.10-17.29.07:609][726]LogShaderCompilers: Display: Shaders left to compile 1150
[2018.12.10-17.29.09:045][815]LogShaderCompilers: Display: Shaders left to compile 1140
[2018.12.10-17.29.09:093][818]LogShaderCompilers: Display: Shaders left to compile 1130
[2018.12.10-17.29.09:093][818]LogShaderCompilers: Display: Shaders left to compile 1120
[2018.12.10-17.29.10:431][901]LogShaderCompilers: Display: Shaders left to compile 1110
[2018.12.10-17.29.11:787][985]LogShaderCompilers: Display: Shaders left to compile 1100
[2018.12.10-17.29.11:835][988]LogShaderCompilers: Display: Shaders left to compile 1090
[2018.12.10-17.29.12:287][ 16]LogShaderCompilers: Display: Shaders left to compile 1080
[2018.12.10-17.29.13:335][ 81]LogShaderCompilers: Display: Shaders left to compile 1070
[2018.12.10-17.29.13:983][117]LogRenderer: Reallocating scene render targets to support 1680x1336 Format 2 NumSamples 1 (Frame:1118).
[2018.12.10-17.29.13:983][117]LogRenderer: Reallocating scene render targets to support 1680x1052 Format 2 NumSamples 1 (Frame:1119).
[2018.12.10-17.29.14:065][123]LogShaderCompilers: Display: Shaders left to compile 1060
[2018.12.10-17.29.14:178][130]LogShaderCompilers: Display: Shaders left to compile 1050
[2018.12.10-17.29.15:258][197]LogShaderCompilers: Display: Shaders left to compile 1040
[2018.12.10-17.29.16:420][269]LogShaderCompilers: Display: Shaders left to compile 1030
[2018.12.10-17.29.16:695][286]LogShaderCompilers: Display: Shaders left to compile 1020
[2018.12.10-17.29.16:695][286]LogShaderCompilers: Display: Shaders left to compile 1010
[2018.12.10-17.29.17:196][314]LogRenderer: Reallocating scene render targets to support 1680x1336 Format 2 NumSamples 1 (Frame:1316).
[2018.12.10-17.29.17:196][314]LogRenderer: Reallocating scene render targets to support 752x1336 Format 2 NumSamples 1 (Frame:1317).
[2018.12.10-17.29.17:996][362]LogRenderer: Reallocating scene render targets to support 1680x1336 Format 2 NumSamples 1 (Frame:1365).
[2018.12.10-17.29.17:996][362]LogRenderer: Reallocating scene render targets to support 1680x1052 Format 2 NumSamples 1 (Frame:1366).
[2018.12.10-17.29.18:159][373]LogShaderCompilers: Display: Shaders left to compile 1000
[2018.12.10-17.29.18:626][402]LogShaderCompilers: Display: Shaders left to compile 990
[2018.12.10-17.29.19:351][446]LogSlate: FSceneViewport::OnFocusLost() reason 0
[2018.12.10-17.29.19:368][448]LogShaderCompilers: Display: Shaders left to compile 980
[2018.12.10-17.29.19:546][459]LogShaderCompilers: Display: Shaders left to compile 970
[2018.12.10-17.29.20:675][529]LogShaderCompilers: Display: Shaders left to compile 960
[2018.12.10-17.29.21:305][568]LogShaderCompilers: Display: Shaders left to compile 950
[2018.12.10-17.29.21:643][589]LogShaderCompilers: Display: Shaders left to compile 940
[2018.12.10-17.29.21:740][595]LogShaderCompilers: Display: Shaders left to compile 930
[2018.12.10-17.29.23:208][686]LogShaderCompilers: Display: Shaders left to compile 920
[2018.12.10-17.29.24:047][738]LogShaderCompilers: Display: Shaders left to compile 910
[2018.12.10-17.29.24:677][777]LogShaderCompilers: Display: Shaders left to compile 900
[2018.12.10-17.29.24:694][778]LogShaderCompilers: Display: Shaders left to compile 890
[2018.12.10-17.29.26:440][886]LogShaderCompilers: Display: Shaders left to compile 880
[2018.12.10-17.29.26:859][912]LogShaderCompilers: Display: Shaders left to compile 870
[2018.12.10-17.29.26:891][914]LogShaderCompilers: Display: Shaders left to compile 860
[2018.12.10-17.29.27:724][963]LogShaderCompilers: Display: Shaders left to compile 850
[2018.12.10-17.29.27:744][964]LogRenderer: Reallocating scene render targets to support 1680x1336 Format 2 NumSamples 1 (Frame:1968).
[2018.12.10-17.29.27:744][964]LogRenderer: Reallocating scene render targets to support 752x1336 Format 2 NumSamples 1 (Frame:1969).
[2018.12.10-17.29.29:294][ 61]LogShaderCompilers: Display: Shaders left to compile 840
[2018.12.10-17.29.29:617][ 81]LogShaderCompilers: Display: Shaders left to compile 830
[2018.12.10-17.29.29:737][ 85]Set new viewmode: Lit
[2018.12.10-17.29.30:030][103]LogShaderCompilers: Display: Shaders left to compile 820
[2018.12.10-17.29.30:041][103]LogSlate: Window 'SibStory (64-bit Development PCD3D_ES2) ' being destroyed
[2018.12.10-17.29.30:041][103]LogWindowsTextInputMethodSystem: Display: IME system now deactivated.
[2018.12.10-17.29.30:044][103]LogSlate: Updating window title bar state: overlay mode, drag disabled, window buttons hidden, title bar hidden
[2018.12.10-17.29.30:044][103]LogEngine: All Windows Closed
[2018.12.10-17.29.30:056][103]LogWindows: FPlatformMisc::RequestExit(0)
[2018.12.10-17.29.30:786][104]LogShaderCompilers: Display: Shaders left to compile 810
[2018.12.10-17.29.30:800][104]LogExit: Preparing to exit.
[2018.12.10-17.29.30:818][104]LogMoviePlayer: Shutting down movie player
[2018.12.10-17.29.31:831][104]LogShaderCompilers: Display: Shaders left to compile 800
[2018.12.10-17.29.31:851][104]LogSlate: Updating window title bar state: overlay mode, drag disabled, window buttons hidden, title bar hidden
[2018.12.10-17.29.31:991][104]LogExit: Game engine shut down
[2018.12.10-17.29.33:287][104]LogShaderCompilers: Display: Shaders left to compile 790
[2018.12.10-17.29.33:287][104]LogShaderCompilers: Display: Shaders left to compile 780
[2018.12.10-17.29.33:287][104]LogExit: Object subsystem successfully closed.
[2018.12.10-17.29.33:448][104]LogShaderCompilers: Display: Shaders left to compile 0
[2018.12.10-17.29.33:473][104]LogD3D11RHI: Shutdown
[2018.12.10-17.29.33:474][104]LogD3D11RHI: CleanupD3DDevice
[2018.12.10-17.29.33:611][104]LogD3D11RHI: ~FD3D11DynamicRHI
[2018.12.10-17.29.34:169][104]LogModuleManager: Shutting down and abandoning module SequenceRecorderSections (380)
[2018.12.10-17.29.34:169][104]LogModuleManager: Shutting down and abandoning module SequenceRecorder (378)
[2018.12.10-17.29.34:177][104]LogModuleManager: Shutting down and abandoning module AutomationController (376)
[2018.12.10-17.29.34:190][104]LogModuleManager: Shutting down and abandoning module AutomationWorker (374)
[2018.12.10-17.29.34:190][104]LogModuleManager: Shutting down and abandoning module Voice (372)
[2018.12.10-17.29.34:196][104]LogModuleManager: Shutting down and abandoning module AIModule (370)
[2018.12.10-17.29.34:205][104]LogModuleManager: Shutting down and abandoning module AITestSuite (369)
[2018.12.10-17.29.34:216][104]LogModuleManager: Shutting down and abandoning module NavigationSystem (367)
[2018.12.10-17.29.34:216][104]LogModuleManager: Shutting down and abandoning module WmfMediaFactory (364)
[2018.12.10-17.29.34:216][104]LogModuleManager: Shutting down and abandoning module OpenExrWrapper (362)
[2018.12.10-17.29.34:216][104]LogModuleManager: Shutting down and abandoning module ImgMediaFactory (360)
[2018.12.10-17.29.34:217][104]LogModuleManager: Shutting down and abandoning module AvfMediaFactory (358)
[2018.12.10-17.29.34:217][104]LogModuleManager: Shutting down and abandoning module MagicLeapCameraPreviewFactory (356)
[2018.12.10-17.29.34:217][104]LogModuleManager: Shutting down and abandoning module MagicLeapMediaFactory (354)
[2018.12.10-17.29.34:217][104]LogModuleManager: Shutting down and abandoning module CharacterAI (352)
[2018.12.10-17.29.34:217][104]LogModuleManager: Shutting down and abandoning module SessionServices (350)
[2018.12.10-17.29.34:217][104]LogModuleManager: Shutting down and abandoning module MovieSceneCapture (348)
[2018.12.10-17.29.34:217][104]LogModuleManager: Shutting down and abandoning module MovieSceneTracks (346)
[2018.12.10-17.29.34:217][104]LogModuleManager: Shutting down and abandoning module MovieScene (344)
[2018.12.10-17.29.34:217][104]LogModuleManager: Shutting down and abandoning module StreamingPauseRendering (342)
[2018.12.10-17.29.34:226][104]LogModuleManager: Shutting down and abandoning module PortalServices (340)
[2018.12.10-17.29.34:226][104]LogModuleManager: Shutting down and abandoning module PortalRpc (338)
[2018.12.10-17.29.34:226][104]LogModuleManager: Shutting down and abandoning module MessagingRpc (336)
[2018.12.10-17.29.34:226][104]LogModuleManager: Shutting down and abandoning module ProfilerService (334)
[2018.12.10-17.29.34:339][104]LogModuleManager: Shutting down and abandoning module TaskGraph (332)
[2018.12.10-17.29.34:363][104]LogModuleManager: Shutting down and abandoning module SteamVRController (330)
[2018.12.10-17.29.34:363][104]LogModuleManager: Shutting down and abandoning module ProceduralMeshComponent (328)
[2018.12.10-17.29.34:366][104]LogModuleManager: Shutting down and abandoning module OculusInput (326)
[2018.12.10-17.29.34:366][104]LogModuleManager: Shutting down and abandoning module MobilePatchingUtils (324)
[2018.12.10-17.29.34:366][104]LogModuleManager: Shutting down and abandoning module EditableMesh (322)
[2018.12.10-17.29.34:377][104]LogModuleManager: Shutting down and abandoning module CustomMeshComponent (320)
[2018.12.10-17.29.34:378][104]LogModuleManager: Shutting down and abandoning module CableComponent (318)
[2018.12.10-17.29.34:378][104]LogModuleManager: Shutting down and abandoning module AudioCapture (316)
[2018.12.10-17.29.34:378][104]LogModuleManager: Shutting down and abandoning module ArchVisCharacter (314)
[2018.12.10-17.29.34:378][104]LogModuleManager: Shutting down and abandoning module AndroidPermission (312)
[2018.12.10-17.29.34:378][104]LogModuleManager: Shutting down and abandoning module NUTUnrealEngine4 (310)
[2018.12.10-17.29.34:378][104]LogModuleManager: Shutting down and abandoning module NetcodeUnitTest (308)
[2018.12.10-17.29.34:402][104]LogModuleManager: Shutting down and abandoning module MediaCompositing (306)
[2018.12.10-17.29.34:402][104]LogModuleManager: Shutting down and abandoning module LinearTimecode (304)
[2018.12.10-17.29.34:402][104]LogModuleManager: Shutting down and abandoning module ImgMedia (302)
[2018.12.10-17.29.34:409][104]LogModuleManager: Shutting down and abandoning module HTML5Networking (300)
[2018.12.10-17.29.34:409][104]LogModuleManager: Shutting down and abandoning module GeometryCacheTracks (298)
[2018.12.10-17.29.34:409][104]LogModuleManager: Shutting down and abandoning module GeometryCacheSequencer (297)
[2018.12.10-17.29.34:409][104]LogModuleManager: Shutting down and abandoning module GeometryCache (294)
[2018.12.10-17.29.34:409][104]LogModuleManager: Shutting down and abandoning module GeometryCacheEd (293)
[2018.12.10-17.29.34:409][104]LogModuleManager: Shutting down and abandoning module BackChannel (290)
[2018.12.10-17.29.34:416][104]LogModuleManager: Shutting down and abandoning module AppleVision (288)
[2018.12.10-17.29.34:416][104]LogModuleManager: Shutting down and abandoning module AppleImageUtils (286)
[2018.12.10-17.29.34:416][104]LogModuleManager: Shutting down and abandoning module DatasmithContent (284)
[2018.12.10-17.29.34:417][104]LogModuleManager: Shutting down and abandoning module CryptoKeysOpenSSL (282)
[2018.12.10-17.29.34:426][104]LogModuleManager: Shutting down and abandoning module CryptoKeys (280)
[2018.12.10-17.29.34:426][104]LogModuleManager: Shutting down and abandoning module VisualStudioSourceCodeAccess (278)
[2018.12.10-17.29.34:426][104]LogModuleManager: Shutting down and abandoning module HotReload (277)
[2018.12.10-17.29.34:431][104]LogModuleManager: Shutting down and abandoning module DirectoryWatcher (276)
[2018.12.10-17.29.34:431][104]LogModuleManager: Shutting down and abandoning module VisualStudioCodeSourceCodeAccess (272)
[2018.12.10-17.29.34:431][104]LogModuleManager: Shutting down and abandoning module UObjectPlugin (270)
[2018.12.10-17.29.34:431][104]LogModuleManager: Shutting down and abandoning module SubversionSourceControl (268)
[2018.12.10-17.29.34:447][104]LogModuleManager: Shutting down and abandoning module PerforceSourceControl (266)
[2018.12.10-17.29.34:465][104]LogModuleManager: Shutting down and abandoning module SourceControl (265)
[2018.12.10-17.29.34:473][104]LogModuleManager: Shutting down and abandoning module CLionSourceCodeAccess (262)
[2018.12.10-17.29.34:473][104]LogModuleManager: Shutting down and abandoning module RuntimePhysXCooking (260)
[2018.12.10-17.29.34:473][104]LogModuleManager: Shutting down and abandoning module PhysXVehiclesEditor (258)
[2018.12.10-17.29.34:473][104]LogModuleManager: Shutting down and abandoning module PhysXVehicles (256)
[2018.12.10-17.29.34:473][104]LogModuleManager: Shutting down and abandoning module LocationServicesBPLibrary (254)
[2018.12.10-17.29.34:473][104]LogModuleManager: Shutting down and abandoning module ImmediatePhysicsEditor (252)
[2018.12.10-17.29.34:473][104]LogModuleManager: Shutting down and abandoning module ImmediatePhysics (250)
[2018.12.10-17.29.34:488][104]LogModuleManager: Shutting down and abandoning module ActorSequence (248)
[2018.12.10-17.29.34:488][104]LogModuleManager: Shutting down and abandoning module UdpMessaging (246)
[2018.12.10-17.29.34:589][104]LogModuleManager: Shutting down and abandoning module TcpMessaging (244)
[2018.12.10-17.29.34:699][104]LogModuleManager: Shutting down and abandoning module DlgSystemEditor (242)
[2018.12.10-17.29.34:719][104]LogDlgSystemEditor: Verbose: Stopped DlgSystemEditorModule
[2018.12.10-17.29.34:719][104]LogModuleManager: Shutting down and abandoning module DlgSystem (240)
[2018.12.10-17.29.34:719][104]LogDlgSystem: Verbose: Stopped DlgSystemModule
[2018.12.10-17.29.34:719][104]LogModuleManager: Shutting down and abandoning module GameplayDebugger (239)
[2018.12.10-17.29.34:738][104]LogModuleManager: Shutting down and abandoning module MagicLeapAudio (236)
[2018.12.10-17.29.34:738][104]LogModuleManager: Shutting down and abandoning module GameplayTagsEditor (234)
[2018.12.10-17.29.34:761][104]LogModuleManager: Shutting down and abandoning module FacialAnimation (232)
[2018.12.10-17.29.34:761][104]LogModuleManager: Shutting down and abandoning module DataValidation (230)
[2018.12.10-17.29.34:762][104]LogModuleManager: Shutting down and abandoning module AssetManagerEditor (228)
[2018.12.10-17.29.34:778][104]LogModuleManager: Shutting down and abandoning module TreeMap (227)
[2018.12.10-17.29.34:786][104]LogModuleManager: Shutting down and abandoning module LightPropagationVolumeRuntime (224)
[2018.12.10-17.29.34:786][104]LogModuleManager: Shutting down and abandoning module AISupportModule (222)
[2018.12.10-17.29.34:786][104]LogModuleManager: Shutting down and abandoning module Paper2D (220)
[2018.12.10-17.29.34:794][104]LogModuleManager: Shutting down and abandoning module PIEPreviewDeviceProfileSelector (218)
[2018.12.10-17.29.34:803][104]LogModuleManager: Shutting down and abandoning module WindowsMoviePlayer (216)
[2018.12.10-17.29.34:814][104]LogModuleManager: Shutting down and abandoning module WmfMedia (214)
[2018.12.10-17.29.34:820][104]LogModuleManager: Shutting down and abandoning module Media (213)
[2018.12.10-17.29.34:826][104]LogModuleManager: Shutting down and abandoning module PacketHandler (210)
[2018.12.10-17.29.34:826][104]LogModuleManager: Shutting down and abandoning module ClothingSystemEditor (208)
[2018.12.10-17.29.34:826][104]LogModuleManager: Shutting down and abandoning module ClothingSystemRuntime (206)
[2018.12.10-17.29.34:837][104]LogModuleManager: Shutting down and abandoning module MediaAssets (204)
[2018.12.10-17.29.34:837][104]LogModuleManager: Shutting down and abandoning module Overlay (202)
[2018.12.10-17.29.34:837][104]LogModuleManager: Shutting down and abandoning module OverlayEditor (201)
[2018.12.10-17.29.34:837][104]LogModuleManager: Shutting down and abandoning module VREditor (198)
[2018.12.10-17.29.34:842][104]LogModuleManager: Shutting down and abandoning module StringTableEditor (196)
[2018.12.10-17.29.34:849][104]LogModuleManager: Shutting down and abandoning module GameplayTasksEditor (194)
[2018.12.10-17.29.34:849][104]LogModuleManager: Shutting down and abandoning module BehaviorTreeEditor (192)
[2018.12.10-17.29.34:914][104]LogModuleManager: Shutting down and abandoning module FunctionalTesting (190)
[2018.12.10-17.29.34:930][104]LogModuleManager: Shutting down and abandoning module CollisionAnalyzer (188)
[2018.12.10-17.29.34:950][104]LogModuleManager: Shutting down and abandoning module WorkspaceMenuStructure (187)
[2018.12.10-17.29.34:950][104]LogModuleManager: Shutting down and abandoning module UMG (184)
[2018.12.10-17.29.34:950][104]LogModuleManager: Shutting down and abandoning module UMGEditor (183)
